
############################ carina - 08/16/20 09:40:01 EST ############################

2020/08/16 09:40:01 autossh[5979]: checking for grace period, tries = 0
2020/08/16 09:40:01 autossh[5979]: starting ssh (count 1)
2020/08/16 09:40:01 autossh[5979]: ssh child pid is 5980
2020/08/16 09:40:01 autossh[5979]: check on child 5980
2020/08/16 09:40:01 autossh[5979]: set alarm for 600 secs
2020/08/16 09:40:01 autossh[5980]: execing /usr/bin/ssh

############################ carina - 08/16/20 09:45:01 EST ############################

2020/08/16 09:45:01 autossh[6139]: bind on 127.0.0.1:61001: Address already in use

############################ carina - 08/16/20 09:50:01 EST ############################

2020/08/16 09:50:02 autossh[6244]: bind on 127.0.0.1:61001: Address already in use
2020/08/16 09:50:16 autossh[5979]: timeout polling to accept read connection
2020/08/16 09:50:16 autossh[5979]: port down, restarting ssh
2020/08/16 09:50:16 autossh[5979]: checking for grace period, tries = 0
2020/08/16 09:50:16 autossh[5979]: starting ssh (count 2)
2020/08/16 09:50:16 autossh[5979]: ssh child pid is 6250
2020/08/16 09:50:16 autossh[5979]: check on child 6250
2020/08/16 09:50:16 autossh[5979]: set alarm for 600 secs
2020/08/16 09:50:16 autossh[6250]: execing /usr/bin/ssh

############################ carina - 08/16/20 09:55:01 EST ############################

2020/08/16 09:55:01 autossh[6271]: bind on 127.0.0.1:61001: Address already in use

############################ carina - 08/16/20 10:00:01 EST ############################

2020/08/16 10:00:01 autossh[6303]: bind on 127.0.0.1:61001: Address already in use
2020/08/16 10:00:31 autossh[5979]: timeout polling to accept read connection
2020/08/16 10:00:31 autossh[5979]: port down, restarting ssh
2020/08/16 10:00:31 autossh[5979]: checking for grace period, tries = 0
2020/08/16 10:00:31 autossh[5979]: starting ssh (count 3)
2020/08/16 10:00:31 autossh[5979]: ssh child pid is 6311
2020/08/16 10:00:31 autossh[5979]: check on child 6311
2020/08/16 10:00:31 autossh[5979]: set alarm for 600 secs
2020/08/16 10:00:31 autossh[6311]: execing /usr/bin/ssh

############################ carina - 08/16/20 10:05:01 EST ############################

2020/08/16 10:05:01 autossh[6332]: bind on 127.0.0.1:61001: Address already in use

############################ carina - 08/16/20 10:10:01 EST ############################

2020/08/16 10:10:01 autossh[6357]: bind on 127.0.0.1:61001: Address already in use
2020/08/16 10:10:46 autossh[5979]: timeout polling to accept read connection
2020/08/16 10:10:46 autossh[5979]: port down, restarting ssh
2020/08/16 10:10:46 autossh[5979]: checking for grace period, tries = 0
2020/08/16 10:10:46 autossh[5979]: starting ssh (count 4)
2020/08/16 10:10:46 autossh[5979]: ssh child pid is 6363
2020/08/16 10:10:46 autossh[5979]: check on child 6363
2020/08/16 10:10:46 autossh[5979]: set alarm for 600 secs
2020/08/16 10:10:46 autossh[6363]: execing /usr/bin/ssh

############################ carina - 08/16/20 10:15:01 EST ############################

2020/08/16 10:15:01 autossh[6384]: bind on 127.0.0.1:61001: Address already in use

############################ carina - 08/16/20 10:20:01 EST ############################

2020/08/16 10:20:01 autossh[6412]: bind on 127.0.0.1:61001: Address already in use
2020/08/16 10:21:01 autossh[5979]: timeout polling to accept read connection
2020/08/16 10:21:01 autossh[5979]: port down, restarting ssh
2020/08/16 10:21:01 autossh[5979]: checking for grace period, tries = 0
2020/08/16 10:21:01 autossh[5979]: starting ssh (count 5)
2020/08/16 10:21:01 autossh[5979]: ssh child pid is 6422
2020/08/16 10:21:01 autossh[5979]: check on child 6422
2020/08/16 10:21:01 autossh[5979]: set alarm for 600 secs
2020/08/16 10:21:01 autossh[6422]: execing /usr/bin/ssh

############################ carina - 08/16/20 10:25:01 EST ############################

2020/08/16 10:25:01 autossh[6446]: bind on 127.0.0.1:61001: Address already in use

############################ carina - 08/16/20 10:30:01 EST ############################

2020/08/16 10:30:01 autossh[6472]: bind on 127.0.0.1:61001: Address already in use
2020/08/16 10:31:16 autossh[5979]: timeout polling to accept read connection
2020/08/16 10:31:16 autossh[5979]: port down, restarting ssh
2020/08/16 10:31:16 autossh[5979]: checking for grace period, tries = 0
2020/08/16 10:31:16 autossh[5979]: starting ssh (count 6)
2020/08/16 10:31:16 autossh[5979]: ssh child pid is 6482
2020/08/16 10:31:16 autossh[5979]: check on child 6482
2020/08/16 10:31:16 autossh[5979]: set alarm for 600 secs
2020/08/16 10:31:16 autossh[6482]: execing /usr/bin/ssh

############################ carina - 08/16/20 10:35:01 EST ############################

2020/08/16 10:35:01 autossh[6498]: bind on 127.0.0.1:61001: Address already in use

############################ carina - 08/16/20 10:40:01 EST ############################

2020/08/16 10:40:01 autossh[6523]: bind on 127.0.0.1:61001: Address already in use
2020/08/16 10:41:31 autossh[5979]: timeout polling to accept read connection
2020/08/16 10:41:31 autossh[5979]: port down, restarting ssh
2020/08/16 10:41:31 autossh[5979]: checking for grace period, tries = 0
2020/08/16 10:41:31 autossh[5979]: starting ssh (count 7)
2020/08/16 10:41:31 autossh[5979]: ssh child pid is 6534
2020/08/16 10:41:31 autossh[5979]: check on child 6534
2020/08/16 10:41:31 autossh[5979]: set alarm for 600 secs
2020/08/16 10:41:31 autossh[6534]: execing /usr/bin/ssh

############################ carina - 08/16/20 10:45:01 EST ############################

2020/08/16 10:45:01 autossh[6549]: bind on 127.0.0.1:61001: Address already in use

############################ carina - 08/16/20 10:50:01 EST ############################

2020/08/16 10:50:01 autossh[6573]: bind on 127.0.0.1:61001: Address already in use
2020/08/16 10:51:46 autossh[5979]: timeout polling to accept read connection
2020/08/16 10:51:46 autossh[5979]: port down, restarting ssh
2020/08/16 10:51:46 autossh[5979]: checking for grace period, tries = 0
2020/08/16 10:51:46 autossh[5979]: starting ssh (count 8)
2020/08/16 10:51:46 autossh[5979]: ssh child pid is 6585
2020/08/16 10:51:46 autossh[5979]: check on child 6585
2020/08/16 10:51:46 autossh[5979]: set alarm for 600 secs
2020/08/16 10:51:46 autossh[6585]: execing /usr/bin/ssh

############################ carina - 08/16/20 10:55:01 EST ############################

2020/08/16 10:55:01 autossh[6598]: bind on 127.0.0.1:61001: Address already in use

############################ carina - 08/16/20 11:00:01 EST ############################

2020/08/16 11:00:01 autossh[6622]: bind on 127.0.0.1:61001: Address already in use
2020/08/16 11:02:01 autossh[5979]: timeout polling to accept read connection
2020/08/16 11:02:01 autossh[5979]: port down, restarting ssh
2020/08/16 11:02:01 autossh[5979]: checking for grace period, tries = 0
2020/08/16 11:02:01 autossh[5979]: starting ssh (count 9)
2020/08/16 11:02:01 autossh[5979]: ssh child pid is 6634
2020/08/16 11:02:01 autossh[5979]: check on child 6634
2020/08/16 11:02:01 autossh[5979]: set alarm for 600 secs
2020/08/16 11:02:01 autossh[6634]: execing /usr/bin/ssh

############################ carina - 08/16/20 11:05:01 EST ############################

2020/08/16 11:05:01 autossh[6782]: bind on 127.0.0.1:61001: Address already in use

############################ carina - 08/16/20 11:10:01 EST ############################

2020/08/16 11:10:01 autossh[6809]: bind on 127.0.0.1:61001: Address already in use
2020/08/16 11:12:16 autossh[5979]: timeout polling to accept read connection
2020/08/16 11:12:16 autossh[5979]: port down, restarting ssh
2020/08/16 11:12:16 autossh[5979]: checking for grace period, tries = 0
2020/08/16 11:12:16 autossh[5979]: starting ssh (count 10)
2020/08/16 11:12:16 autossh[5979]: ssh child pid is 6819
2020/08/16 11:12:16 autossh[5979]: check on child 6819
2020/08/16 11:12:16 autossh[5979]: set alarm for 600 secs
2020/08/16 11:12:16 autossh[6819]: execing /usr/bin/ssh

############################ carina - 08/16/20 11:15:01 EST ############################

2020/08/16 11:15:01 autossh[6833]: bind on 127.0.0.1:61001: Address already in use

############################ carina - 08/16/20 11:20:01 EST ############################

2020/08/16 11:20:01 autossh[6861]: bind on 127.0.0.1:61001: Address already in use
2020/08/16 11:22:31 autossh[5979]: timeout polling to accept read connection
2020/08/16 11:22:31 autossh[5979]: port down, restarting ssh
2020/08/16 11:22:31 autossh[5979]: checking for grace period, tries = 0
2020/08/16 11:22:31 autossh[5979]: starting ssh (count 11)
2020/08/16 11:22:31 autossh[5979]: ssh child pid is 6874
2020/08/16 11:22:31 autossh[5979]: check on child 6874
2020/08/16 11:22:31 autossh[5979]: set alarm for 600 secs
2020/08/16 11:22:31 autossh[6874]: execing /usr/bin/ssh

############################ carina - 08/16/20 11:25:01 EST ############################

2020/08/16 11:25:01 autossh[6886]: bind on 127.0.0.1:61001: Address already in use

############################ carina - 08/16/20 11:30:01 EST ############################

2020/08/16 11:30:01 autossh[6914]: bind on 127.0.0.1:61001: Address already in use
2020/08/16 11:32:46 autossh[5979]: timeout polling to accept read connection
2020/08/16 11:32:46 autossh[5979]: port down, restarting ssh
2020/08/16 11:32:46 autossh[5979]: checking for grace period, tries = 0
2020/08/16 11:32:46 autossh[5979]: starting ssh (count 12)
2020/08/16 11:32:46 autossh[5979]: ssh child pid is 6927
2020/08/16 11:32:46 autossh[5979]: check on child 6927
2020/08/16 11:32:46 autossh[5979]: set alarm for 600 secs
2020/08/16 11:32:46 autossh[6927]: execing /usr/bin/ssh

############################ carina - 08/16/20 11:35:01 EST ############################

2020/08/16 11:35:02 autossh[6939]: bind on 127.0.0.1:61001: Address already in use

############################ carina - 08/16/20 11:40:01 EST ############################

2020/08/16 11:40:01 autossh[6965]: bind on 127.0.0.1:61001: Address already in use
2020/08/16 11:43:01 autossh[5979]: timeout polling to accept read connection
2020/08/16 11:43:01 autossh[5979]: port down, restarting ssh
2020/08/16 11:43:01 autossh[5979]: checking for grace period, tries = 0
2020/08/16 11:43:01 autossh[5979]: starting ssh (count 13)
2020/08/16 11:43:01 autossh[5979]: ssh child pid is 6977
2020/08/16 11:43:01 autossh[5979]: check on child 6977
2020/08/16 11:43:01 autossh[5979]: set alarm for 600 secs
2020/08/16 11:43:01 autossh[6977]: execing /usr/bin/ssh

############################ carina - 08/16/20 11:45:01 EST ############################

2020/08/16 11:45:01 autossh[6992]: bind on 127.0.0.1:61001: Address already in use
2020/08/16 11:45:10 autossh[5979]: check on child 6977
2020/08/16 11:45:10 autossh[5979]: set alarm for 471 secs
2020/08/16 11:45:10 autossh[5979]: check on child 6977
2020/08/16 11:45:10 autossh[5979]: ssh exited with status 0; autossh exiting
2020/08/16 11:45:10 autossh[5979]: expired child, returning 2

############################ carina - 08/16/20 11:55:01 EST ############################

2020/08/16 11:55:01 autossh[1805]: checking for grace period, tries = 0
2020/08/16 11:55:01 autossh[1805]: starting ssh (count 1)
2020/08/16 11:55:01 autossh[1805]: ssh child pid is 1806
2020/08/16 11:55:01 autossh[1805]: check on child 1806
2020/08/16 11:55:01 autossh[1805]: set alarm for 600 secs
2020/08/16 11:55:01 autossh[1806]: execing /usr/bin/ssh

############################ carina - 08/16/20 11:55:11 EST ############################

2020/08/16 11:55:11 autossh[1827]: bind on 127.0.0.1:61001: Address already in use

############################ carina - 08/16/20 12:00:01 EST ############################

2020/08/16 12:00:01 autossh[2024]: bind on 127.0.0.1:61001: Address already in use

############################ carina - 08/16/20 12:05:01 EST ############################

2020/08/16 12:05:01 autossh[2166]: bind on 127.0.0.1:61001: Address already in use
2020/08/16 12:05:16 autossh[1805]: timeout polling to accept read connection
2020/08/16 12:05:16 autossh[1805]: port down, restarting ssh
2020/08/16 12:05:16 autossh[1805]: checking for grace period, tries = 0
2020/08/16 12:05:16 autossh[1805]: starting ssh (count 2)
2020/08/16 12:05:16 autossh[1805]: ssh child pid is 2175
2020/08/16 12:05:16 autossh[1805]: check on child 2175
2020/08/16 12:05:16 autossh[1805]: set alarm for 600 secs
2020/08/16 12:05:16 autossh[2175]: execing /usr/bin/ssh

############################ carina - 08/16/20 12:10:01 EST ############################

2020/08/16 12:10:01 autossh[2206]: bind on 127.0.0.1:61001: Address already in use

############################ carina - 08/16/20 12:15:01 EST ############################

2020/08/16 12:15:01 autossh[2244]: bind on 127.0.0.1:61001: Address already in use
2020/08/16 12:15:32 autossh[1805]: timeout polling to accept read connection
2020/08/16 12:15:32 autossh[1805]: port down, restarting ssh
2020/08/16 12:15:32 autossh[1805]: checking for grace period, tries = 0
2020/08/16 12:15:32 autossh[1805]: starting ssh (count 3)
2020/08/16 12:15:32 autossh[1805]: ssh child pid is 2254
2020/08/16 12:15:32 autossh[1805]: check on child 2254
2020/08/16 12:15:32 autossh[1805]: set alarm for 600 secs
2020/08/16 12:15:32 autossh[2254]: execing /usr/bin/ssh

############################ carina - 08/16/20 12:20:01 EST ############################

2020/08/16 12:20:01 autossh[2285]: bind on 127.0.0.1:61001: Address already in use

############################ carina - 08/16/20 12:25:01 EST ############################

2020/08/16 12:25:01 autossh[2325]: bind on 127.0.0.1:61001: Address already in use
2020/08/16 12:25:47 autossh[1805]: timeout polling to accept read connection
2020/08/16 12:25:47 autossh[1805]: port down, restarting ssh
2020/08/16 12:25:47 autossh[1805]: checking for grace period, tries = 0
2020/08/16 12:25:47 autossh[1805]: starting ssh (count 4)
2020/08/16 12:25:47 autossh[1805]: ssh child pid is 2335
2020/08/16 12:25:47 autossh[1805]: check on child 2335
2020/08/16 12:25:47 autossh[1805]: set alarm for 600 secs
2020/08/16 12:25:47 autossh[2335]: execing /usr/bin/ssh

############################ carina - 08/16/20 12:30:01 EST ############################

2020/08/16 12:30:01 autossh[2365]: bind on 127.0.0.1:61001: Address already in use

############################ carina - 08/16/20 12:35:01 EST ############################

2020/08/16 12:35:01 autossh[2405]: bind on 127.0.0.1:61001: Address already in use
2020/08/16 12:36:02 autossh[1805]: timeout polling to accept read connection
2020/08/16 12:36:02 autossh[1805]: port down, restarting ssh
2020/08/16 12:36:02 autossh[1805]: checking for grace period, tries = 0
2020/08/16 12:36:02 autossh[1805]: starting ssh (count 5)
2020/08/16 12:36:02 autossh[1805]: ssh child pid is 2414
2020/08/16 12:36:02 autossh[1805]: check on child 2414
2020/08/16 12:36:02 autossh[1805]: set alarm for 600 secs
2020/08/16 12:36:02 autossh[2414]: execing /usr/bin/ssh

############################ carina - 08/16/20 12:40:01 EST ############################

2020/08/16 12:40:01 autossh[2446]: bind on 127.0.0.1:61001: Address already in use

############################ carina - 08/16/20 12:45:01 EST ############################

2020/08/16 12:45:01 autossh[2483]: bind on 127.0.0.1:61001: Address already in use
2020/08/16 12:46:17 autossh[1805]: timeout polling to accept read connection
2020/08/16 12:46:17 autossh[1805]: port down, restarting ssh
2020/08/16 12:46:17 autossh[1805]: checking for grace period, tries = 0
2020/08/16 12:46:17 autossh[1805]: starting ssh (count 6)
2020/08/16 12:46:17 autossh[1805]: ssh child pid is 2498
2020/08/16 12:46:17 autossh[1805]: check on child 2498
2020/08/16 12:46:17 autossh[1805]: set alarm for 600 secs
2020/08/16 12:46:17 autossh[2498]: execing /usr/bin/ssh

############################ carina - 08/16/20 12:50:02 EST ############################

2020/08/16 12:50:02 autossh[2523]: bind on 127.0.0.1:61001: Address already in use

############################ carina - 08/16/20 12:55:01 EST ############################

2020/08/16 12:55:01 autossh[2564]: bind on 127.0.0.1:61001: Address already in use
2020/08/16 12:56:32 autossh[1805]: timeout polling to accept read connection
2020/08/16 12:56:32 autossh[1805]: port down, restarting ssh
2020/08/16 12:56:32 autossh[1805]: checking for grace period, tries = 0
2020/08/16 12:56:32 autossh[1805]: starting ssh (count 7)
2020/08/16 12:56:32 autossh[1805]: ssh child pid is 2578
2020/08/16 12:56:32 autossh[1805]: check on child 2578
2020/08/16 12:56:32 autossh[1805]: set alarm for 600 secs
2020/08/16 12:56:32 autossh[2578]: execing /usr/bin/ssh

############################ carina - 08/16/20 13:00:01 EST ############################

2020/08/16 13:00:01 autossh[2603]: bind on 127.0.0.1:61001: Address already in use

############################ carina - 08/16/20 13:05:01 EST ############################

2020/08/16 13:05:01 autossh[2643]: bind on 127.0.0.1:61001: Address already in use
2020/08/16 13:06:47 autossh[1805]: timeout polling to accept read connection
2020/08/16 13:06:47 autossh[1805]: port down, restarting ssh
2020/08/16 13:06:47 autossh[1805]: checking for grace period, tries = 0
2020/08/16 13:06:47 autossh[1805]: starting ssh (count 8)
2020/08/16 13:06:47 autossh[1805]: ssh child pid is 2658
2020/08/16 13:06:47 autossh[1805]: check on child 2658
2020/08/16 13:06:47 autossh[1805]: set alarm for 600 secs
2020/08/16 13:06:47 autossh[2658]: execing /usr/bin/ssh

############################ carina - 08/16/20 13:10:01 EST ############################

2020/08/16 13:10:01 autossh[2684]: bind on 127.0.0.1:61001: Address already in use

############################ carina - 08/16/20 13:15:01 EST ############################

2020/08/16 13:15:01 autossh[2723]: bind on 127.0.0.1:61001: Address already in use
2020/08/16 13:17:02 autossh[1805]: timeout polling to accept read connection
2020/08/16 13:17:02 autossh[1805]: port down, restarting ssh
2020/08/16 13:17:02 autossh[1805]: checking for grace period, tries = 0
2020/08/16 13:17:02 autossh[1805]: starting ssh (count 9)
2020/08/16 13:17:02 autossh[1805]: ssh child pid is 2744
2020/08/16 13:17:02 autossh[1805]: check on child 2744
2020/08/16 13:17:02 autossh[1805]: set alarm for 600 secs
2020/08/16 13:17:02 autossh[2744]: execing /usr/bin/ssh

############################ carina - 08/16/20 13:20:01 EST ############################

2020/08/16 13:20:01 autossh[2767]: bind on 127.0.0.1:61001: Address already in use

############################ carina - 08/16/20 13:25:02 EST ############################

2020/08/16 13:25:02 autossh[2806]: bind on 127.0.0.1:61001: Address already in use
2020/08/16 13:27:17 autossh[1805]: timeout polling to accept read connection
2020/08/16 13:27:17 autossh[1805]: port down, restarting ssh
2020/08/16 13:27:17 autossh[1805]: checking for grace period, tries = 0
2020/08/16 13:27:17 autossh[1805]: starting ssh (count 10)
2020/08/16 13:27:17 autossh[1805]: ssh child pid is 2827
2020/08/16 13:27:17 autossh[1805]: check on child 2827
2020/08/16 13:27:17 autossh[1805]: set alarm for 600 secs
2020/08/16 13:27:17 autossh[2827]: execing /usr/bin/ssh

############################ carina - 08/16/20 13:30:01 EST ############################

2020/08/16 13:30:01 autossh[2844]: bind on 127.0.0.1:61001: Address already in use

############################ carina - 08/16/20 13:35:01 EST ############################

2020/08/16 13:35:01 autossh[2883]: bind on 127.0.0.1:61001: Address already in use
2020/08/16 13:37:32 autossh[1805]: timeout polling to accept read connection
2020/08/16 13:37:32 autossh[1805]: port down, restarting ssh
2020/08/16 13:37:32 autossh[1805]: checking for grace period, tries = 0
2020/08/16 13:37:32 autossh[1805]: starting ssh (count 11)
2020/08/16 13:37:32 autossh[1805]: ssh child pid is 2905
2020/08/16 13:37:32 autossh[1805]: check on child 2905
2020/08/16 13:37:32 autossh[1805]: set alarm for 600 secs
2020/08/16 13:37:32 autossh[2905]: execing /usr/bin/ssh

############################ carina - 08/16/20 13:40:01 EST ############################

2020/08/16 13:40:01 autossh[2931]: bind on 127.0.0.1:61001: Address already in use

############################ carina - 08/16/20 13:45:01 EST ############################

2020/08/16 13:45:01 autossh[2970]: bind on 127.0.0.1:61001: Address already in use
2020/08/16 13:47:47 autossh[1805]: timeout polling to accept read connection
2020/08/16 13:47:47 autossh[1805]: port down, restarting ssh
2020/08/16 13:47:47 autossh[1805]: checking for grace period, tries = 0
2020/08/16 13:47:47 autossh[1805]: starting ssh (count 12)
2020/08/16 13:47:47 autossh[1805]: ssh child pid is 2988
2020/08/16 13:47:47 autossh[1805]: check on child 2988
2020/08/16 13:47:47 autossh[1805]: set alarm for 600 secs
2020/08/16 13:47:47 autossh[2988]: execing /usr/bin/ssh

############################ carina - 08/16/20 13:50:01 EST ############################

2020/08/16 13:50:01 autossh[3007]: bind on 127.0.0.1:61001: Address already in use

############################ carina - 08/16/20 13:55:01 EST ############################

2020/08/16 13:55:01 autossh[3045]: bind on 127.0.0.1:61001: Address already in use
2020/08/16 13:58:02 autossh[1805]: timeout polling to accept read connection
2020/08/16 13:58:02 autossh[1805]: port down, restarting ssh
2020/08/16 13:58:02 autossh[1805]: checking for grace period, tries = 0
2020/08/16 13:58:02 autossh[1805]: starting ssh (count 13)
2020/08/16 13:58:02 autossh[1805]: ssh child pid is 3065
2020/08/16 13:58:02 autossh[1805]: check on child 3065
2020/08/16 13:58:02 autossh[1805]: set alarm for 600 secs
2020/08/16 13:58:02 autossh[3065]: execing /usr/bin/ssh

############################ carina - 08/16/20 14:00:01 EST ############################

2020/08/16 14:00:01 autossh[3092]: bind on 127.0.0.1:61001: Address already in use

############################ carina - 08/16/20 14:05:01 EST ############################

2020/08/16 14:05:01 autossh[3147]: bind on 127.0.0.1:61001: Address already in use
