Tue Sep 24 07:10:04 2019 -0500 | vahid-dan |  | 09/24/19 07:10:01 EST -0500: Git Backup

Tue Sep 24 08:10:02 2019 -0500 | vahid-dan |  | 09/24/19 08:10:01 EST -0500: Git Backup

Tue Sep 24 08:11:03 2019 -0500 | vahid-dan |  | 09/24/19 08:10:01 EST -0500: Git Backup

Tue Sep 24 09:10:03 2019 -0500 | vahid-dan |  | 09/24/19 09:10:01 EST -0500: Git Backup

Tue Sep 24 10:10:03 2019 -0500 | vahid-dan |  | 09/24/19 10:10:02 EST -0500: Git Backup

Tue Sep 24 10:10:26 2019 -0500 | vahid-dan |  | 09/24/19 10:10:01 EST -0500: Git Backup

Tue Sep 24 11:10:03 2019 -0500 | vahid-dan |  | 09/24/19 11:10:01 EST -0500: Git Backup

Tue Sep 24 11:20:01 2019 -0500 | vahid-dan |  | 09/24/19 11:19:00 EST -0500: Git Backup

Tue Sep 24 12:10:02 2019 -0500 | vahid-dan |  | 09/24/19 12:10:01 EST -0500: Git Backup

Tue Sep 24 12:10:14 2019 -0500 | vahid-dan |  | 09/24/19 12:10:01 EST -0500: Git Backup

Tue Sep 24 13:06:35 2019 -0500 | vahid-dan |  | 09/24/19 13:04:28 EST -0500: Git Backup

Tue Sep 24 13:10:03 2019 -0500 | vahid-dan |  | 09/24/19 13:10:01 EST -0500: Git Backup

Tue Sep 24 13:10:17 2019 -0500 | vahid-dan |  | 09/24/19 13:10:01 EST -0500: Git Backup

Tue Sep 24 14:10:03 2019 -0500 | vahid-dan |  | 09/24/19 14:10:01 EST -0500: Git Backup

Tue Sep 24 14:11:58 2019 -0500 | vahid-dan |  | 09/24/19 14:10:01 EST -0500: Git Backup

Tue Sep 24 15:10:03 2019 -0500 | vahid-dan |  | 09/24/19 15:10:01 EST -0500: Git Backup

Tue Sep 24 16:10:04 2019 -0500 | vahid-dan |  | 09/24/19 16:10:01 EST -0500: Git Backup

Tue Sep 24 16:10:33 2019 -0500 | vahid-dan |  | 09/24/19 16:10:01 EST -0500: Git Backup

Tue Sep 24 17:10:03 2019 -0500 | vahid-dan |  | 09/24/19 17:10:02 EST -0500: Git Backup

Tue Sep 24 18:10:03 2019 -0500 | vahid-dan |  | 09/24/19 18:10:01 EST -0500: Git Backup

Tue Sep 24 18:12:34 2019 -0500 | vahid-dan |  | 09/24/19 18:10:01 EST -0500: Git Backup

Tue Sep 24 19:10:03 2019 -0500 | vahid-dan |  | 09/24/19 19:10:01 EST -0500: Git Backup

Tue Sep 24 20:10:03 2019 -0500 | vahid-dan |  | 09/24/19 20:10:01 EST -0500: Git Backup

Tue Sep 24 20:10:25 2019 -0500 | vahid-dan |  | 09/24/19 20:10:01 EST -0500: Git Backup

Tue Sep 24 21:10:02 2019 -0500 | vahid-dan |  | 09/24/19 21:10:01 EST -0500: Git Backup

Tue Sep 24 21:47:03 2019 -0500 | vahid-dan |  | 09/24/19 21:46:28 EST -0500: Git Backup

Tue Sep 24 21:56:42 2019 -0500 | vahid-dan |  | 09/24/19 21:56:09 EST -0500: Git Backup

Tue Sep 24 23:09:25 2019 -0400 | Vahid Daneshmand |  | Delete .gitattributes
Tue Sep 24 22:10:03 2019 -0500 | vahid-dan |  | 09/24/19 22:10:01 EST -0500: Git Backup

Tue Sep 24 22:11:11 2019 -0500 | vahid-dan |  | 09/24/19 22:10:01 EST -0500: Git Backup

Tue Sep 24 23:10:03 2019 -0500 | vahid-dan |  | 09/24/19 23:10:01 EST -0500: Git Backup

Tue Sep 24 23:59:12 2019 -0500 | vahid-dan |  | 09/24/19 23:30:01: Git Backup

Wed Sep 25 00:10:03 2019 -0500 | vahid-dan |  | 09/25/19 00:10:01 EST -0500: Git Backup

Wed Sep 25 00:10:38 2019 -0500 | vahid-dan |  | 09/25/19 00:10:01 EST -0500: Git Backup

Wed Sep 25 01:10:03 2019 -0500 | vahid-dan |  | 09/25/19 01:10:01 EST -0500: Git Backup

Wed Sep 25 02:10:03 2019 -0500 | vahid-dan |  | 09/25/19 02:10:01 EST -0500: Git Backup

Wed Sep 25 02:10:41 2019 -0500 | vahid-dan |  | 09/25/19 02:10:01 EST -0500: Git Backup

Wed Sep 25 02:37:52 2019 -0500 | vahid-dan |  (origin/noaa-data) | 09/25/19 02:30:01: Git Backup

Wed Sep 25 03:10:03 2019 -0500 | vahid-dan |  | 09/25/19 03:10:01 EST -0500: Git Backup

Wed Sep 25 04:10:03 2019 -0500 | vahid-dan |  | 09/25/19 04:10:01 EST -0500: Git Backup

Wed Sep 25 04:10:19 2019 -0500 | vahid-dan |  | 09/25/19 04:10:01 EST -0500: Git Backup

Wed Sep 25 05:10:02 2019 -0500 | vahid-dan |  | 09/25/19 05:10:01 EST -0500: Git Backup

Wed Sep 25 06:10:03 2019 -0500 | vahid-dan |  (origin/mia-data) | 09/25/19 06:10:01 EST -0500: Git Backup

Wed Sep 25 06:10:31 2019 -0500 | vahid-dan |  (origin/carina-data) | 09/25/19 06:10:01 EST -0500: Git Backup

