

#########################################################

############## 09/27/19 08:10:01 EST -0500 ##############

#########################################################


GitHub:

Fri Sep 27 08:10:01 EST 2019
From github.com:CareyLabVT/SCCData
   4ba6f217..543c34b6  carina-logs -> origin/carina-logs
   185a1900..1904fd86  mia-data    -> origin/mia-data
   71289b71..a2a4ee27  mia-logs    -> origin/mia-logs
Already up to date.
[carina-data 43ebfdf6] 09/27/19 08:10:01 EST -0500: Git Backup
 1 file changed, 37 insertions(+), 1 deletion(-)
Fri Sep 27 08:10:52 EST 2019
remote: warning: GH001: Large files detected. You may want to try Git Large File Storage - https://git-lfs.github.com.        
remote: warning: See http://git.io/iEPt8g for more information.        
remote: warning: File FCRmet.csv is 90.95 MB; this is larger than GitHub's recommended maximum file size of 50.00 MB        
To github.com:CareyLabVT/SCCData.git
   c9626532..43ebfdf6  carina-data -> carina-data


Gateway 1 (Carina):

Fri Sep 27 08:11:06 EST 2019
From github.com:CareyLabVT/SCCData
   c9626532..43ebfdf6  carina-data -> origin/carina-data
   1904fd86..35c7bc0a  mia-data    -> origin/mia-data
   a2a4ee27..9eb3dce6  mia-logs    -> origin/mia-logs
Already up to date.
[carina-logs f7379d9b] 09/27/19 08:10:01 EST -0500: Logs
 3 files changed, 35 insertions(+), 388539 deletions(-)
 rewrite autossh.log (100%)
 rewrite git.log (99%)
 delete mode 100644 monitor.log
Fri Sep 27 08:11:14 EST 2019
To github.com:CareyLabVT/SCCData.git
   543c34b6..f7379d9b  carina-logs -> carina-logs
