

#########################################################

############## 09/27/19 09:46:16 EST -0500 ##############

#########################################################


 09:46:17 up 0 min,  0 users,  load average: 0.32, 0.07, 0.02


reboot   system boot  5.0.0-29-generic Fri Sep 27 09:46   still running

wtmp begins Mon Sep  2 08:42:49 2019


Bus 002 Device 001: ID 1d6b:0003 Linux Foundation 3.0 root hub
Bus 001 Device 004: ID 8087:0a2b Intel Corp. 
Bus 001 Device 003: ID 04b4:6570 Cypress Semiconductor Corp. 
Bus 001 Device 002: ID 1410:9031 Novatel Wireless 
Bus 001 Device 001: ID 1d6b:0002 Linux Foundation 2.0 root hub






enx0015ff080733:




enx0015ff080733: flags=4098<BROADCAST,MULTICAST>  mtu 1500
        ether 00:15:ff:08:07:33  txqueuelen 1000  (Ethernet)
        RX packets 0  bytes 0 (0.0 B)
        RX errors 0  dropped 0  overruns 0  frame 0
        TX packets 0  bytes 0 (0.0 B)
        TX errors 0  dropped 0 overruns 0  carrier 0  collisions 0



enp2s0:












Unit watchdog.service could not be found.


● ipopTincan.service - IPOP Tincan service
   Loaded: loaded (/etc/systemd/system/ipopTincan.service; enabled; vendor preset: enabled)
   Active: active (running) since Fri 2019-09-27 09:46:17 EST; 168ms ago
 Main PID: 959 (ipop-tincan)
    Tasks: 1 (limit: 2120)
   CGroup: /system.slice/ipopTincan.service
           └─959 /home/scc/applications/ipopbin/ipop-tincan

Sep 27 09:46:17 carina systemd[1]: Started IPOP Tincan service.
Sep 27 09:46:19 carina ipop-tincan[959]: Making key pair
Sep 27 09:46:19 carina ipop-tincan[959]: Returning key pair
Sep 27 09:46:19 carina ipop-tincan[959]: Making certificate for a160b1d96c7e144608d798b1f2f3dfb920f06348
Sep 27 09:46:19 carina ipop-tincan[959]: Returning certificate
Sep 27 09:46:19 carina ipop-tincan[959]: [09/27 09:46:19.384704] Connect: XMPP CONNECTING
Sep 27 09:46:19 carina ipop-tincan[959]: OpenSSLAdapter::OnCloseEvent(111)
Sep 27 09:46:19 carina ipop-tincan[959]: [09/27 09:46:19.577231] OnCloseEvent: ONCLOSEEVENT 111


● ipopController.service - IPOP controller service
   Loaded: loaded (/etc/systemd/system/ipopController.service; enabled; vendor preset: enabled)
   Active: active (running) since Fri 2019-09-27 09:46:17 EST; 5s ago
 Main PID: 960 (python)
    Tasks: 11 (limit: 2120)
   CGroup: /system.slice/ipopController.service
           └─960 /usr/bin/python -m controller.Controller -c config/gvpn-config.json

Sep 27 09:46:17 carina systemd[1]: Started IPOP controller service.
Sep 27 09:46:19 carina python[960]: [20190927 09:46:19.362] INFO:Logger Module Loaded
Sep 27 09:46:19 carina python[960]: [20190927 09:46:19.844] INFO:TincanDispatcher Loaded
Sep 27 09:46:19 carina python[960]: [20190927 09:46:19.844] INFO:TincanListener Loaded
Sep 27 09:46:19 carina python[960]: [20190927 09:46:19.845] INFO:TincanSender Loaded
Sep 27 09:46:19 carina python[960]: [20190927 09:46:19.845] INFO:BaseTopologyManager Loaded
Sep 27 09:46:19 carina python[960]: [20190927 09:46:19.845] INFO:LinkManager Loaded
Sep 27 09:46:19 carina python[960]: [20190927 09:46:19.845] INFO:StatReport Loaded


PING 8.8.8.8 (8.8.8.8) 56(84) bytes of data.
64 bytes from 8.8.8.8: icmp_seq=1 ttl=50 time=45.6 ms
64 bytes from 8.8.8.8: icmp_seq=2 ttl=50 time=42.0 ms
64 bytes from 8.8.8.8: icmp_seq=3 ttl=50 time=41.6 ms

--- 8.8.8.8 ping statistics ---
3 packets transmitted, 3 received, 0% packet loss, time 2002ms
rtt min/avg/max/mdev = 41.659/43.128/45.686/1.830 ms


PING 192.168.10.1 (192.168.10.1) 56(84) bytes of data.

--- 192.168.10.1 ping statistics ---
3 packets transmitted, 0 received, 100% packet loss, time 2005ms



PING 192.168.10.11 (192.168.10.11) 56(84) bytes of data.
64 bytes from 192.168.10.11: icmp_seq=1 ttl=64 time=0.040 ms
64 bytes from 192.168.10.11: icmp_seq=2 ttl=64 time=0.081 ms
64 bytes from 192.168.10.11: icmp_seq=3 ttl=64 time=0.081 ms

--- 192.168.10.11 ping statistics ---
3 packets transmitted, 3 received, 0% packet loss, time 2037ms
rtt min/avg/max/mdev = 0.040/0.067/0.081/0.020 ms


PING 192.168.10.12 (192.168.10.12) 56(84) bytes of data.

--- 192.168.10.12 ping statistics ---
3 packets transmitted, 0 received, 100% packet loss, time 2039ms



PING 192.168.10.13 (192.168.10.13) 56(84) bytes of data.

--- 192.168.10.13 ping statistics ---
3 packets transmitted, 0 received, 100% packet loss, time 2055ms



PING github.com (140.82.114.4) 56(84) bytes of data.
64 bytes from lb-140-82-114-4-iad.github.com (140.82.114.4): icmp_seq=1 ttl=46 time=40.0 ms
64 bytes from lb-140-82-114-4-iad.github.com (140.82.114.4): icmp_seq=2 ttl=46 time=43.9 ms
64 bytes from lb-140-82-114-4-iad.github.com (140.82.114.4): icmp_seq=3 ttl=46 time=49.4 ms

--- github.com ping statistics ---
3 packets transmitted, 3 received, 0% packet loss, time 2002ms
rtt min/avg/max/mdev = 40.029/44.491/49.461/3.874 ms


[    7.981648] audit: type=1400 audit(1569595575.835:7): apparmor="STATUS" operation="profile_load" profile="unconfined" name="/usr/sbin/cups-browsed" pid=728 comm="apparmor_parser"
[    7.985021] audit: type=1400 audit(1569595575.839:8): apparmor="STATUS" operation="profile_load" profile="unconfined" name="/sbin/dhclient" pid=723 comm="apparmor_parser"
[    7.985028] audit: type=1400 audit(1569595575.839:9): apparmor="STATUS" operation="profile_load" profile="unconfined" name="/usr/lib/NetworkManager/nm-dhcp-client.action" pid=723 comm="apparmor_parser"
[    7.985031] audit: type=1400 audit(1569595575.839:10): apparmor="STATUS" operation="profile_load" profile="unconfined" name="/usr/lib/NetworkManager/nm-dhcp-helper" pid=723 comm="apparmor_parser"
[    7.985034] audit: type=1400 audit(1569595575.839:11): apparmor="STATUS" operation="profile_load" profile="unconfined" name="/usr/lib/connman/scripts/dhclient-script" pid=723 comm="apparmor_parser"
[    8.716615] Bluetooth: BNEP (Ethernet Emulation) ver 1.3
[    8.716618] Bluetooth: BNEP filters: protocol multicast
[    8.716624] Bluetooth: BNEP socket layer initialized
[   11.964577] igb 0000:02:00.0 enp2s0: igb: enp2s0 NIC Link is Up 100 Mbps Full Duplex, Flow Control: RX/TX
[   11.964863] IPv6: ADDRCONF(NETDEV_CHANGE): enp2s0: link becomes ready


#########################################################

############## 09/27/19 09:49:16 EST -0500 ##############

#########################################################


 09:49:16 up 3 min,  0 users,  load average: 0.30, 0.40, 0.18


reboot   system boot  5.0.0-29-generic Fri Sep 27 09:46   still running

wtmp begins Mon Sep  2 08:42:49 2019


Bus 002 Device 001: ID 1d6b:0003 Linux Foundation 3.0 root hub
Bus 001 Device 004: ID 8087:0a2b Intel Corp. 
Bus 001 Device 003: ID 04b4:6570 Cypress Semiconductor Corp. 
Bus 001 Device 002: ID 1410:9031 Novatel Wireless 
Bus 001 Device 001: ID 1d6b:0002 Linux Foundation 2.0 root hub






enx0015ff080733:
100.78.217.165/30


ipop:
192.168.10.11/16


enx0015ff080733: flags=4163<UP,BROADCAST,RUNNING,MULTICAST>  mtu 1500
        inet 100.78.217.165  netmask 255.255.255.252  broadcast 100.78.217.167
        inet6 2600:1003:b862:4120:8e1e:6fc3:7943:91d2  prefixlen 64  scopeid 0x0<global>
        inet6 2600:1003:b862:4120:4cf7:a1b3:b2d1:fb5f  prefixlen 64  scopeid 0x0<global>
        inet6 fe80::312d:809c:7178:1547  prefixlen 64  scopeid 0x20<link>
        ether 00:15:ff:08:07:33  txqueuelen 1000  (Ethernet)
        RX packets 95  bytes 7531 (7.5 KB)
        RX errors 0  dropped 0  overruns 0  frame 0
        TX packets 200  bytes 22346 (22.3 KB)
        TX errors 0  dropped 0 overruns 0  carrier 0  collisions 0



enp2s0:
192.168.1.5/24












Unit watchdog.service could not be found.


● ipopTincan.service - IPOP Tincan service
   Loaded: loaded (/etc/systemd/system/ipopTincan.service; enabled; vendor preset: enabled)
   Active: active (running) since Fri 2019-09-27 09:46:17 EST; 2min 59s ago
 Main PID: 959 (ipop-tincan)
    Tasks: 4 (limit: 2120)
   CGroup: /system.slice/ipopTincan.service
           └─959 /home/scc/applications/ipopbin/ipop-tincan

Sep 27 09:48:34 carina ipop-tincan[959]: OpenSSLAdapter::OnCloseEvent(111)
Sep 27 09:48:34 carina ipop-tincan[959]: [09/27 09:48:34.846180] OnCloseEvent: ONCLOSEEVENT 111
Sep 27 09:48:49 carina ipop-tincan[959]: Cleanup
Sep 27 09:48:49 carina ipop-tincan[959]: [09/27 09:48:49.532285] Connect: XMPP CONNECTING
Sep 27 09:48:49 carina ipop-tincan[959]: OpenSSLAdapter::OnCloseEvent(111)
Sep 27 09:48:49 carina ipop-tincan[959]: [09/27 09:48:49.738069] OnCloseEvent: ONCLOSEEVENT 111
Sep 27 09:49:04 carina ipop-tincan[959]: Cleanup
Sep 27 09:49:04 carina ipop-tincan[959]: [09/27 09:49:04.547421] Connect: XMPP CONNECTING
Sep 27 09:49:04 carina ipop-tincan[959]: OpenSSLAdapter::OnCloseEvent(111)
Sep 27 09:49:04 carina ipop-tincan[959]: [09/27 09:49:04.623599] OnCloseEvent: ONCLOSEEVENT 111


● ipopController.service - IPOP controller service
   Loaded: loaded (/etc/systemd/system/ipopController.service; enabled; vendor preset: enabled)
   Active: active (running) since Fri 2019-09-27 09:46:17 EST; 2min 59s ago
 Main PID: 960 (python)
    Tasks: 11 (limit: 2120)
   CGroup: /system.slice/ipopController.service
           └─960 /usr/bin/python -m controller.Controller -c config/gvpn-config.json

Sep 27 09:46:49 carina python[960]: [20190927 09:46:49.858] INFO:p2p state: searching
Sep 27 09:47:04 carina python[960]: [20190927 09:47:04.864] INFO:p2p state: searching
Sep 27 09:47:19 carina python[960]: [20190927 09:47:19.870] INFO:p2p state: searching
Sep 27 09:47:34 carina python[960]: [20190927 09:47:34.878] INFO:p2p state: searching
Sep 27 09:47:49 carina python[960]: [20190927 09:47:49.885] INFO:p2p state: searching
Sep 27 09:48:04 carina python[960]: [20190927 09:48:04.892] INFO:p2p state: searching
Sep 27 09:48:19 carina python[960]: [20190927 09:48:19.898] INFO:p2p state: searching
Sep 27 09:48:34 carina python[960]: [20190927 09:48:34.905] INFO:p2p state: searching
Sep 27 09:48:49 carina python[960]: [20190927 09:48:49.911] INFO:p2p state: searching
Sep 27 09:49:04 carina python[960]: [20190927 09:49:04.919] INFO:p2p state: searching


PING 8.8.8.8 (8.8.8.8) 56(84) bytes of data.
64 bytes from 8.8.8.8: icmp_seq=1 ttl=50 time=186 ms
64 bytes from 8.8.8.8: icmp_seq=2 ttl=50 time=43.8 ms
64 bytes from 8.8.8.8: icmp_seq=3 ttl=50 time=53.9 ms

--- 8.8.8.8 ping statistics ---
3 packets transmitted, 3 received, 0% packet loss, time 2000ms
rtt min/avg/max/mdev = 43.861/94.669/186.236/64.877 ms


PING 192.168.10.1 (192.168.10.1) 56(84) bytes of data.

--- 192.168.10.1 ping statistics ---
3 packets transmitted, 0 received, 100% packet loss, time 2045ms



PING 192.168.10.11 (192.168.10.11) 56(84) bytes of data.
64 bytes from 192.168.10.11: icmp_seq=1 ttl=64 time=0.054 ms
64 bytes from 192.168.10.11: icmp_seq=2 ttl=64 time=0.083 ms
64 bytes from 192.168.10.11: icmp_seq=3 ttl=64 time=0.084 ms

--- 192.168.10.11 ping statistics ---
3 packets transmitted, 3 received, 0% packet loss, time 2055ms
rtt min/avg/max/mdev = 0.054/0.073/0.084/0.017 ms


PING 192.168.10.12 (192.168.10.12) 56(84) bytes of data.

--- 192.168.10.12 ping statistics ---
3 packets transmitted, 0 received, 100% packet loss, time 2038ms



PING 192.168.10.13 (192.168.10.13) 56(84) bytes of data.

--- 192.168.10.13 ping statistics ---
3 packets transmitted, 0 received, 100% packet loss, time 2054ms



PING github.com (140.82.114.4) 56(84) bytes of data.
64 bytes from lb-140-82-114-4-iad.github.com (140.82.114.4): icmp_seq=1 ttl=46 time=77.2 ms
64 bytes from lb-140-82-114-4-iad.github.com (140.82.114.4): icmp_seq=2 ttl=46 time=76.7 ms
64 bytes from lb-140-82-114-4-iad.github.com (140.82.114.4): icmp_seq=3 ttl=46 time=75.6 ms

--- github.com ping statistics ---
3 packets transmitted, 3 received, 0% packet loss, time 2003ms
rtt min/avg/max/mdev = 75.634/76.541/77.266/0.750 ms


[    7.981648] audit: type=1400 audit(1569595575.835:7): apparmor="STATUS" operation="profile_load" profile="unconfined" name="/usr/sbin/cups-browsed" pid=728 comm="apparmor_parser"
[    7.985021] audit: type=1400 audit(1569595575.839:8): apparmor="STATUS" operation="profile_load" profile="unconfined" name="/sbin/dhclient" pid=723 comm="apparmor_parser"
[    7.985028] audit: type=1400 audit(1569595575.839:9): apparmor="STATUS" operation="profile_load" profile="unconfined" name="/usr/lib/NetworkManager/nm-dhcp-client.action" pid=723 comm="apparmor_parser"
[    7.985031] audit: type=1400 audit(1569595575.839:10): apparmor="STATUS" operation="profile_load" profile="unconfined" name="/usr/lib/NetworkManager/nm-dhcp-helper" pid=723 comm="apparmor_parser"
[    7.985034] audit: type=1400 audit(1569595575.839:11): apparmor="STATUS" operation="profile_load" profile="unconfined" name="/usr/lib/connman/scripts/dhclient-script" pid=723 comm="apparmor_parser"
[    8.716615] Bluetooth: BNEP (Ethernet Emulation) ver 1.3
[    8.716618] Bluetooth: BNEP filters: protocol multicast
[    8.716624] Bluetooth: BNEP socket layer initialized
[   11.964577] igb 0000:02:00.0 enp2s0: igb: enp2s0 NIC Link is Up 100 Mbps Full Duplex, Flow Control: RX/TX
[   11.964863] IPv6: ADDRCONF(NETDEV_CHANGE): enp2s0: link becomes ready


#########################################################

############## 09/27/19 10:04:59 EST -0500 ##############

#########################################################


 10:04:59 up 0 min,  0 users,  load average: 2.31, 0.49, 0.16


reboot   system boot  5.0.0-29-generic Fri Sep 27 10:04   still running
reboot   system boot  5.0.0-29-generic Fri Sep 27 09:46 - 10:04  (00:18)

wtmp begins Mon Sep  2 08:42:49 2019


Bus 002 Device 001: ID 1d6b:0003 Linux Foundation 3.0 root hub
Bus 001 Device 004: ID 8087:0a2b Intel Corp. 
Bus 001 Device 003: ID 04b4:6570 Cypress Semiconductor Corp. 
Bus 001 Device 002: ID 1410:9031 Novatel Wireless 
Bus 001 Device 001: ID 1d6b:0002 Linux Foundation 2.0 root hub






enx0015ff080733:




enx0015ff080733: flags=4098<BROADCAST,MULTICAST>  mtu 1500
        ether 00:15:ff:08:07:33  txqueuelen 1000  (Ethernet)
        RX packets 0  bytes 0 (0.0 B)
        RX errors 0  dropped 0  overruns 0  frame 0
        TX packets 0  bytes 0 (0.0 B)
        TX errors 0  dropped 0 overruns 0  carrier 0  collisions 0



enp2s0:












Unit watchdog.service could not be found.


● ipopTincan.service - IPOP Tincan service
   Loaded: loaded (/etc/systemd/system/ipopTincan.service; enabled; vendor preset: enabled)
   Active: inactive (dead)

Sep 27 10:05:00 carina systemd[1]: Started IPOP Tincan service.
Sep 27 10:05:00 carina ipop-tincan[1021]: Making key pair
Sep 27 10:05:00 carina ipop-tincan[1021]: Returning key pair
Sep 27 10:05:00 carina ipop-tincan[1021]: Making certificate for a160b1d96c7e144608d798b1f2f3dfb920f06348
Sep 27 10:05:00 carina ipop-tincan[1021]: Returning certificate
Sep 27 10:05:00 carina ipop-tincan[1021]: [09/27 10:05:00.929442] Connect: XMPP CONNECTING
Sep 27 10:05:00 carina ipop-tincan[1021]: OpenSSLAdapter::OnCloseEvent(-2)
Sep 27 10:05:00 carina ipop-tincan[1021]: [09/27 10:05:00.932855] OnCloseEvent: ONCLOSEEVENT -2


● ipopController.service - IPOP controller service
   Loaded: loaded (/etc/systemd/system/ipopController.service; enabled; vendor preset: enabled)
   Active: active (running) since Fri 2019-09-27 10:05:00 EST; 5s ago
 Main PID: 1022 (python)
    Tasks: 11 (limit: 2120)
   CGroup: /system.slice/ipopController.service
           └─1022 /usr/bin/python -m controller.Controller -c config/gvpn-config.json

Sep 27 10:05:00 carina systemd[1]: Started IPOP controller service.
Sep 27 10:05:00 carina python[1022]: [20190927 10:05:00.937] INFO:Logger Module Loaded
Sep 27 10:05:01 carina python[1022]: [20190927 10:05:01.523] INFO:TincanDispatcher Loaded
Sep 27 10:05:01 carina python[1022]: [20190927 10:05:01.524] INFO:TincanListener Loaded
Sep 27 10:05:01 carina python[1022]: [20190927 10:05:01.524] INFO:TincanSender Loaded
Sep 27 10:05:01 carina python[1022]: [20190927 10:05:01.524] INFO:BaseTopologyManager Loaded
Sep 27 10:05:01 carina python[1022]: [20190927 10:05:01.525] INFO:LinkManager Loaded
Sep 27 10:05:01 carina python[1022]: [20190927 10:05:01.525] INFO:StatReport Loaded


PING 8.8.8.8 (8.8.8.8) 56(84) bytes of data.
64 bytes from 8.8.8.8: icmp_seq=1 ttl=50 time=52.4 ms
64 bytes from 8.8.8.8: icmp_seq=2 ttl=50 time=49.9 ms
64 bytes from 8.8.8.8: icmp_seq=3 ttl=50 time=49.2 ms

--- 8.8.8.8 ping statistics ---
3 packets transmitted, 3 received, 0% packet loss, time 2001ms
rtt min/avg/max/mdev = 49.277/50.548/52.454/1.384 ms


PING 192.168.10.1 (192.168.10.1) 56(84) bytes of data.

--- 192.168.10.1 ping statistics ---
3 packets transmitted, 0 received, 100% packet loss, time 2021ms



PING 192.168.10.11 (192.168.10.11) 56(84) bytes of data.
64 bytes from 192.168.10.11: icmp_seq=1 ttl=64 time=0.063 ms
64 bytes from 192.168.10.11: icmp_seq=2 ttl=64 time=0.063 ms
64 bytes from 192.168.10.11: icmp_seq=3 ttl=64 time=0.075 ms

--- 192.168.10.11 ping statistics ---
3 packets transmitted, 3 received, 0% packet loss, time 2046ms
rtt min/avg/max/mdev = 0.063/0.067/0.075/0.005 ms


PING 192.168.10.12 (192.168.10.12) 56(84) bytes of data.

--- 192.168.10.12 ping statistics ---
3 packets transmitted, 0 received, 100% packet loss, time 2038ms



PING 192.168.10.13 (192.168.10.13) 56(84) bytes of data.

--- 192.168.10.13 ping statistics ---
3 packets transmitted, 0 received, 100% packet loss, time 2054ms



PING github.com (140.82.114.3) 56(84) bytes of data.
64 bytes from lb-140-82-114-3-iad.github.com (140.82.114.3): icmp_seq=1 ttl=49 time=45.3 ms
64 bytes from lb-140-82-114-3-iad.github.com (140.82.114.3): icmp_seq=2 ttl=49 time=84.2 ms
64 bytes from lb-140-82-114-3-iad.github.com (140.82.114.3): icmp_seq=3 ttl=49 time=65.1 ms

--- github.com ping statistics ---
3 packets transmitted, 3 received, 0% packet loss, time 2003ms
rtt min/avg/max/mdev = 45.381/64.919/84.276/15.882 ms


[   12.074037] audit: type=1400 audit(1569596698.927:8): apparmor="STATUS" operation="profile_load" profile="unconfined" name="/usr/lib/connman/scripts/dhclient-script" pid=726 comm="apparmor_parser"
[   12.077109] audit: type=1400 audit(1569596698.931:9): apparmor="STATUS" operation="profile_load" profile="unconfined" name="/usr/lib/snapd/snap-confine" pid=730 comm="apparmor_parser"
[   12.077115] audit: type=1400 audit(1569596698.931:10): apparmor="STATUS" operation="profile_load" profile="unconfined" name="/usr/lib/snapd/snap-confine//mount-namespace-capture-helper" pid=730 comm="apparmor_parser"
[   12.078719] audit: type=1400 audit(1569596698.931:11): apparmor="STATUS" operation="profile_load" profile="unconfined" name="/usr/sbin/cups-browsed" pid=731 comm="apparmor_parser"
[   12.729788] Bluetooth: BNEP (Ethernet Emulation) ver 1.3
[   12.729791] Bluetooth: BNEP filters: protocol multicast
[   12.729798] Bluetooth: BNEP socket layer initialized
[   13.787218] IPv6: ADDRCONF(NETDEV_CHANGE): enx0015ff080733: link becomes ready
[   15.256148] igb 0000:02:00.0 enp2s0: igb: enp2s0 NIC Link is Up 100 Mbps Full Duplex, Flow Control: RX/TX
[   15.256463] IPv6: ADDRCONF(NETDEV_CHANGE): enp2s0: link becomes ready


#########################################################

############## 09/27/19 10:07:59 EST -0500 ##############

#########################################################


 10:07:59 up 3 min,  0 users,  load average: 0.53, 0.51, 0.23


reboot   system boot  5.0.0-29-generic Fri Sep 27 10:04   still running
reboot   system boot  5.0.0-29-generic Fri Sep 27 09:46 - 10:04  (00:18)

wtmp begins Mon Sep  2 08:42:49 2019


Bus 002 Device 001: ID 1d6b:0003 Linux Foundation 3.0 root hub
Bus 001 Device 004: ID 8087:0a2b Intel Corp. 
Bus 001 Device 003: ID 04b4:6570 Cypress Semiconductor Corp. 
Bus 001 Device 002: ID 1410:9031 Novatel Wireless 
Bus 001 Device 001: ID 1d6b:0002 Linux Foundation 2.0 root hub






enx0015ff080733:
100.78.217.165/30


ipop:
192.168.10.11/16


enx0015ff080733: flags=4163<UP,BROADCAST,RUNNING,MULTICAST>  mtu 1500
        inet 100.78.217.165  netmask 255.255.255.252  broadcast 100.78.217.167
        inet6 fe80::312d:809c:7178:1547  prefixlen 64  scopeid 0x20<link>
        inet6 2600:1003:b862:4120:d57a:b3dc:8882:d0cb  prefixlen 64  scopeid 0x0<global>
        inet6 2600:1003:b862:4120:8e1e:6fc3:7943:91d2  prefixlen 64  scopeid 0x0<global>
        ether 00:15:ff:08:07:33  txqueuelen 1000  (Ethernet)
        RX packets 96  bytes 7633 (7.6 KB)
        RX errors 0  dropped 0  overruns 0  frame 0
        TX packets 198  bytes 22075 (22.0 KB)
        TX errors 0  dropped 0 overruns 0  carrier 0  collisions 0



enp2s0:
192.168.1.5/24












Unit watchdog.service could not be found.


● ipopTincan.service - IPOP Tincan service
   Loaded: loaded (/etc/systemd/system/ipopTincan.service; enabled; vendor preset: enabled)
   Active: active (running) since Fri 2019-09-27 10:05:00 EST; 2min 59s ago
 Main PID: 1021 (ipop-tincan)
    Tasks: 4 (limit: 2120)
   CGroup: /system.slice/ipopTincan.service
           └─1021 /home/scc/applications/ipopbin/ipop-tincan

Sep 27 10:07:16 carina ipop-tincan[1021]: OpenSSLAdapter::OnCloseEvent(111)
Sep 27 10:07:16 carina ipop-tincan[1021]: [09/27 10:07:16.232938] OnCloseEvent: ONCLOSEEVENT 111
Sep 27 10:07:31 carina ipop-tincan[1021]: Cleanup
Sep 27 10:07:31 carina ipop-tincan[1021]: [09/27 10:07:31.044860] Connect: XMPP CONNECTING
Sep 27 10:07:31 carina ipop-tincan[1021]: OpenSSLAdapter::OnCloseEvent(111)
Sep 27 10:07:31 carina ipop-tincan[1021]: [09/27 10:07:31.239544] OnCloseEvent: ONCLOSEEVENT 111
Sep 27 10:07:46 carina ipop-tincan[1021]: Cleanup
Sep 27 10:07:46 carina ipop-tincan[1021]: [09/27 10:07:46.059866] Connect: XMPP CONNECTING
Sep 27 10:07:46 carina ipop-tincan[1021]: OpenSSLAdapter::OnCloseEvent(111)
Sep 27 10:07:46 carina ipop-tincan[1021]: [09/27 10:07:46.258735] OnCloseEvent: ONCLOSEEVENT 111


● ipopController.service - IPOP controller service
   Loaded: loaded (/etc/systemd/system/ipopController.service; enabled; vendor preset: enabled)
   Active: active (running) since Fri 2019-09-27 10:05:00 EST; 2min 59s ago
 Main PID: 1022 (python)
    Tasks: 11 (limit: 2120)
   CGroup: /system.slice/ipopController.service
           └─1022 /usr/bin/python -m controller.Controller -c config/gvpn-config.json

Sep 27 10:05:31 carina python[1022]: [20190927 10:05:31.539] INFO:p2p state: searching
Sep 27 10:05:46 carina python[1022]: [20190927 10:05:46.548] INFO:p2p state: searching
Sep 27 10:06:01 carina python[1022]: [20190927 10:06:01.556] INFO:p2p state: searching
Sep 27 10:06:16 carina python[1022]: [20190927 10:06:16.563] INFO:p2p state: searching
Sep 27 10:06:31 carina python[1022]: [20190927 10:06:31.570] INFO:p2p state: searching
Sep 27 10:06:46 carina python[1022]: [20190927 10:06:46.577] INFO:p2p state: searching
Sep 27 10:07:01 carina python[1022]: [20190927 10:07:01.584] INFO:p2p state: searching
Sep 27 10:07:16 carina python[1022]: [20190927 10:07:16.592] INFO:p2p state: searching
Sep 27 10:07:31 carina python[1022]: [20190927 10:07:31.598] INFO:p2p state: searching
Sep 27 10:07:46 carina python[1022]: [20190927 10:07:46.605] INFO:p2p state: searching


PING 8.8.8.8 (8.8.8.8) 56(84) bytes of data.
64 bytes from 8.8.8.8: icmp_seq=1 ttl=50 time=51.9 ms
64 bytes from 8.8.8.8: icmp_seq=2 ttl=50 time=66.4 ms
64 bytes from 8.8.8.8: icmp_seq=3 ttl=50 time=50.2 ms

--- 8.8.8.8 ping statistics ---
3 packets transmitted, 3 received, 0% packet loss, time 2003ms
rtt min/avg/max/mdev = 50.219/56.214/66.490/7.299 ms


PING 192.168.10.1 (192.168.10.1) 56(84) bytes of data.

--- 192.168.10.1 ping statistics ---
3 packets transmitted, 0 received, 100% packet loss, time 2053ms



PING 192.168.10.11 (192.168.10.11) 56(84) bytes of data.
64 bytes from 192.168.10.11: icmp_seq=1 ttl=64 time=0.063 ms
64 bytes from 192.168.10.11: icmp_seq=2 ttl=64 time=0.083 ms
64 bytes from 192.168.10.11: icmp_seq=3 ttl=64 time=0.082 ms

--- 192.168.10.11 ping statistics ---
3 packets transmitted, 3 received, 0% packet loss, time 2054ms
rtt min/avg/max/mdev = 0.063/0.076/0.083/0.009 ms


PING 192.168.10.12 (192.168.10.12) 56(84) bytes of data.

--- 192.168.10.12 ping statistics ---
3 packets transmitted, 0 received, 100% packet loss, time 2037ms



PING 192.168.10.13 (192.168.10.13) 56(84) bytes of data.

--- 192.168.10.13 ping statistics ---
3 packets transmitted, 0 received, 100% packet loss, time 2053ms



PING github.com (140.82.113.4) 56(84) bytes of data.
64 bytes from lb-140-82-113-4-iad.github.com (140.82.113.4): icmp_seq=1 ttl=48 time=44.8 ms
64 bytes from lb-140-82-113-4-iad.github.com (140.82.113.4): icmp_seq=2 ttl=48 time=38.8 ms
64 bytes from lb-140-82-113-4-iad.github.com (140.82.113.4): icmp_seq=3 ttl=48 time=85.5 ms

--- github.com ping statistics ---
3 packets transmitted, 3 received, 0% packet loss, time 2002ms
rtt min/avg/max/mdev = 38.842/56.419/85.542/20.739 ms


[   12.074037] audit: type=1400 audit(1569596698.927:8): apparmor="STATUS" operation="profile_load" profile="unconfined" name="/usr/lib/connman/scripts/dhclient-script" pid=726 comm="apparmor_parser"
[   12.077109] audit: type=1400 audit(1569596698.931:9): apparmor="STATUS" operation="profile_load" profile="unconfined" name="/usr/lib/snapd/snap-confine" pid=730 comm="apparmor_parser"
[   12.077115] audit: type=1400 audit(1569596698.931:10): apparmor="STATUS" operation="profile_load" profile="unconfined" name="/usr/lib/snapd/snap-confine//mount-namespace-capture-helper" pid=730 comm="apparmor_parser"
[   12.078719] audit: type=1400 audit(1569596698.931:11): apparmor="STATUS" operation="profile_load" profile="unconfined" name="/usr/sbin/cups-browsed" pid=731 comm="apparmor_parser"
[   12.729788] Bluetooth: BNEP (Ethernet Emulation) ver 1.3
[   12.729791] Bluetooth: BNEP filters: protocol multicast
[   12.729798] Bluetooth: BNEP socket layer initialized
[   13.787218] IPv6: ADDRCONF(NETDEV_CHANGE): enx0015ff080733: link becomes ready
[   15.256148] igb 0000:02:00.0 enp2s0: igb: enp2s0 NIC Link is Up 100 Mbps Full Duplex, Flow Control: RX/TX
[   15.256463] IPv6: ADDRCONF(NETDEV_CHANGE): enp2s0: link becomes ready


#########################################################

############## 09/27/19 12:00:01 EST -0500 ##############

#########################################################


 12:00:01 up  1:55,  0 users,  load average: 0.03, 0.02, 0.02


reboot   system boot  5.0.0-29-generic Fri Sep 27 10:04   still running
reboot   system boot  5.0.0-29-generic Fri Sep 27 09:46 - 10:04  (00:18)

wtmp begins Mon Sep  2 08:42:49 2019


Bus 002 Device 001: ID 1d6b:0003 Linux Foundation 3.0 root hub
Bus 001 Device 004: ID 8087:0a2b Intel Corp. 
Bus 001 Device 003: ID 04b4:6570 Cypress Semiconductor Corp. 
Bus 001 Device 002: ID 1410:9031 Novatel Wireless 
Bus 001 Device 001: ID 1d6b:0002 Linux Foundation 2.0 root hub






enx0015ff080733:
100.78.217.165/30


ipop:
192.168.10.11/16


enx0015ff080733: flags=4163<UP,BROADCAST,RUNNING,MULTICAST>  mtu 1500
        inet 100.78.217.165  netmask 255.255.255.252  broadcast 100.78.217.167
        inet6 fe80::312d:809c:7178:1547  prefixlen 64  scopeid 0x20<link>
        inet6 2600:1003:b862:4120:d57a:b3dc:8882:d0cb  prefixlen 64  scopeid 0x0<global>
        inet6 2600:1003:b862:4120:8e1e:6fc3:7943:91d2  prefixlen 64  scopeid 0x0<global>
        ether 00:15:ff:08:07:33  txqueuelen 1000  (Ethernet)
        RX packets 4208  bytes 362505 (362.5 KB)
        RX errors 0  dropped 0  overruns 0  frame 0
        TX packets 4694  bytes 757082 (757.0 KB)
        TX errors 0  dropped 0 overruns 0  carrier 0  collisions 0



enp2s0:
192.168.1.5/24












Unit watchdog.service could not be found.


● ipopTincan.service - IPOP Tincan service
   Loaded: loaded (/etc/systemd/system/ipopTincan.service; enabled; vendor preset: enabled)
   Active: active (running) since Fri 2019-09-27 10:05:00 EST; 1h 55min ago
 Main PID: 1021 (ipop-tincan)
    Tasks: 4 (limit: 2120)
   CGroup: /system.slice/ipopTincan.service
           └─1021 /home/scc/applications/ipopbin/ipop-tincan

Sep 27 11:59:20 carina ipop-tincan[1021]: OpenSSLAdapter::OnCloseEvent(111)
Sep 27 11:59:20 carina ipop-tincan[1021]: [09/27 11:59:20.042723] OnCloseEvent: ONCLOSEEVENT 111
Sep 27 11:59:34 carina ipop-tincan[1021]: Cleanup
Sep 27 11:59:34 carina ipop-tincan[1021]: [09/27 11:59:34.844235] Connect: XMPP CONNECTING
Sep 27 11:59:35 carina ipop-tincan[1021]: OpenSSLAdapter::OnCloseEvent(111)
Sep 27 11:59:35 carina ipop-tincan[1021]: [09/27 11:59:35.044575] OnCloseEvent: ONCLOSEEVENT 111
Sep 27 11:59:49 carina ipop-tincan[1021]: Cleanup
Sep 27 11:59:49 carina ipop-tincan[1021]: [09/27 11:59:49.852675] Connect: XMPP CONNECTING
Sep 27 11:59:50 carina ipop-tincan[1021]: OpenSSLAdapter::OnCloseEvent(111)
Sep 27 11:59:50 carina ipop-tincan[1021]: [09/27 11:59:50.039199] OnCloseEvent: ONCLOSEEVENT 111


● ipopController.service - IPOP controller service
   Loaded: loaded (/etc/systemd/system/ipopController.service; enabled; vendor preset: enabled)
   Active: active (running) since Fri 2019-09-27 10:05:00 EST; 1h 55min ago
 Main PID: 1022 (python)
    Tasks: 11 (limit: 2120)
   CGroup: /system.slice/ipopController.service
           └─1022 /usr/bin/python -m controller.Controller -c config/gvpn-config.json

Sep 27 11:57:49 carina python[1022]: [20190927 11:57:49.790] INFO:p2p state: searching
Sep 27 11:58:04 carina python[1022]: [20190927 11:58:04.797] INFO:p2p state: searching
Sep 27 11:58:19 carina python[1022]: [20190927 11:58:19.805] INFO:p2p state: searching
Sep 27 11:58:31 carina python[1022]: [20190927 11:58:31.168] WARNING:Statistics report failed to the stat-server (http://metrics.ipop-project.org:8080/api/submit).
Sep 27 11:58:34 carina python[1022]: [20190927 11:58:34.812] INFO:p2p state: searching
Sep 27 11:58:49 carina python[1022]: [20190927 11:58:49.819] INFO:p2p state: searching
Sep 27 11:59:04 carina python[1022]: [20190927 11:59:04.827] INFO:p2p state: searching
Sep 27 11:59:19 carina python[1022]: [20190927 11:59:19.835] INFO:p2p state: searching
Sep 27 11:59:34 carina python[1022]: [20190927 11:59:34.843] INFO:p2p state: searching
Sep 27 11:59:49 carina python[1022]: [20190927 11:59:49.851] INFO:p2p state: searching


PING 8.8.8.8 (8.8.8.8) 56(84) bytes of data.
64 bytes from 8.8.8.8: icmp_seq=1 ttl=50 time=45.0 ms
64 bytes from 8.8.8.8: icmp_seq=2 ttl=50 time=58.0 ms
64 bytes from 8.8.8.8: icmp_seq=3 ttl=50 time=39.2 ms

--- 8.8.8.8 ping statistics ---
3 packets transmitted, 3 received, 0% packet loss, time 2002ms
rtt min/avg/max/mdev = 39.253/47.454/58.085/7.881 ms


PING 192.168.10.1 (192.168.10.1) 56(84) bytes of data.

--- 192.168.10.1 ping statistics ---
3 packets transmitted, 0 received, 100% packet loss, time 2014ms



PING 192.168.10.11 (192.168.10.11) 56(84) bytes of data.
64 bytes from 192.168.10.11: icmp_seq=1 ttl=64 time=0.062 ms
64 bytes from 192.168.10.11: icmp_seq=2 ttl=64 time=0.082 ms
64 bytes from 192.168.10.11: icmp_seq=3 ttl=64 time=0.082 ms

--- 192.168.10.11 ping statistics ---
3 packets transmitted, 3 received, 0% packet loss, time 2045ms
rtt min/avg/max/mdev = 0.062/0.075/0.082/0.011 ms


PING 192.168.10.12 (192.168.10.12) 56(84) bytes of data.

--- 192.168.10.12 ping statistics ---
3 packets transmitted, 0 received, 100% packet loss, time 2039ms



PING 192.168.10.13 (192.168.10.13) 56(84) bytes of data.

--- 192.168.10.13 ping statistics ---
3 packets transmitted, 0 received, 100% packet loss, time 2053ms



PING github.com (140.82.113.4) 56(84) bytes of data.
64 bytes from lb-140-82-113-4-iad.github.com (140.82.113.4): icmp_seq=1 ttl=48 time=36.9 ms
64 bytes from lb-140-82-113-4-iad.github.com (140.82.113.4): icmp_seq=2 ttl=48 time=51.0 ms
64 bytes from lb-140-82-113-4-iad.github.com (140.82.113.4): icmp_seq=3 ttl=48 time=50.7 ms

--- github.com ping statistics ---
3 packets transmitted, 3 received, 0% packet loss, time 2000ms
rtt min/avg/max/mdev = 36.978/46.262/51.086/6.571 ms


[   12.074037] audit: type=1400 audit(1569596698.927:8): apparmor="STATUS" operation="profile_load" profile="unconfined" name="/usr/lib/connman/scripts/dhclient-script" pid=726 comm="apparmor_parser"
[   12.077109] audit: type=1400 audit(1569596698.931:9): apparmor="STATUS" operation="profile_load" profile="unconfined" name="/usr/lib/snapd/snap-confine" pid=730 comm="apparmor_parser"
[   12.077115] audit: type=1400 audit(1569596698.931:10): apparmor="STATUS" operation="profile_load" profile="unconfined" name="/usr/lib/snapd/snap-confine//mount-namespace-capture-helper" pid=730 comm="apparmor_parser"
[   12.078719] audit: type=1400 audit(1569596698.931:11): apparmor="STATUS" operation="profile_load" profile="unconfined" name="/usr/sbin/cups-browsed" pid=731 comm="apparmor_parser"
[   12.729788] Bluetooth: BNEP (Ethernet Emulation) ver 1.3
[   12.729791] Bluetooth: BNEP filters: protocol multicast
[   12.729798] Bluetooth: BNEP socket layer initialized
[   13.787218] IPv6: ADDRCONF(NETDEV_CHANGE): enx0015ff080733: link becomes ready
[   15.256148] igb 0000:02:00.0 enp2s0: igb: enp2s0 NIC Link is Up 100 Mbps Full Duplex, Flow Control: RX/TX
[   15.256463] IPv6: ADDRCONF(NETDEV_CHANGE): enp2s0: link becomes ready


#########################################################

############## 09/27/19 18:00:01 EST -0500 ##############

#########################################################


 18:00:01 up  7:55,  0 users,  load average: 0.10, 0.11, 0.13


reboot   system boot  5.0.0-29-generic Fri Sep 27 10:04   still running
reboot   system boot  5.0.0-29-generic Fri Sep 27 09:46 - 10:04  (00:18)

wtmp begins Mon Sep  2 08:42:49 2019


Bus 002 Device 001: ID 1d6b:0003 Linux Foundation 3.0 root hub
Bus 001 Device 004: ID 8087:0a2b Intel Corp. 
Bus 001 Device 003: ID 04b4:6570 Cypress Semiconductor Corp. 
Bus 001 Device 002: ID 1410:9031 Novatel Wireless 
Bus 001 Device 001: ID 1d6b:0002 Linux Foundation 2.0 root hub






enx0015ff080733:
100.78.217.165/30


ipop:
192.168.10.11/16


enx0015ff080733: flags=4163<UP,BROADCAST,RUNNING,MULTICAST>  mtu 1500
        inet 100.78.217.165  netmask 255.255.255.252  broadcast 100.78.217.167
        inet6 fe80::312d:809c:7178:1547  prefixlen 64  scopeid 0x20<link>
        inet6 2600:1003:b862:4120:d57a:b3dc:8882:d0cb  prefixlen 64  scopeid 0x0<global>
        inet6 2600:1003:b862:4120:8e1e:6fc3:7943:91d2  prefixlen 64  scopeid 0x0<global>
        ether 00:15:ff:08:07:33  txqueuelen 1000  (Ethernet)
        RX packets 178395  bytes 57714250 (57.7 MB)
        RX errors 0  dropped 0  overruns 0  frame 0
        TX packets 179121  bytes 23279044 (23.2 MB)
        TX errors 0  dropped 0 overruns 0  carrier 0  collisions 0



enp2s0:
192.168.1.5/24












Unit watchdog.service could not be found.


● ipopTincan.service - IPOP Tincan service
   Loaded: loaded (/etc/systemd/system/ipopTincan.service; enabled; vendor preset: enabled)
   Active: active (running) since Fri 2019-09-27 10:05:00 EST; 7h ago
 Main PID: 1021 (ipop-tincan)
    Tasks: 4 (limit: 2120)
   CGroup: /system.slice/ipopTincan.service
           └─1021 /home/scc/applications/ipopbin/ipop-tincan

Sep 27 17:59:55 carina ipop-tincan[1021]: [09/27 17:59:55.672565] OnNetworksChanged: IPOP TAP Device to be ignored ipop:ipop
Sep 27 17:59:57 carina ipop-tincan[1021]: [09/27 17:59:57.673241] OnNetworksChanged: IPOP TAP Device to be ignored ipop:ipop
Sep 27 17:59:57 carina ipop-tincan[1021]: [09/27 17:59:57.673347] OnNetworksChanged: IPOP TAP Device to be ignored ipop:ipop
Sep 27 17:59:57 carina ipop-tincan[1021]: [09/27 17:59:57.673390] OnNetworksChanged: IPOP TAP Device to be ignored ipop:ipop
Sep 27 17:59:59 carina ipop-tincan[1021]: [09/27 17:59:59.674730] OnNetworksChanged: IPOP TAP Device to be ignored ipop:ipop
Sep 27 17:59:59 carina ipop-tincan[1021]: [09/27 17:59:59.674834] OnNetworksChanged: IPOP TAP Device to be ignored ipop:ipop
Sep 27 17:59:59 carina ipop-tincan[1021]: [09/27 17:59:59.674876] OnNetworksChanged: IPOP TAP Device to be ignored ipop:ipop
Sep 27 18:00:01 carina ipop-tincan[1021]: [09/27 18:00:01.675497] OnNetworksChanged: IPOP TAP Device to be ignored ipop:ipop
Sep 27 18:00:01 carina ipop-tincan[1021]: [09/27 18:00:01.675562] OnNetworksChanged: IPOP TAP Device to be ignored ipop:ipop
Sep 27 18:00:01 carina ipop-tincan[1021]: [09/27 18:00:01.675585] OnNetworksChanged: IPOP TAP Device to be ignored ipop:ipop
Sep 27 18:00:03 carina ipop-tincan[1021]: [09/27 18:00:03.675825] OnNetworksChanged: IPOP TAP Device to be ignored ipop:ipop
Sep 27 18:00:03 carina ipop-tincan[1021]: [09/27 18:00:03.675924] OnNetworksChanged: IPOP TAP Device to be ignored ipop:ipop
Sep 27 18:00:03 carina ipop-tincan[1021]: [09/27 18:00:03.675957] OnNetworksChanged: IPOP TAP Device to be ignored ipop:ipop
Sep 27 18:00:05 carina ipop-tincan[1021]: [09/27 18:00:05.677027] OnNetworksChanged: IPOP TAP Device to be ignored ipop:ipop
Sep 27 18:00:05 carina ipop-tincan[1021]: [09/27 18:00:05.677142] OnNetworksChanged: IPOP TAP Device to be ignored ipop:ipop
Sep 27 18:00:05 carina ipop-tincan[1021]: [09/27 18:00:05.677188] OnNetworksChanged: IPOP TAP Device to be ignored ipop:ipop


● ipopController.service - IPOP controller service
   Loaded: loaded (/etc/systemd/system/ipopController.service; enabled; vendor preset: enabled)
   Active: active (running) since Fri 2019-09-27 10:05:00 EST; 7h ago
 Main PID: 1022 (python)
    Tasks: 11 (limit: 2120)
   CGroup: /system.slice/ipopController.service
           └─1022 /usr/bin/python -m controller.Controller -c config/gvpn-config.json

Sep 27 17:59:16 carina python[1022]: [20190927 17:59:16.309] INFO:p2p state: CONNECTED
Sep 27 17:59:25 carina python[1022]: [20190927 17:59:25.985] INFO:recv advertisement: b7e5e4036281f1fdc4e874258965570c822150ec
Sep 27 17:59:26 carina python[1022]: [20190927 17:59:26.381] INFO:recv advertisement: 249ee114d182cfc3279a919454c017d547b13651
Sep 27 17:59:31 carina python[1022]: [20190927 17:59:31.319] INFO:p2p state: CONNECTED
Sep 27 17:59:41 carina python[1022]: [20190927 17:59:41.007] INFO:recv advertisement: b7e5e4036281f1fdc4e874258965570c822150ec
Sep 27 17:59:41 carina python[1022]: [20190927 17:59:41.414] INFO:recv advertisement: 249ee114d182cfc3279a919454c017d547b13651
Sep 27 17:59:46 carina python[1022]: [20190927 17:59:46.328] INFO:p2p state: CONNECTED
Sep 27 17:59:56 carina python[1022]: [20190927 17:59:56.006] INFO:recv advertisement: b7e5e4036281f1fdc4e874258965570c822150ec
Sep 27 17:59:56 carina python[1022]: [20190927 17:59:56.389] INFO:recv advertisement: 249ee114d182cfc3279a919454c017d547b13651
Sep 27 18:00:01 carina python[1022]: [20190927 18:00:01.336] INFO:p2p state: CONNECTED


PING 8.8.8.8 (8.8.8.8) 56(84) bytes of data.
64 bytes from 8.8.8.8: icmp_seq=1 ttl=50 time=47.1 ms
64 bytes from 8.8.8.8: icmp_seq=2 ttl=50 time=43.4 ms
64 bytes from 8.8.8.8: icmp_seq=3 ttl=50 time=56.5 ms

--- 8.8.8.8 ping statistics ---
3 packets transmitted, 3 received, 0% packet loss, time 2001ms
rtt min/avg/max/mdev = 43.476/49.049/56.544/5.505 ms


PING 192.168.10.1 (192.168.10.1) 56(84) bytes of data.
64 bytes from 192.168.10.1: icmp_seq=1 ttl=64 time=79.5 ms
64 bytes from 192.168.10.1: icmp_seq=2 ttl=64 time=78.9 ms
64 bytes from 192.168.10.1: icmp_seq=3 ttl=64 time=85.1 ms

--- 192.168.10.1 ping statistics ---
3 packets transmitted, 3 received, 0% packet loss, time 2002ms
rtt min/avg/max/mdev = 78.915/81.191/85.158/2.824 ms


PING 192.168.10.11 (192.168.10.11) 56(84) bytes of data.
64 bytes from 192.168.10.11: icmp_seq=1 ttl=64 time=0.063 ms
64 bytes from 192.168.10.11: icmp_seq=2 ttl=64 time=0.084 ms
64 bytes from 192.168.10.11: icmp_seq=3 ttl=64 time=0.083 ms

--- 192.168.10.11 ping statistics ---
3 packets transmitted, 3 received, 0% packet loss, time 2044ms
rtt min/avg/max/mdev = 0.063/0.076/0.084/0.014 ms


PING 192.168.10.12 (192.168.10.12) 56(84) bytes of data.
64 bytes from 192.168.10.12: icmp_seq=1 ttl=64 time=81.0 ms
64 bytes from 192.168.10.12: icmp_seq=2 ttl=64 time=60.6 ms
64 bytes from 192.168.10.12: icmp_seq=3 ttl=64 time=132 ms

--- 192.168.10.12 ping statistics ---
3 packets transmitted, 3 received, 0% packet loss, time 2003ms
rtt min/avg/max/mdev = 60.659/91.545/132.962/30.444 ms


PING 192.168.10.13 (192.168.10.13) 56(84) bytes of data.

--- 192.168.10.13 ping statistics ---
3 packets transmitted, 0 received, 100% packet loss, time 2036ms



PING github.com (140.82.113.3) 56(84) bytes of data.
64 bytes from lb-140-82-113-3-iad.github.com (140.82.113.3): icmp_seq=1 ttl=49 time=42.1 ms
64 bytes from lb-140-82-113-3-iad.github.com (140.82.113.3): icmp_seq=2 ttl=49 time=57.9 ms
64 bytes from lb-140-82-113-3-iad.github.com (140.82.113.3): icmp_seq=3 ttl=49 time=56.6 ms

--- github.com ping statistics ---
3 packets transmitted, 3 received, 0% packet loss, time 2002ms
rtt min/avg/max/mdev = 42.126/52.258/57.980/7.189 ms


[   12.074037] audit: type=1400 audit(1569596698.927:8): apparmor="STATUS" operation="profile_load" profile="unconfined" name="/usr/lib/connman/scripts/dhclient-script" pid=726 comm="apparmor_parser"
[   12.077109] audit: type=1400 audit(1569596698.931:9): apparmor="STATUS" operation="profile_load" profile="unconfined" name="/usr/lib/snapd/snap-confine" pid=730 comm="apparmor_parser"
[   12.077115] audit: type=1400 audit(1569596698.931:10): apparmor="STATUS" operation="profile_load" profile="unconfined" name="/usr/lib/snapd/snap-confine//mount-namespace-capture-helper" pid=730 comm="apparmor_parser"
[   12.078719] audit: type=1400 audit(1569596698.931:11): apparmor="STATUS" operation="profile_load" profile="unconfined" name="/usr/sbin/cups-browsed" pid=731 comm="apparmor_parser"
[   12.729788] Bluetooth: BNEP (Ethernet Emulation) ver 1.3
[   12.729791] Bluetooth: BNEP filters: protocol multicast
[   12.729798] Bluetooth: BNEP socket layer initialized
[   13.787218] IPv6: ADDRCONF(NETDEV_CHANGE): enx0015ff080733: link becomes ready
[   15.256148] igb 0000:02:00.0 enp2s0: igb: enp2s0 NIC Link is Up 100 Mbps Full Duplex, Flow Control: RX/TX
[   15.256463] IPv6: ADDRCONF(NETDEV_CHANGE): enp2s0: link becomes ready


#########################################################

############## 09/28/19 00:00:01 EST -0500 ##############

#########################################################


 00:00:01 up 13:55,  0 users,  load average: 0.13, 0.14, 0.12


reboot   system boot  5.0.0-29-generic Fri Sep 27 10:04   still running
reboot   system boot  5.0.0-29-generic Fri Sep 27 09:46 - 10:04  (00:18)

wtmp begins Mon Sep  2 08:42:49 2019


Bus 002 Device 001: ID 1d6b:0003 Linux Foundation 3.0 root hub
Bus 001 Device 004: ID 8087:0a2b Intel Corp. 
Bus 001 Device 003: ID 04b4:6570 Cypress Semiconductor Corp. 
Bus 001 Device 002: ID 1410:9031 Novatel Wireless 
Bus 001 Device 001: ID 1d6b:0002 Linux Foundation 2.0 root hub






enx0015ff080733:
100.78.217.165/30


ipop:
192.168.10.11/16


enx0015ff080733: flags=4163<UP,BROADCAST,RUNNING,MULTICAST>  mtu 1500
        inet 100.78.217.165  netmask 255.255.255.252  broadcast 100.78.217.167
        inet6 fe80::312d:809c:7178:1547  prefixlen 64  scopeid 0x20<link>
        inet6 2600:1003:b862:4120:d57a:b3dc:8882:d0cb  prefixlen 64  scopeid 0x0<global>
        inet6 2600:1003:b862:4120:8e1e:6fc3:7943:91d2  prefixlen 64  scopeid 0x0<global>
        ether 00:15:ff:08:07:33  txqueuelen 1000  (Ethernet)
        RX packets 394854  bytes 83543372 (83.5 MB)
        RX errors 0  dropped 0  overruns 0  frame 0
        TX packets 410986  bytes 53410875 (53.4 MB)
        TX errors 0  dropped 0 overruns 0  carrier 0  collisions 0



enp2s0:
192.168.1.5/24












Unit watchdog.service could not be found.


● ipopTincan.service - IPOP Tincan service
   Loaded: loaded (/etc/systemd/system/ipopTincan.service; enabled; vendor preset: enabled)
   Active: active (running) since Fri 2019-09-27 10:05:00 EST; 13h ago
 Main PID: 1021 (ipop-tincan)
    Tasks: 4 (limit: 2120)
   CGroup: /system.slice/ipopTincan.service
           └─1021 /home/scc/applications/ipopbin/ipop-tincan

Sep 27 23:59:55 carina ipop-tincan[1021]: [09/27 23:59:55.555018] OnNetworksChanged: IPOP TAP Device to be ignored ipop:ipop
Sep 27 23:59:57 carina ipop-tincan[1021]: [09/27 23:59:57.556093] OnNetworksChanged: IPOP TAP Device to be ignored ipop:ipop
Sep 27 23:59:57 carina ipop-tincan[1021]: [09/27 23:59:57.556210] OnNetworksChanged: IPOP TAP Device to be ignored ipop:ipop
Sep 27 23:59:57 carina ipop-tincan[1021]: [09/27 23:59:57.556256] OnNetworksChanged: IPOP TAP Device to be ignored ipop:ipop
Sep 27 23:59:59 carina ipop-tincan[1021]: [09/27 23:59:59.557074] OnNetworksChanged: IPOP TAP Device to be ignored ipop:ipop
Sep 27 23:59:59 carina ipop-tincan[1021]: [09/27 23:59:59.557179] OnNetworksChanged: IPOP TAP Device to be ignored ipop:ipop
Sep 27 23:59:59 carina ipop-tincan[1021]: [09/27 23:59:59.557223] OnNetworksChanged: IPOP TAP Device to be ignored ipop:ipop
Sep 28 00:00:01 carina ipop-tincan[1021]: [09/28 00:00:01.558147] OnNetworksChanged: IPOP TAP Device to be ignored ipop:ipop
Sep 28 00:00:01 carina ipop-tincan[1021]: [09/28 00:00:01.558258] OnNetworksChanged: IPOP TAP Device to be ignored ipop:ipop
Sep 28 00:00:01 carina ipop-tincan[1021]: [09/28 00:00:01.558303] OnNetworksChanged: IPOP TAP Device to be ignored ipop:ipop


● ipopController.service - IPOP controller service
   Loaded: loaded (/etc/systemd/system/ipopController.service; enabled; vendor preset: enabled)
   Active: active (running) since Fri 2019-09-27 10:05:00 EST; 13h ago
 Main PID: 1022 (python)
    Tasks: 11 (limit: 2120)
   CGroup: /system.slice/ipopController.service
           └─1022 /usr/bin/python -m controller.Controller -c config/gvpn-config.json

Sep 27 23:59:43 carina python[1022]: [20190927 23:59:43.368] INFO:p2p state: CONNECTED
Sep 27 23:59:45 carina python[1022]: [20190927 23:59:45.006] INFO:Succesfully reported status to the stat-server (http://metrics.ipop-project.org:8080/api/submit).
Sep 27 23:59:45 carina python[1022]: HTTP response code:200, msg:{
Sep 27 23:59:45 carina python[1022]:   "result": "2ee69914b671495c9619e306ec1c888a",
Sep 27 23:59:45 carina python[1022]:   "status": "success"
Sep 27 23:59:45 carina python[1022]: }
Sep 27 23:59:46 carina python[1022]: [20190927 23:59:46.169] INFO:recv advertisement: 249ee114d182cfc3279a919454c017d547b13651
Sep 27 23:59:52 carina python[1022]: [20190927 23:59:52.832] INFO:recv advertisement: b7e5e4036281f1fdc4e874258965570c822150ec
Sep 27 23:59:58 carina python[1022]: [20190927 23:59:58.375] INFO:p2p state: CONNECTED
Sep 28 00:00:01 carina python[1022]: [20190928 00:00:01.173] INFO:recv advertisement: 249ee114d182cfc3279a919454c017d547b13651


PING 8.8.8.8 (8.8.8.8) 56(84) bytes of data.
64 bytes from 8.8.8.8: icmp_seq=1 ttl=50 time=46.2 ms
64 bytes from 8.8.8.8: icmp_seq=2 ttl=50 time=43.1 ms
64 bytes from 8.8.8.8: icmp_seq=3 ttl=50 time=41.8 ms

--- 8.8.8.8 ping statistics ---
3 packets transmitted, 3 received, 0% packet loss, time 2003ms
rtt min/avg/max/mdev = 41.825/43.736/46.272/1.868 ms


PING 192.168.10.1 (192.168.10.1) 56(84) bytes of data.
64 bytes from 192.168.10.1: icmp_seq=1 ttl=64 time=87.7 ms
64 bytes from 192.168.10.1: icmp_seq=2 ttl=64 time=96.4 ms
64 bytes from 192.168.10.1: icmp_seq=3 ttl=64 time=105 ms

--- 192.168.10.1 ping statistics ---
3 packets transmitted, 3 received, 0% packet loss, time 2002ms
rtt min/avg/max/mdev = 87.720/96.571/105.572/7.297 ms


PING 192.168.10.11 (192.168.10.11) 56(84) bytes of data.
64 bytes from 192.168.10.11: icmp_seq=1 ttl=64 time=0.063 ms
64 bytes from 192.168.10.11: icmp_seq=2 ttl=64 time=0.083 ms
64 bytes from 192.168.10.11: icmp_seq=3 ttl=64 time=0.085 ms

--- 192.168.10.11 ping statistics ---
3 packets transmitted, 3 received, 0% packet loss, time 2004ms
rtt min/avg/max/mdev = 0.063/0.077/0.085/0.009 ms


PING 192.168.10.12 (192.168.10.12) 56(84) bytes of data.
64 bytes from 192.168.10.12: icmp_seq=1 ttl=64 time=88.2 ms
64 bytes from 192.168.10.12: icmp_seq=2 ttl=64 time=77.1 ms
64 bytes from 192.168.10.12: icmp_seq=3 ttl=64 time=94.3 ms

--- 192.168.10.12 ping statistics ---
3 packets transmitted, 3 received, 0% packet loss, time 2003ms
rtt min/avg/max/mdev = 77.174/86.602/94.356/7.117 ms


PING 192.168.10.13 (192.168.10.13) 56(84) bytes of data.

--- 192.168.10.13 ping statistics ---
3 packets transmitted, 0 received, 100% packet loss, time 2003ms



PING github.com (192.30.253.113) 56(84) bytes of data.
64 bytes from lb-192-30-253-113-iad.github.com (192.30.253.113): icmp_seq=1 ttl=48 time=55.7 ms
64 bytes from lb-192-30-253-113-iad.github.com (192.30.253.113): icmp_seq=2 ttl=48 time=54.2 ms
64 bytes from lb-192-30-253-113-iad.github.com (192.30.253.113): icmp_seq=3 ttl=48 time=52.9 ms

--- github.com ping statistics ---
3 packets transmitted, 3 received, 0% packet loss, time 2003ms
rtt min/avg/max/mdev = 52.911/54.326/55.791/1.176 ms


[   12.077109] audit: type=1400 audit(1569596698.931:9): apparmor="STATUS" operation="profile_load" profile="unconfined" name="/usr/lib/snapd/snap-confine" pid=730 comm="apparmor_parser"
[   12.077115] audit: type=1400 audit(1569596698.931:10): apparmor="STATUS" operation="profile_load" profile="unconfined" name="/usr/lib/snapd/snap-confine//mount-namespace-capture-helper" pid=730 comm="apparmor_parser"
[   12.078719] audit: type=1400 audit(1569596698.931:11): apparmor="STATUS" operation="profile_load" profile="unconfined" name="/usr/sbin/cups-browsed" pid=731 comm="apparmor_parser"
[   12.729788] Bluetooth: BNEP (Ethernet Emulation) ver 1.3
[   12.729791] Bluetooth: BNEP filters: protocol multicast
[   12.729798] Bluetooth: BNEP socket layer initialized
[   13.787218] IPv6: ADDRCONF(NETDEV_CHANGE): enx0015ff080733: link becomes ready
[   15.256148] igb 0000:02:00.0 enp2s0: igb: enp2s0 NIC Link is Up 100 Mbps Full Duplex, Flow Control: RX/TX
[   15.256463] IPv6: ADDRCONF(NETDEV_CHANGE): enp2s0: link becomes ready
[43725.361974] perf: interrupt took too long (2523 > 2500), lowering kernel.perf_event_max_sample_rate to 79250


#########################################################

############## 09/28/19 06:00:01 EST -0500 ##############

#########################################################


 06:00:02 up 19:55,  0 users,  load average: 0.29, 0.29, 0.24


reboot   system boot  5.0.0-29-generic Fri Sep 27 10:04   still running
reboot   system boot  5.0.0-29-generic Fri Sep 27 09:46 - 10:04  (00:18)

wtmp begins Mon Sep  2 08:42:49 2019


Bus 002 Device 001: ID 1d6b:0003 Linux Foundation 3.0 root hub
Bus 001 Device 004: ID 8087:0a2b Intel Corp. 
Bus 001 Device 003: ID 04b4:6570 Cypress Semiconductor Corp. 
Bus 001 Device 002: ID 1410:9031 Novatel Wireless 
Bus 001 Device 001: ID 1d6b:0002 Linux Foundation 2.0 root hub






enx0015ff080733:
100.78.217.165/30


ipop:
192.168.10.11/16


enx0015ff080733: flags=4163<UP,BROADCAST,RUNNING,MULTICAST>  mtu 1500
        inet 100.78.217.165  netmask 255.255.255.252  broadcast 100.78.217.167
        inet6 fe80::312d:809c:7178:1547  prefixlen 64  scopeid 0x20<link>
        inet6 2600:1003:b862:4120:d57a:b3dc:8882:d0cb  prefixlen 64  scopeid 0x0<global>
        inet6 2600:1003:b862:4120:8e1e:6fc3:7943:91d2  prefixlen 64  scopeid 0x0<global>
        ether 00:15:ff:08:07:33  txqueuelen 1000  (Ethernet)
        RX packets 647194  bytes 124032853 (124.0 MB)
        RX errors 0  dropped 0  overruns 0  frame 0
        TX packets 671988  bytes 87395553 (87.3 MB)
        TX errors 0  dropped 0 overruns 0  carrier 0  collisions 0



enp2s0:
192.168.1.5/24












Unit watchdog.service could not be found.


● ipopTincan.service - IPOP Tincan service
   Loaded: loaded (/etc/systemd/system/ipopTincan.service; enabled; vendor preset: enabled)
   Active: active (running) since Fri 2019-09-27 10:05:00 EST; 19h ago
 Main PID: 1021 (ipop-tincan)
    Tasks: 4 (limit: 2120)
   CGroup: /system.slice/ipopTincan.service
           └─1021 /home/scc/applications/ipopbin/ipop-tincan

Sep 28 05:59:55 carina ipop-tincan[1021]: [09/28 05:59:55.696130] SendToPeer: XMPP SEND uid fe66b8b29cbf4cb66deb7de2e1f5dc7f15cc81f2 data {"con_type": "successor", "fpr": "C4:8D:A1:F9:03:8A:9F:A6:A4:3D:BF:C8:A5:97:BD:CB:0D:5F:9A:1B"} type con_req
Sep 28 05:59:57 carina ipop-tincan[1021]: [09/28 05:59:57.365341] OnNetworksChanged: IPOP TAP Device to be ignored ipop:ipop
Sep 28 05:59:57 carina ipop-tincan[1021]: [09/28 05:59:57.365443] OnNetworksChanged: IPOP TAP Device to be ignored ipop:ipop
Sep 28 05:59:57 carina ipop-tincan[1021]: [09/28 05:59:57.365487] OnNetworksChanged: IPOP TAP Device to be ignored ipop:ipop
Sep 28 05:59:59 carina ipop-tincan[1021]: [09/28 05:59:59.366829] OnNetworksChanged: IPOP TAP Device to be ignored ipop:ipop
Sep 28 05:59:59 carina ipop-tincan[1021]: [09/28 05:59:59.366934] OnNetworksChanged: IPOP TAP Device to be ignored ipop:ipop
Sep 28 05:59:59 carina ipop-tincan[1021]: [09/28 05:59:59.366976] OnNetworksChanged: IPOP TAP Device to be ignored ipop:ipop
Sep 28 06:00:01 carina ipop-tincan[1021]: [09/28 06:00:01.368694] OnNetworksChanged: IPOP TAP Device to be ignored ipop:ipop
Sep 28 06:00:01 carina ipop-tincan[1021]: [09/28 06:00:01.368763] OnNetworksChanged: IPOP TAP Device to be ignored ipop:ipop
Sep 28 06:00:01 carina ipop-tincan[1021]: [09/28 06:00:01.368795] OnNetworksChanged: IPOP TAP Device to be ignored ipop:ipop
Sep 28 06:00:03 carina ipop-tincan[1021]: [09/28 06:00:03.370396] OnNetworksChanged: IPOP TAP Device to be ignored ipop:ip

#########################################################

############## 09/29/19 00:00:01 EST -0500 ##############

#########################################################


 00:00:01 up 1 day, 13:55,  0 users,  load average: 0.22, 0.14, 0.10


reboot   system boot  5.0.0-29-generic Fri Sep 27 10:04   still running
reboot   system boot  5.0.0-29-generic Fri Sep 27 09:46 - 10:04  (00:18)

wtmp begins Mon Sep  2 08:42:49 2019


Bus 002 Device 001: ID 1d6b:0003 Linux Foundation 3.0 root hub
Bus 001 Device 004: ID 8087:0a2b Intel Corp. 
Bus 001 Device 003: ID 04b4:6570 Cypress Semiconductor Corp. 
Bus 001 Device 002: ID 1410:9031 Novatel Wireless 
Bus 001 Device 001: ID 1d6b:0002 Linux Foundation 2.0 root hub






enx0015ff080733:
100.78.217.165/30


ipop:
192.168.10.11/16


enx0015ff080733: flags=4163<UP,BROADCAST,RUNNING,MULTICAST>  mtu 1500
        inet 100.78.217.165  netmask 255.255.255.252  broadcast 100.78.217.167
        inet6 2600:1003:b862:4120:80b9:2b7c:16d:5c44  prefixlen 64  scopeid 0x0<global>
        inet6 fe80::312d:809c:7178:1547  prefixlen 64  scopeid 0x20<link>
        inet6 2600:1003:b862:4120:d57a:b3dc:8882:d0cb  prefixlen 64  scopeid 0x0<global>
        inet6 2600:1003:b862:4120:8e1e:6fc3:7943:91d2  prefixlen 64  scopeid 0x0<global>
        ether 00:15:ff:08:07:33  txqueuelen 1000  (Ethernet)
        RX packets 1470291  bytes 341761363 (341.7 MB)
        RX errors 0  dropped 0  overruns 0  frame 0
        TX packets 1505098  bytes 203279271 (203.2 MB)
        TX errors 0  dropped 0 overruns 0  carrier 0  collisions 0



enp2s0:
192.168.1.5/24












Unit watchdog.service could not be found.


● ipopTincan.service - IPOP Tincan service
   Loaded: loaded (/etc/systemd/system/ipopTincan.service; enabled; vendor preset: enabled)
   Active: active (running) since Fri 2019-09-27 10:05:00 EST; 1 day 13h ago
 Main PID: 1021 (ipop-tincan)
    Tasks: 4 (limit: 2120)
   CGroup: /system.slice/ipopTincan.service
           └─1021 /home/scc/applications/ipopbin/ipop-tincan

Sep 28 23:59:58 carina ipop-tincan[1021]: [09/28 23:59:58.307737] OnNetworksChanged: IPOP TAP Device to be ignored ipop:ipop
Sep 29 00:00:00 carina ipop-tincan[1021]: [09/29 00:00:00.309284] OnNetworksChanged: IPOP TAP Device to be ignored ipop:ipop
Sep 29 00:00:00 carina ipop-tincan[1021]: [09/29 00:00:00.309405] OnNetworksChanged: IPOP TAP Device to be ignored ipop:ipop
Sep 29 00:00:00 carina ipop-tincan[1021]: [09/29 00:00:00.309450] OnNetworksChanged: IPOP TAP Device to be ignored ipop:ipop
Sep 29 00:00:02 carina ipop-tincan[1021]: [09/29 00:00:02.310322] OnNetworksChanged: IPOP TAP Device to be ignored ipop:ipop
Sep 29 00:00:02 carina ipop-tincan[1021]: [09/29 00:00:02.310384] OnNetworksChanged: IPOP TAP Device to be ignored ipop:ipop
Sep 29 00:00:02 carina ipop-tincan[1021]: [09/29 00:00:02.310416] OnNetworksChanged: IPOP TAP Device to be ignored ipop:ipop
Sep 29 00:00:04 carina ipop-tincan[1021]: [09/29 00:00:04.311000] OnNetworksChanged: IPOP TAP Device to be ignored ipop:ipop
Sep 29 00:00:04 carina ipop-tincan[1021]: [09/29 00:00:04.311104] OnNetworksChanged: IPOP TAP Device to be ignored ipop:ipop
Sep 29 00:00:04 carina ipop-tincan[1021]: [09/29 00:00:04.311148] OnNetworksChanged: IPOP TAP Device to be ignored ipop:ipop
Sep 29 00:00:06 carina ipop-tincan[1021]: [09/29 00:00:06.312543] OnNetworksChanged: IPOP TAP Device to be ignored ipop:ipop
Sep 29 00:00:06 carina ipop-tincan[1021]: [09/29 00:00:06.312648] OnNetworksChanged: IPOP TAP Device to be ignored ipop:ipop
Sep 29 00:00:06 carina ipop-tincan[1021]: [09/29 00:00:06.312692] OnNetworksChanged: IPOP TAP Device to be ignored ipop:ipop


● ipopController.service - IPOP controller service
   Loaded: loaded (/etc/systemd/system/ipopController.service; enabled; vendor preset: enabled)
   Active: active (running) since Fri 2019-09-27 10:05:00 EST; 1 day 13h ago
 Main PID: 1022 (python)
    Tasks: 11 (limit: 2120)
   CGroup: /system.slice/ipopController.service
           └─1022 /usr/bin/python -m controller.Controller -c config/gvpn-config.json

Sep 28 23:59:34 carina python[1022]: [20190928 23:59:34.738] INFO:removed connection: fe66b8b29cbf4cb66deb7de2e1f5dc7f15cc81f2
Sep 28 23:59:34 carina python[1022]: [20190928 23:59:34.738] INFO:sent con_req (successor): fe66b8b29cbf4cb66deb7de2e1f5dc7f15cc81f2
Sep 28 23:59:34 carina python[1022]: [20190928 23:59:34.739] INFO:p2p state: CONNECTED
Sep 28 23:59:35 carina python[1022]: [20190928 23:59:35.687] INFO:recv advertisement: 249ee114d182cfc3279a919454c017d547b13651
Sep 28 23:59:43 carina python[1022]: [20190928 23:59:43.023] INFO:recv advertisement: b7e5e4036281f1fdc4e874258965570c822150ec
Sep 28 23:59:49 carina python[1022]: [20190928 23:59:49.746] INFO:p2p state: CONNECTED
Sep 28 23:59:50 carina python[1022]: [20190928 23:59:50.782] INFO:recv advertisement: 249ee114d182cfc3279a919454c017d547b13651
Sep 28 23:59:58 carina python[1022]: [20190928 23:59:58.044] INFO:recv advertisement: b7e5e4036281f1fdc4e874258965570c822150ec
Sep 29 00:00:04 carina python[1022]: [20190929 00:00:04.755] INFO:p2p state: CONNECTED
Sep 29 00:00:05 carina python[1022]: [20190929 00:00:05.775] INFO:recv advertisement: 249ee114d182cfc3279a919454c017d547b13651


PING 8.8.8.8 (8.8.8.8) 56(84) bytes of data.
64 bytes from 8.8.8.8: icmp_seq=1 ttl=50 time=36.7 ms
64 bytes from 8.8.8.8: icmp_seq=2 ttl=50 time=50.2 ms
64 bytes from 8.8.8.8: icmp_seq=3 ttl=50 time=34.1 ms

--- 8.8.8.8 ping statistics ---
3 packets transmitted, 3 received, 0% packet loss, time 2002ms
rtt min/avg/max/mdev = 34.190/40.391/50.236/7.039 ms


PING 192.168.10.1 (192.168.10.1) 56(84) bytes of data.
64 bytes from 192.168.10.1: icmp_seq=1 ttl=64 time=148 ms
64 bytes from 192.168.10.1: icmp_seq=2 ttl=64 time=128 ms
64 bytes from 192.168.10.1: icmp_seq=3 ttl=64 time=123 ms

--- 192.168.10.1 ping statistics ---
3 packets transmitted, 3 received, 0% packet loss, time 2002ms
rtt min/avg/max/mdev = 123.859/133.757/148.996/10.935 ms


PING 192.168.10.11 (192.168.10.11) 56(84) bytes of data.
64 bytes from 192.168.10.11: icmp_seq=1 ttl=64 time=0.058 ms
64 bytes from 192.168.10.11: icmp_seq=2 ttl=64 time=0.084 ms
64 bytes from 192.168.10.11: icmp_seq=3 ttl=64 time=0.083 ms

--- 192.168.10.11 ping statistics ---
3 packets transmitted, 3 received, 0% packet loss, time 2025ms
rtt min/avg/max/mdev = 0.058/0.075/0.084/0.012 ms


PING 192.168.10.12 (192.168.10.12) 56(84) bytes of data.
64 bytes from 192.168.10.12: icmp_seq=1 ttl=64 time=88.4 ms
64 bytes from 192.168.10.12: icmp_seq=2 ttl=64 time=85.1 ms
64 bytes from 192.168.10.12: icmp_seq=3 ttl=64 time=86.8 ms

--- 192.168.10.12 ping statistics ---
3 packets transmitted, 3 received, 0% packet loss, time 2003ms
rtt min/avg/max/mdev = 85.107/86.801/88.488/1.401 ms


PING 192.168.10.13 (192.168.10.13) 56(84) bytes of data.

--- 192.168.10.13 ping statistics ---
3 packets transmitted, 0 received, 100% packet loss, time 2050ms



PING github.com (140.82.113.3) 56(84) bytes of data.
64 bytes from lb-140-82-113-3-iad.github.com (140.82.113.3): icmp_seq=1 ttl=49 time=43.6 ms
64 bytes from lb-140-82-113-3-iad.github.com (140.82.113.3): icmp_seq=2 ttl=49 time=55.1 ms
64 bytes from lb-140-82-113-3-iad.github.com (140.82.113.3): icmp_seq=3 ttl=49 time=39.3 ms

--- github.com ping statistics ---
3 packets transmitted, 3 received, 0% packet loss, time 2001ms
rtt min/avg/max/mdev = 39.328/46.031/55.154/6.685 ms


[114335.267975] audit: type=1400 audit(1569711026.061:104): apparmor="STATUS" operation="profile_replace" info="same as current profile, skipping" profile="unconfined" name="snap-update-ns.core" pid=29466 comm="apparmor_parser"
[114335.270169] audit: type=1400 audit(1569711026.061:105): apparmor="STATUS" operation="profile_replace" info="same as current profile, skipping" profile="unconfined" name="snap.core.hook.configure" pid=29467 comm="apparmor_parser"
[114336.148546] audit: type=1400 audit(1569711026.941:106): apparmor="STATUS" operation="profile_replace" profile="unconfined" name="snap.gnome-characters.gnome-characters" pid=29471 comm="apparmor_parser"
[114337.071060] audit: type=1400 audit(1569711027.865:107): apparmor="STATUS" operation="profile_replace" profile="unconfined" name="snap-update-ns.gnome-characters" pid=29470 comm="apparmor_parser"
[114337.841603] audit: type=1400 audit(1569711028.633:108): apparmor="STATUS" operation="profile_replace" profile="unconfined" name="snap.gnome-characters.gnome-characters" pid=29479 comm="apparmor_parser"
[114337.857771] audit: type=1400 audit(1569711028.649:109): apparmor="STATUS" operation="profile_replace" info="same as current profile, skipping" profile="unconfined" name="snap-update-ns.gnome-characters" pid=29481 comm="apparmor_parser"
[114337.866438] audit: type=1400 audit(1569711028.661:110): apparmor="STATUS" operation="profile_replace" info="same as current profile, skipping" profile="unconfined" name="/snap/core/7713/usr/lib/snapd/snap-confine" pid=29483 comm="apparmor_parser"
[115844.311616] Adding 3999740k swap on /dev/mmcblk0p2.  Priority:-2 extents:1 across:3999740k SSFS
[118068.676146] igb 0000:02:00.0 enp2s0: igb: enp2s0 NIC Link is Up 100 Mbps Full Duplex, Flow Control: RX/TX
[122670.782789] perf: interrupt took too long (6185 > 6181), lowering kernel.perf_event_max_sample_rate to 32250


#########################################################

############## 09/29/19 06:00:01 EST -0500 ##############

#########################################################


 06:00:01 up 1 day, 19:55,  0 users,  load average: 0.16, 0.24, 0.20


reboot   system boot  5.0.0-29-generic Fri Sep 27 10:04   still running
reboot   system boot  5.0.0-29-generic Fri Sep 27 09:46 - 10:04  (00:18)

wtmp begins Mon Sep  2 08:42:49 2019


Bus 002 Device 001: ID 1d6b:0003 Linux Foundation 3.0 root hub
Bus 001 Device 004: ID 8087:0a2b Intel Corp. 
Bus 001 Device 003: ID 04b4:6570 Cypress Semiconductor Corp. 
Bus 001 Device 002: ID 1410:9031 Novatel Wireless 
Bus 001 Device 001: ID 1d6b:0002 Linux Foundation 2.0 root hub






enx0015ff080733:
100.78.217.165/30


ipop:
192.168.10.11/16


enx0015ff080733: flags=4163<UP,BROADCAST,RUNNING,MULTICAST>  mtu 1500
        inet 100.78.217.165  netmask 255.255.255.252  broadcast 100.78.217.167
        inet6 2600:1003:b862:4120:80b9:2b7c:16d:5c44  prefixlen 64  scopeid 0x0<global>
        inet6 fe80::312d:809c:7178:1547  prefixlen 64  scopeid 0x20<link>
        inet6 2600:1003:b862:4120:d57a:b3dc:8882:d0cb  prefixlen 64  scopeid 0x0<global>
        inet6 2600:1003:b862:4120:8e1e:6fc3:7943:91d2  prefixlen 64  scopeid 0x0<global>
        ether 00:15:ff:08:07:33  txqueuelen 1000  (Ethernet)
        RX packets 1692977  bytes 368130484 (368.1 MB)
        RX errors 0  dropped 0  overruns 0  frame 0
        TX packets 1748115  bytes 235415870 (235.4 MB)
        TX errors 0  dropped 0 overruns 0  carrier 0  collisions 0



enp2s0:
192.168.1.5/24












Unit watchdog.service could not be found.


● ipopTincan.service - IPOP Tincan service
   Loaded: loaded (/etc/systemd/system/ipopTincan.service; enabled; vendor preset: enabled)
   Active: active (running) since Fri 2019-09-27 10:05:00 EST; 1 day 19h ago
 Main PID: 1021 (ipop-tincan)
    Tasks: 4 (limit: 2120)
   CGroup: /system.slice/ipopTincan.service
           └─1021 /home/scc/applications/ipopbin/ipop-tincan

Sep 29 05:59:58 carina ipop-tincan[1021]: [09/29 05:59:58.580250] OnNetworksChanged: IPOP TAP Device to be ignored ipop:ipop
Sep 29 06:00:00 carina ipop-tincan[1021]: [09/29 06:00:00.581166] OnNetworksChanged: IPOP TAP Device to be ignored ipop:ipop
Sep 29 06:00:00 carina ipop-tincan[1021]: [09/29 06:00:00.581273] OnNetworksChanged: IPOP TAP Device to be ignored ipop:ipop
Sep 29 06:00:00 carina ipop-tincan[1021]: [09/29 06:00:00.581317] OnNetworksChanged: IPOP TAP Device to be ignored ipop:ipop
Sep 29 06:00:02 carina ipop-tincan[1021]: [09/29 06:00:02.582498] OnNetworksChanged: IPOP TAP Device to be ignored ipop:ipop
Sep 29 06:00:02 carina ipop-tincan[1021]: [09/29 06:00:02.582678] OnNetworksChanged: IPOP TAP Device to be ignored ipop:ipop
Sep 29 06:00:02 carina ipop-tincan[1021]: [09/29 06:00:02.582726] OnNetworksChanged: IPOP TAP Device to be ignored ipop:ipop
Sep 29 06:00:04 carina ipop-tincan[1021]: [09/29 06:00:04.583769] OnNetworksChanged: IPOP TAP Device to be ignored ipop:ipop
Sep 29 06:00:04 carina ipop-tincan[1021]: [09/29 06:00:04.583889] OnNetworksChanged: IPOP TAP Device to be ignored ipop:ipop
Sep 29 06:00:04 carina ipop-tincan[1021]: [09/29 06:00:04.583935] OnNetworksChanged: IPOP TAP Device to be ignored ipop:ipop


● ipopController.service - IPOP controller service
   Loaded: loaded (/etc/systemd/system/ipopController.service; enabled; vendor preset: enabled)
   Active: active (running) since Fri 2019-09-27 10:05:00 EST; 1 day 19h ago
 Main PID: 1022 (python)
    Tasks: 11 (limit: 2120)
   CGroup: /system.slice/ipopController.service
           └─1022 /usr/bin/python -m controller.Controller -c config/gvpn-config.json

Sep 29 05:59:33 carina python[1022]: [20190929 05:59:33.041] INFO:removed connection: fe66b8b29cbf4cb66deb7de2e1f5dc7f15cc81f2
Sep 29 05:59:33 carina python[1022]: [20190929 05:59:33.042] INFO:Trimming Link with peer fe66b8b29cbf4cb66deb7de2e1f5dc7f15cc81f2
Sep 29 05:59:33 carina python[1022]: [20190929 05:59:33.043] INFO:sent con_req (successor): fe66b8b29cbf4cb66deb7de2e1f5dc7f15cc81f2
Sep 29 05:59:33 carina python[1022]: [20190929 05:59:33.044] INFO:p2p state: CONNECTED
Sep 29 05:59:40 carina python[1022]: [20190929 05:59:40.659] INFO:recv advertisement: 249ee114d182cfc3279a919454c017d547b13651
Sep 29 05:59:40 carina python[1022]: [20190929 05:59:40.901] INFO:recv advertisement: b7e5e4036281f1fdc4e874258965570c822150ec
Sep 29 05:59:48 carina python[1022]: [20190929 05:59:48.051] INFO:p2p state: CONNECTED
Sep 29 05:59:55 carina python[1022]: [20190929 05:59:55.705] INFO:recv advertisement: 249ee114d182cfc3279a919454c017d547b13651
Sep 29 05:59:55 carina python[1022]: [20190929 05:59:55.909] INFO:recv advertisement: b7e5e4036281f1fdc4e874258965570c822150ec
Sep 29 06:00:03 carina python[1022]: [20190929 06:00:03.059] INFO:p2p state: CONNECTED


PING 8.8.8.8 (8.8.8.8) 56(84) bytes of data.
64 bytes from 8.8.8.8: icmp_seq=1 ttl=50 time=39.7 ms
64 bytes from 8.8.8.8: icmp_seq=2 ttl=50 time=46.9 ms
64 bytes from 8.8.8.8: icmp_seq=3 ttl=50 time=45.9 ms

--- 8.8.8.8 ping statistics ---
3 packets transmitted, 3 received, 0% packet loss, time 2001ms
rtt min/avg/max/mdev = 39.742/44.202/46.939/3.180 ms


PING 192.168.10.1 (192.168.10.1) 56(84) bytes of data.
64 bytes from 192.168.10.1: icmp_seq=1 ttl=64 time=71.8 ms
64 bytes from 192.168.10.1: icmp_seq=2 ttl=64 time=173 ms
64 bytes from 192.168.10.1: icmp_seq=3 ttl=64 time=105 ms

--- 192.168.10.1 ping statistics ---
3 packets transmitted, 3 received, 0% packet loss, time 2001ms
rtt min/avg/max/mdev = 71.818/117.112/173.551/42.274 ms


PING 192.168.10.11 (192.168.10.11) 56(84) bytes of data.
64 bytes from 192.168.10.11: icmp_seq=1 ttl=64 time=0.170 ms
64 bytes from 192.168.10.11: icmp_seq=2 ttl=64 time=0.084 ms
64 bytes from 192.168.10.11: icmp_seq=3 ttl=64 time=0.083 ms

--- 192.168.10.11 ping statistics ---
3 packets transmitted, 3 received, 0% packet loss, time 2028ms
rtt min/avg/max/mdev = 0.083/0.112/0.170/0.041 ms


PING 192.168.10.12 (192.168.10.12) 56(84) bytes of data.
64 bytes from 192.168.10.12: icmp_seq=1 ttl=64 time=64.2 ms
64 bytes from 192.168.10.12: icmp_seq=2 ttl=64 time=71.6 ms
64 bytes from 192.168.10.12: icmp_seq=3 ttl=64 time=70.2 ms

--- 192.168.10.12 ping statistics ---
3 packets transmitted, 3 received, 0% packet loss, time 2003ms
rtt min/avg/max/mdev = 64.234/68.713/71.699/3.232 ms


PING 192.168.10.13 (192.168.10.13) 56(84) bytes of data.

--- 192.168.10.13 ping statistics ---
3 packets transmitted, 0 received, 100% packet loss, time 2036ms



PING github.com (192.30.253.113) 56(84) bytes of data.
64 bytes from lb-192-30-253-113-iad.github.com (192.30.253.113): icmp_seq=1 ttl=48 time=43.3 ms
64 bytes from lb-192-30-253-113-iad.github.com (192.30.253.113): icmp_seq=2 ttl=48 time=57.8 ms
64 bytes from lb-192-30-253-113-iad.github.com (192.30.253.113): icmp_seq=3 ttl=48 time=64.5 ms

--- github.com ping statistics ---
3 packets transmitted, 3 received, 0% packet loss, time 2003ms
rtt min/avg/max/mdev = 43.306/55.238/64.511/8.863 ms


[114335.267975] audit: type=1400 audit(1569711026.061:104): apparmor="STATUS" operation="profile_replace" info="same as current profile, skipping" profile="unconfined" name="snap-update-ns.core" pid=29466 comm="apparmor_parser"
[114335.270169] audit: type=1400 audit(1569711026.061:105): apparmor="STATUS" operation="profile_replace" info="same as current profile, skipping" profile="unconfined" name="snap.core.hook.configure" pid=29467 comm="apparmor_parser"
[114336.148546] audit: type=1400 audit(1569711026.941:106): apparmor="STATUS" operation="profile_replace" profile="unconfined" name="snap.gnome-characters.gnome-characters" pid=29471 comm="apparmor_parser"
[114337.071060] audit: type=1400 audit(1569711027.865:107): apparmor="STATUS" operation="profile_replace" profile="unconfined" name="snap-update-ns.gnome-characters" pid=29470 comm="apparmor_parser"
[114337.841603] audit: type=1400 audit(1569711028.633:108): apparmor="STATUS" operation="profile_replace" profile="unconfined" name="snap.gnome-characters.gnome-characters" pid=29479 comm="apparmor_parser"
[114337.857771] audit: type=1400 audit(1569711028.649:109): apparmor="STATUS" operation="profile_replace" info="same as current profile, skipping" profile="unconfined" name="snap-update-ns.gnome-characters" pid=29481 comm="apparmor_parser"
[114337.866438] audit: type=1400 audit(1569711028.661:110): apparmor="STATUS" operation="profile_replace" info="same as current profile, skipping" profile="unconfined" name="/snap/core/7713/usr/lib/snapd/snap-confine" pid=29483 comm="apparmor_parser"
[115844.311616] Adding 3999740k swap on /dev/mmcblk0p2.  Priority:-2 extents:1 across:3999740k SSFS
[118068.676146] igb 0000:02:00.0 enp2s0: igb: enp2s0 NIC Link is Up 100 Mbps Full Duplex, Flow Control: RX/TX
[122670.782789] perf: interrupt took too long (6185 > 6181), lowering kernel.perf_event_max_sample_rate to 32250


#########################################################

############## 09/29/19 12:00:01 EST -0500 ##############

#########################################################


 12:00:01 up 2 days,  1:55,  0 users,  load average: 0.16, 0.14, 0.12


reboot   system boot  5.0.0-29-generic Fri Sep 27 10:04   still running
reboot   system boot  5.0.0-29-generic Fri Sep 27 09:46 - 10:04  (00:18)

wtmp begins Mon Sep  2 08:42:49 2019


Bus 002 Device 001: ID 1d6b:0003 Linux Foundation 3.0 root hub
Bus 001 Device 004: ID 8087:0a2b Intel Corp. 
Bus 001 Device 003: ID 04b4:6570 Cypress Semiconductor Corp. 
Bus 001 Device 002: ID 1410:9031 Novatel Wireless 
Bus 001 Device 001: ID 1d6b:0002 Linux Foundation 2.0 root hub






enx0015ff080733:
100.78.217.165/30


ipop:
192.168.10.11/16


enx0015ff080733: flags=4163<UP,BROADCAST,RUNNING,MULTICAST>  mtu 1500
        inet 100.78.217.165  netmask 255.255.255.252  broadcast 100.78.217.167
        inet6 2600:1003:b862:4120:80b9:2b7c:16d:5c44  prefixlen 64  scopeid 0x0<global>
        inet6 2600:1003:b862:4120:b49d:3855:ede5:163  prefixlen 64  scopeid 0x0<global>
        inet6 fe80::312d:809c:7178:1547  prefixlen 64  scopeid 0x20<link>
        inet6 2600:1003:b862:4120:d57a:b3dc:8882:d0cb  prefixlen 64  scopeid 0x0<global>
        inet6 2600:1003:b862:4120:8e1e:6fc3:7943:91d2  prefixlen 64  scopeid 0x0<global>
        ether 00:15:ff:08:07:33  txqueuelen 1000  (Ethernet)
        RX packets 1917600  bytes 399228991 (399.2 MB)
        RX errors 0  dropped 0  overruns 0  frame 0
        TX packets 1988465  bytes 267032245 (267.0 MB)
        TX errors 0  dropped 0 overruns 0  carrier 0  collisions 0



enp2s0:
192.168.1.5/24












Unit watchdog.service could not be found.


● ipopTincan.service - IPOP Tincan service
   Loaded: loaded (/etc/systemd/system/ipopTincan.service; enabled; vendor preset: enabled)
   Active: active (running) since Fri 2019-09-27 10:05:00 EST; 2 days ago
 Main PID: 1021 (ipop-tincan)
    Tasks: 4 (limit: 2120)
   CGroup: /system.slice/ipopTincan.service
           └─1021 /home/scc/applications/ipopbin/ipop-tincan

Sep 29 12:00:00 carina ipop-tincan[1021]: [09/29 12:00:00.655768] OnNetworksChanged: IPOP TAP Device to be ignored ipop:ipop
Sep 29 12:00:01 carina ipop-tincan[1021]: [09/29 12:00:01.287919] DestroyTransport: DESTROYED fe66b8b29cbf4cb66deb7de2e1f5dc7f15cc81f2
Sep 29 12:00:01 carina ipop-tincan[1021]: Cleanup
Sep 29 12:00:01 carina ipop-tincan[1021]: [09/29 12:00:01.289094] SendToPeer: XMPP SEND uid fe66b8b29cbf4cb66deb7de2e1f5dc7f15cc81f2 data {"con_type": "successor", "fpr": "C4:8D:A1:F9:03:8A:9F:A6:A4:3D:BF:C8:A5:97:BD:CB:0D:5F:9A:1B"} type con_req
Sep 29 12:00:02 carina ipop-tincan[1021]: [09/29 12:00:02.657123] OnNetworksChanged: IPOP TAP Device to be ignored ipop:ipop
Sep 29 12:00:02 carina ipop-tincan[1021]: [09/29 12:00:02.657186] OnNetworksChanged: IPOP TAP Device to be ignored ipop:ipop
Sep 29 12:00:02 carina ipop-tincan[1021]: [09/29 12:00:02.657217] OnNetworksChanged: IPOP TAP Device to be ignored ipop:ipop
Sep 29 12:00:04 carina ipop-tincan[1021]: [09/29 12:00:04.658161] OnNetworksChanged: IPOP TAP Device to be ignored ipop:ipop
Sep 29 12:00:04 carina ipop-tincan[1021]: [09/29 12:00:04.658266] OnNetworksChanged: IPOP TAP Device to be ignored ipop:ipop
Sep 29 12:00:04 carina ipop-tincan[1021]: [09/29 12:00:04.658310] OnNetworksChanged: IPOP TAP Device to be ignored ipop:ipop
Sep 29 12:00:06 carina ipop-tincan[1021]: [09/29 12:00:06.658368] OnNetworksChanged: IPOP TAP Device to be ignored ipop:ipop
Sep 29 12:00:06 carina ipop-tincan[1021]: [09/29 12:00:06.658430] OnNetworksChanged: IPOP TAP Device to be ignored ipop:ipop
Sep 29 12:00:06 carina ipop-tincan[1021]: [09/29 12:00:06.658461] OnNetworksChanged: IPOP TAP Device to be ignored ipop:ipop


● ipopController.service - IPOP controller service
   Loaded: loaded (/etc/systemd/system/ipopController.service; enabled; vendor preset: enabled)
   Active: active (running) since Fri 2019-09-27 10:05:00 EST; 2 days ago
 Main PID: 1022 (python)
    Tasks: 11 (limit: 2120)
   CGroup: /system.slice/ipopController.service
           └─1022 /usr/bin/python -m controller.Controller -c config/gvpn-config.json

Sep 29 12:00:00 carina python[1022]: [20190929 12:00:00.694] INFO:recv advertisement: 249ee114d182cfc3279a919454c017d547b13651
Sep 29 12:00:01 carina python[1022]: [20190929 12:00:01.287] INFO:Trimming Link with peer fe66b8b29cbf4cb66deb7de2e1f5dc7f15cc81f2
Sep 29 12:00:01 carina python[1022]: [20190929 12:00:01.288] INFO:removed connection: fe66b8b29cbf4cb66deb7de2e1f5dc7f15cc81f2
Sep 29 12:00:01 carina python[1022]: [20190929 12:00:01.289] INFO:sent con_req (successor): fe66b8b29cbf4cb66deb7de2e1f5dc7f15cc81f2
Sep 29 12:00:01 carina python[1022]: [20190929 12:00:01.290] INFO:p2p state: CONNECTED
Sep 29 12:00:03 carina python[1022]: [20190929 12:00:03.041] INFO:Succesfully reported status to the stat-server (http://metrics.ipop-project.org:8080/api/submit).
Sep 29 12:00:03 carina python[1022]: HTTP response code:200, msg:{
Sep 29 12:00:03 carina python[1022]:   "result": "b33e4c83f35344babfd4325b1dfa5119",
Sep 29 12:00:03 carina python[1022]:   "status": "success"
Sep 29 12:00:03 carina python[1022]: }


PING 8.8.8.8 (8.8.8.8) 56(84) bytes of data.
64 bytes from 8.8.8.8: icmp_seq=1 ttl=50 time=49.5 ms
64 bytes from 8.8.8.8: icmp_seq=2 ttl=50 time=64.9 ms
64 bytes from 8.8.8.8: icmp_seq=3 ttl=50 time=50.1 ms

--- 8.8.8.8 ping statistics ---
3 packets transmitted, 3 received, 0% packet loss, time 2003ms
rtt min/avg/max/mdev = 49.596/54.901/64.973/7.127 ms


PING 192.168.10.1 (192.168.10.1) 56(84) bytes of data.
64 bytes from 192.168.10.1: icmp_seq=1 ttl=64 time=97.5 ms
64 bytes from 192.168.10.1: icmp_seq=2 ttl=64 time=126 ms
64 bytes from 192.168.10.1: icmp_seq=3 ttl=64 time=163 ms

--- 192.168.10.1 ping statistics ---
3 packets transmitted, 3 received, 0% packet loss, time 2001ms
rtt min/avg/max/mdev = 97.546/129.178/163.720/27.096 ms


PING 192.168.10.11 (192.168.10.11) 56(84) bytes of data.
64 bytes from 192.168.10.11: icmp_seq=1 ttl=64 time=0.056 ms
64 bytes from 192.168.10.11: icmp_seq=2 ttl=64 time=0.083 ms
64 bytes from 192.168.10.11: icmp_seq=3 ttl=64 time=0.080 ms

--- 192.168.10.11 ping statistics ---
3 packets transmitted, 3 received, 0% packet loss, time 2037ms
rtt min/avg/max/mdev = 0.056/0.073/0.083/0.012 ms


PING 192.168.10.12 (192.168.10.12) 56(84) bytes of data.
64 bytes from 192.168.10.12: icmp_seq=1 ttl=64 time=71.1 ms
64 bytes from 192.168.10.12: icmp_seq=2 ttl=64 time=67.9 ms
64 bytes from 192.168.10.12: icmp_seq=3 ttl=64 time=75.7 ms

--- 192.168.10.12 ping statistics ---
3 packets transmitted, 3 received, 0% packet loss, time 2002ms
rtt min/avg/max/mdev = 67.908/71.624/75.779/3.235 ms


PING 192.168.10.13 (192.168.10.13) 56(84) bytes of data.

--- 192.168.10.13 ping statistics ---
3 packets transmitted, 0 received, 100% packet loss, time 2030ms



PING github.com (192.30.253.113) 56(84) bytes of data.
64 bytes from lb-192-30-253-113-iad.github.com (192.30.253.113): icmp_seq=1 ttl=48 time=74.7 ms
64 bytes from lb-192-30-253-113-iad.github.com (192.30.253.113): icmp_seq=2 ttl=48 time=54.3 ms
64 bytes from lb-192-30-253-113-iad.github.com (192.30.253.113): icmp_seq=3 ttl=48 time=52.4 ms

--- github.com ping statistics ---
3 packets transmitted, 3 received, 0% packet loss, time 2003ms
rtt min/avg/max/mdev = 52.451/60.519/74.716/10.069 ms


[114335.267975] audit: type=1400 audit(1569711026.061:104): apparmor="STATUS" operation="profile_replace" info="same as current profile, skipping" profile="unconfined" name="snap-update-ns.core" pid=29466 comm="apparmor_parser"
[114335.270169] audit: type=1400 audit(1569711026.061:105): apparmor="STATUS" operation="profile_replace" info="same as current profile, skipping" profile="unconfined" name="snap.core.hook.configure" pid=29467 comm="apparmor_parser"
[114336.148546] audit: type=1400 audit(1569711026.941:106): apparmor="STATUS" operation="profile_replace" profile="unconfined" name="snap.gnome-characters.gnome-characters" pid=29471 comm="apparmor_parser"
[114337.071060] audit: type=1400 audit(1569711027.865:107): apparmor="STATUS" operation="profile_replace" profile="unconfined" name="snap-update-ns.gnome-characters" pid=29470 comm="apparmor_parser"
[114337.841603] audit: type=1400 audit(1569711028.633:108): apparmor="STATUS" operation="profile_replace" profile="unconfined" name="snap.gnome-characters.gnome-characters" pid=29479 comm="apparmor_parser"
[114337.857771] audit: type=1400 audit(1569711028.649:109): apparmor="STATUS" operation="profile_replace" info="same as current profile, skipping" profile="unconfined" name="snap-update-ns.gnome-characters" pid=29481 comm="apparmor_parser"
[114337.866438] audit: type=1400 audit(1569711028.661:110): apparmor="STATUS" operation="profile_replace" info="same as current profile, skipping" profile="unconfined" name="/snap/core/7713/usr/lib/snapd/snap-confine" pid=29483 comm="apparmor_parser"
[115844.311616] Adding 3999740k swap on /dev/mmcblk0p2.  Priority:-2 extents:1 across:3999740k SSFS
[118068.676146] igb 0000:02:00.0 enp2s0: igb: enp2s0 NIC Link is Up 100 Mbps Full Duplex, Flow Control: RX/TX
[122670.782789] perf: interrupt took too long (6185 > 6181), lowering kernel.perf_event_max_sample_rate to 32250
