Loading required package: methods

Attaching package: ‘lubridate’

The following object is masked from ‘package:base’:

    date

trying URL 'https://github.com/CareyLabVT/SCCData/raw/carina-data/FCRmet.csv'
Content type 'text/plain; charset=utf-8' length 56027457 bytes (53.4 MB)
==================================================
downloaded 53.4 MB

trying URL 'https://github.com/CareyLabVT/SCCData/raw/mia-data/Catwalk.csv'
Content type 'text/plain; charset=utf-8' length 9124835 bytes (8.7 MB)
==================================================
downloaded 8.7 MB

null device 
          1 
null device 
          1 
Loading required package: methods

Attaching package: ‘lubridate’

The following object is masked from ‘package:base’:

    date

trying URL 'https://github.com/CareyLabVT/SCCData/raw/carina-data/FCRmet.csv'
Content type 'text/plain; charset=utf-8' length 56559663 bytes (53.9 MB)
==================================================
downloaded 53.9 MB

trying URL 'https://github.com/CareyLabVT/SCCData/raw/mia-data/Catwalk.csv'
Content type 'text/plain; charset=utf-8' length 9248358 bytes (8.8 MB)
==================================================
downloaded 8.8 MB

null device 
          1 
null device 
          1 
Loading required package: methods

Attaching package: ‘lubridate’

The following object is masked from ‘package:base’:

    date

trying URL 'https://github.com/CareyLabVT/SCCData/raw/carina-data/FCRmet.csv'
Content type 'text/plain; charset=utf-8' length 56738299 bytes (54.1 MB)
==================================================
downloaded 54.1 MB

trying URL 'https://github.com/CareyLabVT/SCCData/raw/mia-data/Catwalk.csv'
Content type 'text/plain; charset=utf-8' length 9290003 bytes (8.9 MB)
==================================================
downloaded 8.9 MB

null device 
          1 
null device 
          1 
Loading required package: methods

Attaching package: ‘lubridate’

The following object is masked from ‘package:base’:

    date

trying URL 'https://github.com/CareyLabVT/SCCData/raw/carina-data/FCRmet.csv'
Content type 'text/plain; charset=utf-8' length 56910867 bytes (54.3 MB)
==================================================
downloaded 54.3 MB

trying URL 'https://github.com/CareyLabVT/SCCData/raw/mia-data/Catwalk.csv'
Content type 'text/plain; charset=utf-8' length 9331739 bytes (8.9 MB)
==================================================
downloaded 8.9 MB

null device 
          1 
null device 
          1 
Loading required package: methods

Attaching package: ‘lubridate’

The following object is masked from ‘package:base’:

    date

trying URL 'https://github.com/CareyLabVT/SCCData/raw/carina-data/FCRmet.csv'
Content type 'text/plain; charset=utf-8' length 57087390 bytes (54.4 MB)
==================================================
downloaded 54.4 MB

trying URL 'https://github.com/CareyLabVT/SCCData/raw/mia-data/Catwalk.csv'
Content type 'text/plain; charset=utf-8' length 9373474 bytes (8.9 MB)
==================================================
downloaded 8.9 MB

null device 
          1 
null device 
          1 
Loading required package: methods

Attaching package: ‘lubridate’

The following object is masked from ‘package:base’:

    date

trying URL 'https://github.com/CareyLabVT/SCCData/raw/carina-data/FCRmet.csv'
Content type 'text/plain; charset=utf-8' length 57264390 bytes (54.6 MB)
==================================================
downloaded 54.6 MB

trying URL 'https://github.com/CareyLabVT/SCCData/raw/mia-data/Catwalk.csv'
Content type 'text/plain; charset=utf-8' length 9415134 bytes (9.0 MB)
==================================================
downloaded 9.0 MB

null device 
          1 
null device 
          1 
Loading required package: methods

Attaching package: ‘lubridate’

The following object is masked from ‘package:base’:

    date

trying URL 'https://github.com/CareyLabVT/SCCData/raw/carina-data/FCRmet.csv'
Content type 'text/plain; charset=utf-8' length 57441764 bytes (54.8 MB)
==================================================
downloaded 54.8 MB

trying URL 'https://github.com/CareyLabVT/SCCData/raw/mia-data/Catwalk.csv'
Content type 'text/plain; charset=utf-8' length 9456866 bytes (9.0 MB)
==================================================
downloaded 9.0 MB

null device 
          1 
null device 
          1 
Loading required package: methods

Attaching package: ‘lubridate’

The following object is masked from ‘package:base’:

    date

trying URL 'https://github.com/CareyLabVT/SCCData/raw/carina-data/FCRmet.csv'
Content type 'text/plain; charset=utf-8' length 57618913 bytes (54.9 MB)
==================================================
downloaded 54.9 MB

trying URL 'https://github.com/CareyLabVT/SCCData/raw/mia-data/Catwalk.csv'
Content type 'text/plain; charset=utf-8' length 9498528 bytes (9.1 MB)
==================================================
downloaded 9.1 MB

null device 
          1 
null device 
          1 
Loading required package: methods

Attaching package: ‘lubridate’

The following object is masked from ‘package:base’:

    date

trying URL 'https://github.com/CareyLabVT/SCCData/raw/carina-data/FCRmet.csv'
Content type 'text/plain; charset=utf-8' length 57797199 bytes (55.1 MB)
==================================================
downloaded 55.1 MB

trying URL 'https://github.com/CareyLabVT/SCCData/raw/mia-data/Catwalk.csv'
Content type 'text/plain; charset=utf-8' length 9540296 bytes (9.1 MB)
==================================================
downloaded 9.1 MB

null device 
          1 
null device 
          1 
Loading required package: methods

Attaching package: ‘lubridate’

The following object is masked from ‘package:base’:

    date

trying URL 'https://github.com/CareyLabVT/SCCData/raw/carina-data/FCRmet.csv'
Content type 'text/plain; charset=utf-8' length 57975465 bytes (55.3 MB)
==================================================
downloaded 55.3 MB

trying URL 'https://github.com/CareyLabVT/SCCData/raw/mia-data/Catwalk.csv'
Content type 'text/plain; charset=utf-8' length 9581999 bytes (9.1 MB)
==================================================
downloaded 9.1 MB

null device 
          1 
null device 
          1 
Loading required package: methods

Attaching package: ‘lubridate’

The following object is masked from ‘package:base’:

    date

trying URL 'https://github.com/CareyLabVT/SCCData/raw/carina-data/FCRmet.csv'
Content type 'text/plain; charset=utf-8' length 58153329 bytes (55.5 MB)
==================================================
downloaded 55.5 MB

trying URL 'https://github.com/CareyLabVT/SCCData/raw/mia-data/Catwalk.csv'
Content type 'text/plain; charset=utf-8' length 9623733 bytes (9.2 MB)
==================================================
downloaded 9.2 MB

null device 
          1 
null device 
          1 
Loading required package: methods

Attaching package: ‘lubridate’

The following object is masked from ‘package:base’:

    date

trying URL 'https://github.com/CareyLabVT/SCCData/raw/carina-data/FCRmet.csv'
Content type 'text/plain; charset=utf-8' length 58331051 bytes (55.6 MB)
==================================================
downloaded 55.6 MB

trying URL 'https://github.com/CareyLabVT/SCCData/raw/mia-data/Catwalk.csv'
Content type 'text/plain; charset=utf-8' length 9665490 bytes (9.2 MB)
==================================================
downloaded 9.2 MB

null device 
          1 
null device 
          1 
Loading required package: methods

Attaching package: ‘lubridate’

The following object is masked from ‘package:base’:

    date

trying URL 'https://github.com/CareyLabVT/SCCData/raw/carina-data/FCRmet.csv'
Content type 'text/plain; charset=utf-8' length 58507880 bytes (55.8 MB)
==================================================
downloaded 55.8 MB

trying URL 'https://github.com/CareyLabVT/SCCData/raw/mia-data/Catwalk.csv'
Content type 'text/plain; charset=utf-8' length 9707126 bytes (9.3 MB)
==================================================
downloaded 9.3 MB

null device 
          1 
null device 
          1 
Loading required package: methods

Attaching package: ‘lubridate’

The following object is masked from ‘package:base’:

    date

trying URL 'https://github.com/CareyLabVT/SCCData/raw/carina-data/FCRmet.csv'
Content type 'text/plain; charset=utf-8' length 58684880 bytes (56.0 MB)
==================================================
downloaded 56.0 MB

trying URL 'https://github.com/CareyLabVT/SCCData/raw/mia-data/Catwalk.csv'
Content type 'text/plain; charset=utf-8' length 9748742 bytes (9.3 MB)
==================================================
downloaded 9.3 MB

null device 
          1 
null device 
          1 
Loading required package: methods

Attaching package: ‘lubridate’

The following object is masked from ‘package:base’:

    date

trying URL 'https://github.com/CareyLabVT/SCCData/raw/carina-data/FCRmet.csv'
Content type 'text/plain; charset=utf-8' length 58862303 bytes (56.1 MB)
==================================================
downloaded 56.1 MB

trying URL 'https://github.com/CareyLabVT/SCCData/raw/mia-data/Catwalk.csv'
Content type 'text/plain; charset=utf-8' length 9790164 bytes (9.3 MB)
==================================================
downloaded 9.3 MB

null device 
          1 
null device 
          1 
Loading required package: methods

Attaching package: ‘lubridate’

The following object is masked from ‘package:base’:

    date

trying URL 'https://github.com/CareyLabVT/SCCData/raw/carina-data/FCRmet.csv'
Content type 'text/plain; charset=utf-8' length 59042316 bytes (56.3 MB)
==================================================
downloaded 56.3 MB

trying URL 'https://github.com/CareyLabVT/SCCData/raw/mia-data/Catwalk.csv'
Content type 'text/plain; charset=utf-8' length 9831829 bytes (9.4 MB)
==================================================
downloaded 9.4 MB

null device 
          1 
null device 
          1 
Loading required package: methods

Attaching package: ‘lubridate’

The following object is masked from ‘package:base’:

    date

trying URL 'https://github.com/CareyLabVT/SCCData/raw/carina-data/FCRmet.csv'
Content type 'text/plain; charset=utf-8' length 59221952 bytes (56.5 MB)
==================================================
downloaded 56.5 MB

trying URL 'https://github.com/CareyLabVT/SCCData/raw/mia-data/Catwalk.csv'
Content type 'text/plain; charset=utf-8' length 9873545 bytes (9.4 MB)
==================================================
downloaded 9.4 MB

null device 
          1 
null device 
          1 
Loading required package: methods

Attaching package: ‘lubridate’

The following object is masked from ‘package:base’:

    date

trying URL 'https://github.com/CareyLabVT/SCCData/raw/carina-data/FCRmet.csv'
Content type 'text/plain; charset=utf-8' length 59402034 bytes (56.7 MB)
==================================================
downloaded 56.7 MB

trying URL 'https://github.com/CareyLabVT/SCCData/raw/mia-data/Catwalk.csv'
Content type 'text/plain; charset=utf-8' length 9915234 bytes (9.5 MB)
==================================================
downloaded 9.5 MB

null device 
          1 
null device 
          1 
Loading required package: methods

Attaching package: ‘lubridate’

The following object is masked from ‘package:base’:

    date

trying URL 'https://github.com/CareyLabVT/SCCData/raw/carina-data/FCRmet.csv'
Content type 'text/plain; charset=utf-8' length 59580924 bytes (56.8 MB)
==================================================
downloaded 56.8 MB

trying URL 'https://github.com/CareyLabVT/SCCData/raw/mia-data/Catwalk.csv'
Content type 'text/plain; charset=utf-8' length 9956709 bytes (9.5 MB)
==================================================
downloaded 9.5 MB

null device 
          1 
null device 
          1 
Loading required package: methods

Attaching package: ‘lubridate’

The following object is masked from ‘package:base’:

    date

trying URL 'https://github.com/CareyLabVT/SCCData/raw/carina-data/FCRmet.csv'
Content type 'text/plain; charset=utf-8' length 59757263 bytes (57.0 MB)
==================================================
downloaded 57.0 MB

trying URL 'https://github.com/CareyLabVT/SCCData/raw/mia-data/Catwalk.csv'
Content type 'text/plain; charset=utf-8' length 9998250 bytes (9.5 MB)
==================================================
downloaded 9.5 MB

null device 
          1 
null device 
          1 
Loading required package: methods

Attaching package: ‘lubridate’

The following object is masked from ‘package:base’:

    date

trying URL 'https://github.com/CareyLabVT/SCCData/raw/carina-data/FCRmet.csv'
Content type 'text/plain; charset=utf-8' length 59918708 bytes (57.1 MB)
==================================================
downloaded 57.1 MB

trying URL 'https://github.com/CareyLabVT/SCCData/raw/mia-data/Catwalk.csv'
Content type 'text/plain; charset=utf-8' length 10037935 bytes (9.6 MB)
==================================================
downloaded 9.6 MB

Error in obs[i, ] <- unlist(metdata[index, c(1, 2, 3, 8, 9, 10, 11, 13,  : 
  number of items to replace is not a multiple of replacement length
Execution halted
Loading required package: methods

Attaching package: ‘lubridate’

The following object is masked from ‘package:base’:

    date

trying URL 'https://github.com/CareyLabVT/SCCData/raw/carina-data/FCRmet.csv'
Content type 'text/plain; charset=utf-8' length 59918708 bytes (57.1 MB)
==================================================
downloaded 57.1 MB

trying URL 'https://github.com/CareyLabVT/SCCData/raw/mia-data/Catwalk.csv'
Content type 'text/plain; charset=utf-8' length 10037935 bytes (9.6 MB)
==================================================
downloaded 9.6 MB

Error in obs[i, ] <- unlist(metdata[index, c(1, 2, 3, 8, 9, 10, 11, 13,  : 
  number of items to replace is not a multiple of replacement length
Execution halted
Loading required package: methods

Attaching package: ‘lubridate’

The following object is masked from ‘package:base’:

    date

trying URL 'https://github.com/CareyLabVT/SCCData/raw/carina-data/FCRmet.csv'
Content type 'text/plain; charset=utf-8' length 60095808 bytes (57.3 MB)
==================================================
downloaded 57.3 MB

trying URL 'https://github.com/CareyLabVT/SCCData/raw/mia-data/Catwalk.csv'
Content type 'text/plain; charset=utf-8' length 10079460 bytes (9.6 MB)
==================================================
downloaded 9.6 MB

Error in obs[i, ] <- unlist(metdata[index, c(1, 2, 3, 8, 9, 10, 11, 13,  : 
  number of items to replace is not a multiple of replacement length
Execution halted
Loading required package: methods

Attaching package: ‘lubridate’

The following object is masked from ‘package:base’:

    date

trying URL 'https://github.com/CareyLabVT/SCCData/raw/carina-data/FCRmet.csv'
Content type 'text/plain; charset=utf-8' length 60273080 bytes (57.5 MB)
==================================================
downloaded 57.5 MB

trying URL 'https://github.com/CareyLabVT/SCCData/raw/mia-data/Catwalk.csv'
Content type 'text/plain; charset=utf-8' length 10121161 bytes (9.7 MB)
==================================================
downloaded 9.7 MB

null device 
          1 
null device 
          1 
Loading required package: methods

Attaching package: ‘lubridate’

The following object is masked from ‘package:base’:

    date

trying URL 'https://github.com/CareyLabVT/SCCData/raw/carina-data/FCRmet.csv'
Content type 'text/plain; charset=utf-8' length 60451482 bytes (57.7 MB)
==================================================
downloaded 57.7 MB

trying URL 'https://github.com/CareyLabVT/SCCData/raw/mia-data/Catwalk.csv'
Content type 'text/plain; charset=utf-8' length 10162778 bytes (9.7 MB)
==================================================
downloaded 9.7 MB

null device 
          1 
null device 
          1 
Loading required package: methods

Attaching package: ‘lubridate’

The following object is masked from ‘package:base’:

    date

trying URL 'https://github.com/CareyLabVT/SCCData/raw/carina-data/FCRmet.csv'
Content type 'text/plain; charset=utf-8' length 60629502 bytes (57.8 MB)
==================================================
downloaded 57.8 MB

trying URL 'https://github.com/CareyLabVT/SCCData/raw/mia-data/Catwalk.csv'
Content type 'text/plain; charset=utf-8' length 10204384 bytes (9.7 MB)
==================================================
downloaded 9.7 MB

null device 
          1 
null device 
          1 
Loading required package: methods

Attaching package: ‘lubridate’

The following object is masked from ‘package:base’:

    date

trying URL 'https://github.com/CareyLabVT/SCCData/raw/carina-data/FCRmet.csv'
Content type 'text/plain; charset=utf-8' length 60806896 bytes (58.0 MB)
==================================================
downloaded 58.0 MB

trying URL 'https://github.com/CareyLabVT/SCCData/raw/mia-data/Catwalk.csv'
Content type 'text/plain; charset=utf-8' length 10245848 bytes (9.8 MB)
==================================================
downloaded 9.8 MB

null device 
          1 
null device 
          1 
Loading required package: methods

Attaching package: ‘lubridate’

The following object is masked from ‘package:base’:

    date

trying URL 'https://github.com/CareyLabVT/SCCData/raw/carina-data/FCRmet.csv'
Content type 'text/plain; charset=utf-8' length 60984857 bytes (58.2 MB)
==================================================
downloaded 58.2 MB

trying URL 'https://github.com/CareyLabVT/SCCData/raw/mia-data/Catwalk.csv'
Content type 'text/plain; charset=utf-8' length 10287447 bytes (9.8 MB)
==================================================
downloaded 9.8 MB

null device 
          1 
null device 
          1 
Loading required package: methods

Attaching package: ‘lubridate’

The following object is masked from ‘package:base’:

    date

trying URL 'https://github.com/CareyLabVT/SCCData/raw/carina-data/FCRmet.csv'
Content type 'text/plain; charset=utf-8' length 61162077 bytes (58.3 MB)
==================================================
downloaded 58.3 MB

trying URL 'https://github.com/CareyLabVT/SCCData/raw/mia-data/Catwalk.csv'
Content type 'text/plain; charset=utf-8' length 10329068 bytes (9.9 MB)
==================================================
downloaded 9.9 MB

null device 
          1 
null device 
          1 
Loading required package: methods

Attaching package: ‘lubridate’

The following object is masked from ‘package:base’:

    date

trying URL 'https://github.com/CareyLabVT/SCCData/raw/carina-data/FCRmet.csv'
Content type 'text/plain; charset=utf-8' length 61339333 bytes (58.5 MB)
==================================================
downloaded 58.5 MB

trying URL 'https://github.com/CareyLabVT/SCCData/raw/mia-data/Catwalk.csv'
Content type 'text/plain; charset=utf-8' length 10370588 bytes (9.9 MB)
==================================================
downloaded 9.9 MB

null device 
          1 
null device 
          1 
Loading required package: methods

Attaching package: ‘lubridate’

The following object is masked from ‘package:base’:

    date

trying URL 'https://github.com/CareyLabVT/SCCData/raw/carina-data/FCRmet.csv'
Content type 'text/plain; charset=utf-8' length 61517232 bytes (58.7 MB)
==================================================
downloaded 58.7 MB

trying URL 'https://github.com/CareyLabVT/SCCData/raw/mia-data/Catwalk.csv'
Content type 'text/plain; charset=utf-8' length 10412187 bytes (9.9 MB)
==================================================
downloaded 9.9 MB

null device 
          1 
null device 
          1 
Loading required package: methods

Attaching package: ‘lubridate’

The following object is masked from ‘package:base’:

    date

trying URL 'https://github.com/CareyLabVT/SCCData/raw/carina-data/FCRmet.csv'
Content type 'text/plain; charset=utf-8' length 61695431 bytes (58.8 MB)
==================================================
downloaded 58.8 MB

trying URL 'https://github.com/CareyLabVT/SCCData/raw/mia-data/Catwalk.csv'
Content type 'text/plain; charset=utf-8' length 10453735 bytes (10.0 MB)
==================================================
downloaded 10.0 MB

null device 
          1 
null device 
          1 
Loading required package: methods

Attaching package: ‘lubridate’

The following object is masked from ‘package:base’:

    date

trying URL 'https://github.com/CareyLabVT/SCCData/raw/carina-data/FCRmet.csv'
Content type 'text/plain; charset=utf-8' length 61872133 bytes (59.0 MB)
==================================================
downloaded 59.0 MB

trying URL 'https://github.com/CareyLabVT/SCCData/raw/mia-data/Catwalk.csv'
Content type 'text/plain; charset=utf-8' length 10495231 bytes (10.0 MB)
==================================================
downloaded 10.0 MB

null device 
          1 
null device 
          1 
Loading required package: methods

Attaching package: ‘lubridate’

The following object is masked from ‘package:base’:

    date

trying URL 'https://github.com/CareyLabVT/SCCData/raw/carina-data/FCRmet.csv'
Content type 'text/plain; charset=utf-8' length 62048789 bytes (59.2 MB)
==================================================
downloaded 59.2 MB

trying URL 'https://github.com/CareyLabVT/SCCData/raw/mia-data/Catwalk.csv'
Content type 'text/plain; charset=utf-8' length 10536710 bytes (10.0 MB)
==================================================
downloaded 10.0 MB

null device 
          1 
null device 
          1 
Loading required package: methods

Attaching package: ‘lubridate’

The following object is masked from ‘package:base’:

    date

trying URL 'https://github.com/CareyLabVT/SCCData/raw/carina-data/FCRmet.csv'
Content type 'text/plain; charset=utf-8' length 62226051 bytes (59.3 MB)
==================================================
downloaded 59.3 MB

trying URL 'https://github.com/CareyLabVT/SCCData/raw/mia-data/Catwalk.csv'
Content type 'text/plain; charset=utf-8' length 10578173 bytes (10.1 MB)
==================================================
downloaded 10.1 MB

null device 
          1 
null device 
          1 
Loading required package: methods

Attaching package: ‘lubridate’

The following object is masked from ‘package:base’:

    date

trying URL 'https://github.com/CareyLabVT/SCCData/raw/carina-data/FCRmet.csv'
Content type 'text/plain; charset=utf-8' length 62403353 bytes (59.5 MB)
==================================================
downloaded 59.5 MB

trying URL 'https://github.com/CareyLabVT/SCCData/raw/mia-data/Catwalk.csv'
Content type 'text/plain; charset=utf-8' length 10619757 bytes (10.1 MB)
==================================================
downloaded 10.1 MB

null device 
          1 
null device 
          1 
Loading required package: methods

Attaching package: ‘lubridate’

The following object is masked from ‘package:base’:

    date

trying URL 'https://github.com/CareyLabVT/SCCData/raw/carina-data/FCRmet.csv'
Content type 'text/plain; charset=utf-8' length 62580900 bytes (59.7 MB)
==================================================
downloaded 59.7 MB

trying URL 'https://github.com/CareyLabVT/SCCData/raw/mia-data/Catwalk.csv'
Content type 'text/plain; charset=utf-8' length 10661429 bytes (10.2 MB)
==================================================
downloaded 10.2 MB

null device 
          1 
null device 
          1 
Loading required package: methods

Attaching package: ‘lubridate’

The following object is masked from ‘package:base’:

    date

trying URL 'https://github.com/CareyLabVT/SCCData/raw/carina-data/FCRmet.csv'
Content type 'text/plain; charset=utf-8' length 62757440 bytes (59.9 MB)
==================================================
downloaded 59.9 MB

trying URL 'https://github.com/CareyLabVT/SCCData/raw/mia-data/Catwalk.csv'
Content type 'text/plain; charset=utf-8' length 10703066 bytes (10.2 MB)
==================================================
downloaded 10.2 MB

null device 
          1 
null device 
          1 
Loading required package: methods

Attaching package: ‘lubridate’

The following object is masked from ‘package:base’:

    date

trying URL 'https://github.com/CareyLabVT/SCCData/raw/carina-data/FCRmet.csv'
Content type 'text/plain; charset=utf-8' length 62934574 bytes (60.0 MB)
==================================================
downloaded 60.0 MB

trying URL 'https://github.com/CareyLabVT/SCCData/raw/mia-data/Catwalk.csv'
Content type 'text/plain; charset=utf-8' length 10744717 bytes (10.2 MB)
==================================================
downloaded 10.2 MB

null device 
          1 
null device 
          1 
Loading required package: methods

Attaching package: ‘lubridate’

The following object is masked from ‘package:base’:

    date

trying URL 'https://github.com/CareyLabVT/SCCData/raw/carina-data/FCRmet.csv'
Content type 'text/plain; charset=utf-8' length 63112184 bytes (60.2 MB)
==================================================
downloaded 60.2 MB

trying URL 'https://github.com/CareyLabVT/SCCData/raw/mia-data/Catwalk.csv'
Content type 'text/plain; charset=utf-8' length 10786367 bytes (10.3 MB)
==================================================
downloaded 10.3 MB

null device 
          1 
null device 
          1 
Loading required package: methods

Attaching package: ‘lubridate’

The following object is masked from ‘package:base’:

    date

trying URL 'https://github.com/CareyLabVT/SCCData/raw/carina-data/FCRmet.csv'
Content type 'text/plain; charset=utf-8' length 63289900 bytes (60.4 MB)
==================================================
downloaded 60.4 MB

trying URL 'https://github.com/CareyLabVT/SCCData/raw/mia-data/Catwalk.csv'
Content type 'text/plain; charset=utf-8' length 10828052 bytes (10.3 MB)
==================================================
downloaded 10.3 MB

null device 
          1 
null device 
          1 
Loading required package: methods

Attaching package: ‘lubridate’

The following object is masked from ‘package:base’:

    date

trying URL 'https://github.com/CareyLabVT/SCCData/raw/carina-data/FCRmet.csv'
Content type 'text/plain; charset=utf-8' length 63467314 bytes (60.5 MB)
==================================================
downloaded 60.5 MB

trying URL 'https://github.com/CareyLabVT/SCCData/raw/mia-data/Catwalk.csv'
Content type 'text/plain; charset=utf-8' length 10869789 bytes (10.4 MB)
==================================================
downloaded 10.4 MB

null device 
          1 
null device 
          1 
Loading required package: methods

Attaching package: ‘lubridate’

The following object is masked from ‘package:base’:

    date

trying URL 'https://github.com/CareyLabVT/SCCData/raw/carina-data/FCRmet.csv'
Content type 'text/plain; charset=utf-8' length 63644536 bytes (60.7 MB)
==================================================
downloaded 60.7 MB

trying URL 'https://github.com/CareyLabVT/SCCData/raw/mia-data/Catwalk.csv'
Content type 'text/plain; charset=utf-8' length 10911462 bytes (10.4 MB)
==================================================
downloaded 10.4 MB

null device 
          1 
null device 
          1 
Loading required package: methods

Attaching package: ‘lubridate’

The following object is masked from ‘package:base’:

    date

trying URL 'https://github.com/CareyLabVT/SCCData/raw/carina-data/FCRmet.csv'
Content type 'text/plain; charset=utf-8' length 63821481 bytes (60.9 MB)
==================================================
downloaded 60.9 MB

trying URL 'https://github.com/CareyLabVT/SCCData/raw/mia-data/Catwalk.csv'
Content type 'text/plain; charset=utf-8' length 10953218 bytes (10.4 MB)
==================================================
downloaded 10.4 MB

null device 
          1 
null device 
          1 
Loading required package: methods

Attaching package: ‘lubridate’

The following object is masked from ‘package:base’:

    date

trying URL 'https://github.com/CareyLabVT/SCCData/raw/carina-data/FCRmet.csv'
Content type 'text/plain; charset=utf-8' length 63999933 bytes (61.0 MB)
==================================================
downloaded 61.0 MB

trying URL 'https://github.com/CareyLabVT/SCCData/raw/mia-data/Catwalk.csv'
Content type 'text/plain; charset=utf-8' length 10994893 bytes (10.5 MB)
==================================================
downloaded 10.5 MB

null device 
          1 
null device 
          1 
Loading required package: methods

Attaching package: ‘lubridate’

The following object is masked from ‘package:base’:

    date

trying URL 'https://github.com/CareyLabVT/SCCData/raw/carina-data/FCRmet.csv'
Content type 'text/plain; charset=utf-8' length 64177951 bytes (61.2 MB)
==================================================
downloaded 61.2 MB

trying URL 'https://github.com/CareyLabVT/SCCData/raw/mia-data/Catwalk.csv'
Content type 'text/plain; charset=utf-8' length 11036605 bytes (10.5 MB)
==================================================
downloaded 10.5 MB

null device 
          1 
null device 
          1 
Loading required package: methods

Attaching package: ‘lubridate’

The following object is masked from ‘package:base’:

    date

trying URL 'https://github.com/CareyLabVT/SCCData/raw/carina-data/FCRmet.csv'
Content type 'text/plain; charset=utf-8' length 64355024 bytes (61.4 MB)
==================================================
downloaded 61.4 MB

trying URL 'https://github.com/CareyLabVT/SCCData/raw/mia-data/Catwalk.csv'
Content type 'text/plain; charset=utf-8' length 11078323 bytes (10.6 MB)
==================================================
downloaded 10.6 MB

null device 
          1 
null device 
          1 
From https://github.com/CareyLabVT/SCCData
   1958bd3..be2b2c6  daily-email -> origin/daily-email
error: Your local changes to the following files would be overwritten by merge:
	SensorCheckScript.R
Please commit your changes or stash them before you merge.
Aborting
Updating 1958bd3..be2b2c6
Loading required package: methods

Attaching package: ‘lubridate’

The following object is masked from ‘package:base’:

    date

trying URL 'https://github.com/CareyLabVT/SCCData/raw/carina-data/FCRmet.csv'
Content type 'text/plain; charset=utf-8' length 64355024 bytes (61.4 MB)
==================================================
downloaded 61.4 MB

trying URL 'https://github.com/CareyLabVT/SCCData/raw/mia-data/Catwalk.csv'
Content type 'text/plain; charset=utf-8' length 11078323 bytes (10.6 MB)
==================================================
downloaded 10.6 MB

Auto-merging SensorCheckScript.R
CONFLICT (content): Merge conflict in SensorCheckScript.R
Automatic merge failed; fix conflicts and then commit the result.
Error: unexpected input in "<<"
Execution halted
