

-------------- 04/29/18 16:03:01 --------------
--> WvDial: Internet dialer version 1.61
--> Initializing modem.
--> Sending: ATZ
ATZ
OK
--> Sending: ATQ0 V1 E1 S0=0 &C1 &D2 +FCLASS=0
ATQ0 V1 E1 S0=0 &C1 &D2 +FCLASS=0
OK
--> Sending: AT+CSQ
AT+CSQ
+CSQ: 22,99
OK
--> Modem initialized.
--> Sending: ATDT*99***3#
--> Waiting for carrier.
ATDT*99***3#
CONNECT EDGE
--> Carrier detected.  Starting PPP immediately.
--> Starting pppd at Sun Apr 29 16:03:06 2018
--> Pid of pppd: 6872
--> Using interface ppp0
--> pppd: *[7f]
--> pppd: *[7f]
--> pppd: *[7f]
--> pppd: *[7f]
--> pppd: *[7f]
--> local  IP address 100.108.98.88
--> pppd: *[7f]
--> remote IP address 10.64.64.64
--> pppd: *[7f]
--> primary   DNS address 198.224.138.129
--> pppd: *[7f]
--> secondary DNS address 198.224.137.129
--> pppd: *[7f]


-------------- 04/29/18 16:13:01 --------------
--> WvDial: Internet dialer version 1.61
--> Cannot open /dev/ttyUSB0: Device or resource busy
--> Cannot open /dev/ttyUSB0: Device or resource busy
--> Cannot open /dev/ttyUSB0: Device or resource busy
Caught signal 15:  Attempting to exit gracefully...
--> Terminating on signal 15
--> pppd: *[7f]
--> Connect time 10.1 minutes.
--> pppd: *[7f]
--> pppd: *[7f]
--> pppd: *[7f]
--> Disconnecting at Sun Apr 29 16:13:10 2018


-------------- 04/29/18 16:23:01 --------------
--> WvDial: Internet dialer version 1.61
--> Initializing modem.
--> Sending: ATZ
ATZ
OK
--> Sending: ATQ0 V1 E1 S0=0 &C1 &D2 +FCLASS=0
ATQ0 V1 E1 S0=0 &C1 &D2 +FCLASS=0
OK
--> Sending: AT+CSQ
AT+CSQ
+CSQ: 22,99
OK
--> Modem initialized.
--> Sending: ATDT*99***3#
--> Waiting for carrier.
ATDT*99***3#
CONNECT EDGE
--> Carrier detected.  Starting PPP immediately.
--> Starting pppd at Sun Apr 29 16:23:06 2018
--> Pid of pppd: 7207
--> Using interface ppp0
--> pppd: [7f]
--> pppd: [7f]
--> pppd: [7f]
--> pppd: [7f]
--> pppd: [7f]
--> local  IP address 100.122.142.138
--> pppd: [7f]
--> remote IP address 10.64.64.64
--> pppd: [7f]
--> primary   DNS address 198.224.138.129
--> pppd: [7f]
--> secondary DNS address 198.224.137.129
--> pppd: [7f]


-------------- 04/29/18 16:33:01 --------------
--> WvDial: Internet dialer version 1.61
--> Cannot open /dev/ttyUSB0: Device or resource busy
--> Cannot open /dev/ttyUSB0: Device or resource busy
--> Cannot open /dev/ttyUSB0: Device or resource busy
Caught signal 15:  Attempting to exit gracefully...
--> Terminating on signal 15
--> pppd: [7f]
--> Connect time 10.1 minutes.
--> pppd: [7f]
--> pppd: [7f]
--> pppd: [7f]
--> Disconnecting at Sun Apr 29 16:33:11 2018


-------------- 04/29/18 16:43:01 --------------
--> WvDial: Internet dialer version 1.61
--> Initializing modem.
--> Sending: ATZ
ATZ
OK
--> Sending: ATQ0 V1 E1 S0=0 &C1 &D2 +FCLASS=0
ATQ0 V1 E1 S0=0 &C1 &D2 +FCLASS=0
OK
--> Sending: AT+CSQ
AT+CSQ
+CSQ: 23,99
OK
--> Modem initialized.
--> Sending: ATDT*99***3#
--> Waiting for carrier.
ATDT*99***3#
CONNECT EDGE
--> Carrier detected.  Starting PPP immediately.
--> Starting pppd at Sun Apr 29 16:43:06 2018
--> Pid of pppd: 7474
--> Using interface ppp0
--> pppd: å[7f]
--> pppd: å[7f]
--> pppd: å[7f]
--> pppd: å[7f]
--> pppd: å[7f]
--> local  IP address 100.80.150.78
--> pppd: å[7f]
--> remote IP address 10.64.64.64
--> pppd: å[7f]
--> primary   DNS address 198.224.138.129
--> pppd: å[7f]
--> secondary DNS address 198.224.137.129
--> pppd: å[7f]


-------------- 04/29/18 16:53:01 --------------
--> WvDial: Internet dialer version 1.61
--> Cannot open /dev/ttyUSB0: Device or resource busy
--> Cannot open /dev/ttyUSB0: Device or resource busy
--> Cannot open /dev/ttyUSB0: Device or resource busy
Caught signal 15:  Attempting to exit gracefully...
--> Terminating on signal 15
--> pppd: å[7f]
--> Connect time 10.1 minutes.
--> pppd: å[7f]
--> pppd: å[7f]
--> pppd: å[7f]
--> Disconnecting at Sun Apr 29 16:53:11 2018


-------------- 04/29/18 17:03:01 --------------
--> WvDial: Internet dialer version 1.61
--> Initializing modem.
--> Sending: ATZ
ATZ
OK
--> Sending: ATQ0 V1 E1 S0=0 &C1 &D2 +FCLASS=0
ATQ0 V1 E1 S0=0 &C1 &D2 +FCLASS=0
OK
--> Sending: AT+CSQ
AT+CSQ
+CSQ: 23,99
OK
--> Modem initialized.
--> Sending: ATDT*99***3#
--> Waiting for carrier.
ATDT*99***3#
CONNECT EDGE
--> Carrier detected.  Starting PPP immediately.
--> Starting pppd at Sun Apr 29 17:03:06 2018
--> Pid of pppd: 7803
--> Using interface ppp0
--> pppd: $[7f]
--> pppd: $[7f]
--> pppd: $[7f]
--> pppd: $[7f]
--> pppd: $[7f]
--> local  IP address 100.77.72.214
--> pppd: $[7f]
--> remote IP address 10.64.64.64
--> pppd: $[7f]
--> primary   DNS address 198.224.138.129
--> pppd: $[7f]
--> secondary DNS address 198.224.137.129
--> pppd: $[7f]


-------------- 04/29/18 17:13:01 --------------
--> WvDial: Internet dialer version 1.61
--> Cannot open /dev/ttyUSB0: Device or resource busy
--> Cannot open /dev/ttyUSB0: Device or resource busy
--> Cannot open /dev/ttyUSB0: Device or resource busy
Caught signal 15:  Attempting to exit gracefully...
--> Terminating on signal 15
--> pppd: $[7f]
--> Connect time 10.1 minutes.
--> pppd: $[7f]
--> pppd: $[7f]
--> pppd: $[7f]
--> Disconnecting at Sun Apr 29 17:13:10 2018


-------------- 04/29/18 17:23:01 --------------
--> WvDial: Internet dialer version 1.61
--> Initializing modem.
--> Sending: ATZ
ATZ
OK
--> Sending: ATQ0 V1 E1 S0=0 &C1 &D2 +FCLASS=0
ATQ0 V1 E1 S0=0 &C1 &D2 +FCLASS=0
OK
--> Sending: AT+CSQ
AT+CSQ
+CSQ: 23,99
OK
--> Modem initialized.
--> Sending: ATDT*99***3#
--> Waiting for carrier.
ATDT*99***3#
CONNECT EDGE
--> Carrier detected.  Starting PPP immediately.
--> Starting pppd at Sun Apr 29 17:23:06 2018
--> Pid of pppd: 8140
--> Using interface ppp0
--> pppd: º[7f]
--> pppd: º[7f]
--> pppd: º[7f]
--> pppd: º[7f]
--> pppd: º[7f]
--> local  IP address 100.68.214.251
--> pppd: º[7f]
--> remote IP address 10.64.64.64
--> pppd: º[7f]
--> primary   DNS address 198.224.138.129
--> pppd: º[7f]
--> secondary DNS address 198.224.137.129
--> pppd: º[7f]


-------------- 04/29/18 17:33:01 --------------
--> WvDial: Internet dialer version 1.61
--> Cannot open /dev/ttyUSB0: Device or resource busy
--> Cannot open /dev/ttyUSB0: Device or resource busy
--> Cannot open /dev/ttyUSB0: Device or resource busy
Caught signal 15:  Attempting to exit gracefully...
--> Terminating on signal 15
--> pppd: º[7f]
--> Connect time 10.1 minutes.
--> pppd: º[7f]
--> pppd: º[7f]
--> pppd: º[7f]
--> Disconnecting at Sun Apr 29 17:33:10 2018


-------------- 04/29/18 17:43:01 --------------
--> WvDial: Internet dialer version 1.61
--> Initializing modem.
--> Sending: ATZ
ATZ
OK
--> Sending: ATQ0 V1 E1 S0=0 &C1 &D2 +FCLASS=0
ATQ0 V1 E1 S0=0 &C1 &D2 +FCLASS=0
OK
--> Sending: AT+CSQ
AT+CSQ
+CSQ: 23,99
OK
--> Modem initialized.
--> Sending: ATDT*99***3#
--> Waiting for carrier.
ATDT*99***3#
CONNECT EDGE
--> Carrier detected.  Starting PPP immediately.
--> Starting pppd at Sun Apr 29 17:43:06 2018
--> Pid of pppd: 8409
--> Using interface ppp0
--> pppd: [1f][7f]
--> pppd: [1f][7f]
--> pppd: [1f][7f]
--> pppd: [1f][7f]
--> pppd: [1f][7f]
--> local  IP address 100.84.217.187
--> pppd: [1f][7f]
--> remote IP address 10.64.64.64
--> pppd: [1f][7f]
--> primary   DNS address 198.224.138.129
--> pppd: [1f][7f]
--> secondary DNS address 198.224.137.129
--> pppd: [1f][7f]


-------------- 04/29/18 17:53:01 --------------
--> WvDial: Internet dialer version 1.61
--> Cannot open /dev/ttyUSB0: Device or resource busy
--> Cannot open /dev/ttyUSB0: Device or resource busy
--> Cannot open /dev/ttyUSB0: Device or resource busy
Caught signal 15:  Attempting to exit gracefully...
--> Terminating on signal 15
--> pppd: [1f][7f]
--> Connect time 10.1 minutes.
--> pppd: [1f][7f]
--> pppd: [1f][7f]
--> pppd: [1f][7f]
--> Disconnecting at Sun Apr 29 17:53:11 2018


-------------- 04/29/18 18:03:01 --------------
--> WvDial: Internet dialer version 1.61
--> Initializing modem.
--> Sending: ATZ
ATZ
OK
--> Sending: ATQ0 V1 E1 S0=0 &C1 &D2 +FCLASS=0
ATQ0 V1 E1 S0=0 &C1 &D2 +FCLASS=0
OK
--> Sending: AT+CSQ
AT+CSQ
+CSQ: 23,99
OK
--> Modem initialized.
--> Sending: ATDT*99***3#
--> Waiting for carrier.
ATDT*99***3#
CONNECT EDGE
--> Carrier detected.  Starting PPP immediately.
--> Starting pppd at Sun Apr 29 18:03:06 2018
--> Pid of pppd: 8742
--> Using interface ppp0
--> pppd: š[7f]
--> pppd: š[7f]
--> pppd: š[7f]
--> pppd: š[7f]
--> pppd: š[7f]
--> local  IP address 100.104.161.225
--> pppd: š[7f]
--> remote IP address 10.64.64.64
--> pppd: š[7f]
--> primary   DNS address 198.224.138.129
--> pppd: š[7f]
--> secondary DNS address 198.224.137.129
--> pppd: š[7f]


-------------- 04/29/18 18:13:01 --------------
--> WvDial: Internet dialer version 1.61
--> Cannot open /dev/ttyUSB0: Device or resource busy
--> Cannot open /dev/ttyUSB0: Device or resource busy
--> Cannot open /dev/ttyUSB0: Device or resource busy
Caught signal 15:  Attempting to exit gracefully...
--> Terminating on signal 15
--> pppd: š[7f]
--> Connect time 10.1 minutes.
--> pppd: š[7f]
--> pppd: š[7f]
--> pppd: š[7f]
--> Disconnecting at Sun Apr 29 18:13:10 2018


-------------- 04/29/18 18:23:01 --------------
--> WvDial: Internet dialer version 1.61
--> Initializing modem.
--> Sending: ATZ
ATZ
OK
--> Sending: ATQ0 V1 E1 S0=0 &C1 &D2 +FCLASS=0
ATQ0 V1 E1 S0=0 &C1 &D2 +FCLASS=0
OK
--> Sending: AT+CSQ
AT+CSQ
+CSQ: 23,99
OK
--> Modem initialized.
--> Sending: ATDT*99***3#
--> Waiting for carrier.
ATDT*99***3#
CONNECT EDGE
--> Carrier detected.  Starting PPP immediately.
--> Starting pppd at Sun Apr 29 18:23:06 2018
--> Pid of pppd: 9078
--> Using interface ppp0
--> pppd: u[7f]
--> pppd: u[7f]
--> pppd: u[7f]
--> pppd: u[7f]
--> pppd: u[7f]
--> local  IP address 100.67.107.64
--> pppd: u[7f]
--> remote IP address 10.64.64.64
--> pppd: u[7f]
--> primary   DNS address 198.224.138.129
--> pppd: u[7f]
--> secondary DNS address 198.224.137.129
--> pppd: u[7f]


-------------- 04/29/18 18:33:01 --------------
--> WvDial: Internet dialer version 1.61
--> Cannot open /dev/ttyUSB0: Device or resource busy
--> Cannot open /dev/ttyUSB0: Device or resource busy
--> Cannot open /dev/ttyUSB0: Device or resource busy
Caught signal 15:  Attempting to exit gracefully...
--> Terminating on signal 15
--> pppd: u[7f]
--> Connect time 10.1 minutes.
--> pppd: u[7f]
--> pppd: u[7f]
--> pppd: u[7f]
--> Disconnecting at Sun Apr 29 18:33:11 2018


-------------- 04/29/18 18:43:01 --------------
--> WvDial: Internet dialer version 1.61
--> Initializing modem.
--> Sending: ATZ
ATZ
OK
--> Sending: ATQ0 V1 E1 S0=0 &C1 &D2 +FCLASS=0
ATQ0 V1 E1 S0=0 &C1 &D2 +FCLASS=0
OK
--> Sending: AT+CSQ
AT+CSQ
+CSQ: 23,99
OK
--> Modem initialized.
--> Sending: ATDT*99***3#
--> Waiting for carrier.
ATDT*99***3#
CONNECT EDGE
--> Carrier detected.  Starting PPP immediately.
--> Starting pppd at Sun Apr 29 18:43:06 2018
--> Pid of pppd: 9406
--> Using interface ppp0
--> pppd: e[7f]
--> pppd: e[7f]
--> pppd: e[7f]
--> pppd: e[7f]
--> pppd: e[7f]
--> local  IP address 100.83.192.93
--> pppd: e[7f]
--> remote IP address 10.64.64.64
--> pppd: e[7f]
--> primary   DNS address 198.224.138.129
--> pppd: e[7f]
--> secondary DNS address 198.224.137.129
--> pppd: e[7f]


-------------- 04/29/18 18:53:01 --------------
--> WvDial: Internet dialer version 1.61
--> Cannot open /dev/ttyUSB0: Device or resource busy
--> Cannot open /dev/ttyUSB0: Device or resource busy
--> Cannot open /dev/ttyUSB0: Device or resource busy
Caught signal 15:  Attempting to exit gracefully...
--> Terminating on signal 15
--> pppd: e[7f]
--> Connect time 10.1 minutes.
--> pppd: e[7f]
--> pppd: e[7f]
--> pppd: e[7f]
--> Disconnecting at Sun Apr 29 18:53:10 2018


-------------- 04/29/18 19:03:01 --------------
--> WvDial: Internet dialer version 1.61
--> Initializing modem.
--> Sending: ATZ
ATZ
OK
--> Sending: ATQ0 V1 E1 S0=0 &C1 &D2 +FCLASS=0
ATQ0 V1 E1 S0=0 &C1 &D2 +FCLASS=0
OK
--> Sending: AT+CSQ
AT+CSQ
+CSQ: 23,99
OK
--> Modem initialized.
--> Sending: ATDT*99***3#
--> Waiting for carrier.
ATDT*99***3#
CONNECT EDGE
--> Carrier detected.  Starting PPP immediately.
--> Starting pppd at Sun Apr 29 19:03:06 2018
--> Pid of pppd: 9740
--> Using interface ppp0
--> pppd: ú[7f]
--> pppd: ú[7f]
--> pppd: ú[7f]
--> pppd: ú[7f]
--> pppd: ú[7f]
--> local  IP address 100.79.213.80
--> pppd: ú[7f]
--> remote IP address 10.64.64.64
--> pppd: ú[7f]
--> primary   DNS address 198.224.138.129
--> pppd: ú[7f]
--> secondary DNS address 198.224.137.129
--> pppd: ú[7f]


-------------- 04/29/18 19:13:01 --------------
--> WvDial: Internet dialer version 1.61
--> Cannot open /dev/ttyUSB0: Device or resource busy
--> Cannot open /dev/ttyUSB0: Device or resource busy
--> Cannot open /dev/ttyUSB0: Device or resource busy
Caught signal 15:  Attempting to exit gracefully...
--> Terminating on signal 15
--> pppd: ú[7f]
--> Connect time 10.1 minutes.
--> pppd: ú[7f]
--> pppd: ú[7f]
--> pppd: ú[7f]
--> Disconnecting at Sun Apr 29 19:13:10 2018


-------------- 04/29/18 19:23:01 --------------
--> WvDial: Internet dialer version 1.61
--> Initializing modem.
--> Sending: ATZ
ATZ
OK
--> Sending: ATQ0 V1 E1 S0=0 &C1 &D2 +FCLASS=0
ATQ0 V1 E1 S0=0 &C1 &D2 +FCLASS=0
OK
--> Sending: AT+CSQ
AT+CSQ
+CSQ: 23,99
OK
--> Modem initialized.
--> Sending: ATDT*99***3#
--> Waiting for carrier.
ATDT*99***3#
CONNECT EDGE
--> Carrier detected.  Starting PPP immediately.
--> Starting pppd at Sun Apr 29 19:23:06 2018
--> Pid of pppd: 10012
--> Using interface ppp0
--> pppd: S[7f]
--> pppd: S[7f]
--> pppd: S[7f]
--> pppd: S[7f]
--> pppd: S[7f]
--> local  IP address 100.84.57.247
--> pppd: S[7f]
--> remote IP address 10.64.64.64
--> pppd: S[7f]
--> primary   DNS address 198.224.138.129
--> pppd: S[7f]
--> secondary DNS address 198.224.137.129
--> pppd: S[7f]


-------------- 04/29/18 19:33:01 --------------
--> WvDial: Internet dialer version 1.61
--> Cannot open /dev/ttyUSB0: Device or resource busy
--> Cannot open /dev/ttyUSB0: Device or resource busy
--> Cannot open /dev/ttyUSB0: Device or resource busy
Caught signal 15:  Attempting to exit gracefully...
--> Terminating on signal 15
--> pppd: S[7f]
--> Connect time 10.1 minutes.
--> pppd: S[7f]
--> pppd: S[7f]
--> pppd: S[7f]
--> Disconnecting at Sun Apr 29 19:33:11 2018


-------------- 04/29/18 19:43:01 --------------
--> WvDial: Internet dialer version 1.61
--> Initializing modem.
--> Sending: ATZ
ATZ
OK
--> Sending: ATQ0 V1 E1 S0=0 &C1 &D2 +FCLASS=0
ATQ0 V1 E1 S0=0 &C1 &D2 +FCLASS=0
OK
--> Sending: AT+CSQ
AT+CSQ
+CSQ: 23,99
OK
--> Modem initialized.
--> Sending: ATDT*99***3#
--> Waiting for carrier.
ATDT*99***3#
CONNECT EDGE
--> Carrier detected.  Starting PPP immediately.
--> Starting pppd at Sun Apr 29 19:43:06 2018
--> Pid of pppd: 10325
--> Using interface ppp0
--> pppd: {[7f]
--> pppd: {[7f]
--> pppd: {[7f]
--> pppd: {[7f]
--> pppd: {[7f]
--> local  IP address 100.88.243.199
--> pppd: {[7f]
--> remote IP address 10.64.64.64
--> pppd: {[7f]
--> primary   DNS address 198.224.138.129
--> pppd: {[7f]
--> secondary DNS address 198.224.137.129
--> pppd: {[7f]


-------------- 04/29/18 19:53:01 --------------
--> WvDial: Internet dialer version 1.61
--> Cannot open /dev/ttyUSB0: Device or resource busy
--> Cannot open /dev/ttyUSB0: Device or resource busy
--> Cannot open /dev/ttyUSB0: Device or resource busy
Caught signal 15:  Attempting to exit gracefully...
--> Terminating on signal 15
--> pppd: {[7f]
--> Connect time 10.1 minutes.
--> pppd: {[7f]
--> pppd: {[7f]
--> pppd: {[7f]
--> Disconnecting at Sun Apr 29 19:53:11 2018


-------------- 04/29/18 20:03:01 --------------
--> WvDial: Internet dialer version 1.61
--> Initializing modem.
--> Sending: ATZ
ATZ
OK
--> Sending: ATQ0 V1 E1 S0=0 &C1 &D2 +FCLASS=0
ATQ0 V1 E1 S0=0 &C1 &D2 +FCLASS=0
OK
--> Sending: AT+CSQ
AT+CSQ
+CSQ: 23,99
OK
--> Modem initialized.
--> Sending: ATDT*99***3#
--> Waiting for carrier.
ATDT*99***3#
CONNECT EDGE
--> Carrier detected.  Starting PPP immediately.
--> Starting pppd at Sun Apr 29 20:03:06 2018
--> Pid of pppd: 10591
--> Using interface ppp0
--> pppd: [17][7f]
--> pppd: [17][7f]
--> pppd: [17][7f]
--> pppd: [17][7f]
--> pppd: [17][7f]
--> local  IP address 100.113.34.254
--> pppd: [17][7f]
--> remote IP address 10.64.64.64
--> pppd: [17][7f]
--> primary   DNS address 198.224.138.129
--> pppd: [17][7f]
--> secondary DNS address 198.224.137.129
--> pppd: [17][7f]


-------------- 04/29/18 20:13:01 --------------
--> WvDial: Internet dialer version 1.61
--> Cannot open /dev/ttyUSB0: Device or resource busy
--> Cannot open /dev/ttyUSB0: Device or resource busy
--> Cannot open /dev/ttyUSB0: Device or resource busy
Caught signal 15:  Attempting to exit gracefully...
--> Terminating on signal 15
--> pppd: [17][7f]
--> Connect time 10.1 minutes.
--> pppd: [17][7f]
--> pppd: [17][7f]
--> pppd: [17][7f]
--> Disconnecting at Sun Apr 29 20:13:10 2018


-------------- 04/29/18 20:23:01 --------------
--> WvDial: Internet dialer version 1.61
--> Initializing modem.
--> Sending: ATZ
ATZ
OK
--> Sending: ATQ0 V1 E1 S0=0 &C1 &D2 +FCLASS=0
ATQ0 V1 E1 S0=0 &C1 &D2 +FCLASS=0
OK
--> Sending: AT+CSQ
AT+CSQ
+CSQ: 23,99
OK
--> Modem initialized.
--> Sending: ATDT*99***3#
--> Waiting for carrier.
ATDT*99***3#
CONNECT EDGE
--> Carrier detected.  Starting PPP immediately.
--> Starting pppd at Sun Apr 29 20:23:06 2018
--> Pid of pppd: 10932
--> Using interface ppp0
--> pppd: [02][7f]
--> pppd: [02][7f]
--> pppd: [02][7f]
--> pppd: [02][7f]
--> pppd: [02][7f]
--> local  IP address 100.113.160.246
--> pppd: [02][7f]
--> remote IP address 10.64.64.64
--> pppd: [02][7f]
--> primary   DNS address 198.224.138.129
--> pppd: [02][7f]
--> secondary DNS address 198.224.137.129
--> pppd: [02][7f]


-------------- 04/29/18 20:33:01 --------------
--> WvDial: Internet dialer version 1.61
--> Cannot open /dev/ttyUSB0: Device or resource busy
--> Cannot open /dev/ttyUSB0: Device or resource busy
--> Cannot open /dev/ttyUSB0: Device or resource busy
Caught signal 15:  Attempting to exit gracefully...
--> Terminating on signal 15
--> pppd: [02][7f]
--> Connect time 10.1 minutes.
--> pppd: [02][7f]
--> pppd: [02][7f]
--> pppd: [02][7f]
--> Disconnecting at Sun Apr 29 20:33:11 2018


-------------- 04/29/18 20:43:01 --------------
--> WvDial: Internet dialer version 1.61
--> Initializing modem.
--> Sending: ATZ
ATZ
OK
--> Sending: ATQ0 V1 E1 S0=0 &C1 &D2 +FCLASS=0
ATQ0 V1 E1 S0=0 &C1 &D2 +FCLASS=0
OK
--> Sending: AT+CSQ
AT+CSQ
+CSQ: 23,99
OK
--> Modem initialized.
--> Sending: ATDT*99***3#
--> Waiting for carrier.
ATDT*99***3#
CONNECT EDGE
--> Carrier detected.  Starting PPP immediately.
--> Starting pppd at Sun Apr 29 20:43:06 2018
--> Pid of pppd: 11169
--> Using interface ppp0
--> pppd: “[7f]
--> pppd: “[7f]
--> pppd: “[7f]
--> pppd: “[7f]
--> pppd: “[7f]
--> local  IP address 100.70.47.29
--> pppd: “[7f]
--> remote IP address 10.64.64.64
--> pppd: “[7f]
--> primary   DNS address 198.224.138.129
--> pppd: “[7f]
--> secondary DNS address 198.224.137.129
--> pppd: “[7f]


-------------- 04/29/18 20:53:01 --------------
--> WvDial: Internet dialer version 1.61
--> Cannot open /dev/ttyUSB0: Device or resource busy
--> Cannot open /dev/ttyUSB0: Device or resource busy
--> Cannot open /dev/ttyUSB0: Device or resource busy
Caught signal 15:  Attempting to exit gracefully...
--> Terminating on signal 15
--> pppd: “[7f]
--> Connect time 10.1 minutes.
--> pppd: “[7f]
--> pppd: “[7f]
--> pppd: “[7f]
--> Disconnecting at Sun Apr 29 20:53:11 2018


-------------- 04/29/18 21:03:01 --------------
--> WvDial: Internet dialer version 1.61
--> Initializing modem.
--> Sending: ATZ
ATZ
OK
--> Sending: ATQ0 V1 E1 S0=0 &C1 &D2 +FCLASS=0
ATQ0 V1 E1 S0=0 &C1 &D2 +FCLASS=0
OK
--> Sending: AT+CSQ
AT+CSQ
+CSQ: 23,99
OK
--> Modem initialized.
--> Sending: ATDT*99***3#
--> Waiting for carrier.
ATDT*99***3#
CONNECT EDGE
--> Carrier detected.  Starting PPP immediately.
--> Starting pppd at Sun Apr 29 21:03:06 2018
--> Pid of pppd: 11470
--> Using interface ppp0
--> pppd: ˜[7f]
--> pppd: ˜[7f]
--> pppd: ˜[7f]
--> pppd: ˜[7f]
--> pppd: ˜[7f]
--> local  IP address 100.66.75.2
--> pppd: ˜[7f]
--> remote IP address 10.64.64.64
--> pppd: ˜[7f]
--> primary   DNS address 198.224.138.129
--> pppd: ˜[7f]
--> secondary DNS address 198.224.137.129
--> pppd: ˜[7f]


-------------- 04/29/18 21:13:01 --------------
--> WvDial: Internet dialer version 1.61
--> Cannot open /dev/ttyUSB0: Device or resource busy
--> Cannot open /dev/ttyUSB0: Device or resource busy
--> Cannot open /dev/ttyUSB0: Device or resource busy
Caught signal 15:  Attempting to exit gracefully...
--> Terminating on signal 15
--> pppd: ˜[7f]
--> Connect time 10.1 minutes.
--> pppd: ˜[7f]
--> pppd: ˜[7f]
--> pppd: ˜[7f]
--> Disconnecting at Sun Apr 29 21:13:10 2018


-------------- 04/29/18 21:23:01 --------------
--> WvDial: Internet dialer version 1.61
--> Initializing modem.
--> Sending: ATZ
ATZ
OK
--> Sending: ATQ0 V1 E1 S0=0 &C1 &D2 +FCLASS=0
ATQ0 V1 E1 S0=0 &C1 &D2 +FCLASS=0
OK
--> Sending: AT+CSQ
AT+CSQ
+CSQ: 23,99
OK
--> Modem initialized.
--> Sending: ATDT*99***3#
--> Waiting for carrier.
ATDT*99***3#
CONNECT EDGE
--> Carrier detected.  Starting PPP immediately.
--> Starting pppd at Sun Apr 29 21:23:06 2018
--> Pid of pppd: 11804
--> Using interface ppp0
--> pppd: ô[7f]
--> pppd: ô[7f]
--> pppd: ô[7f]
--> pppd: ô[7f]
--> pppd: ô[7f]
--> local  IP address 100.119.2.128
--> pppd: ô[7f]
--> remote IP address 10.64.64.64
--> pppd: ô[7f]
--> primary   DNS address 198.224.138.129
--> pppd: ô[7f]
--> secondary DNS address 198.224.137.129
--> pppd: ô[7f]


-------------- 04/29/18 21:33:01 --------------
--> WvDial: Internet dialer version 1.61
--> Cannot open /dev/ttyUSB0: Device or resource busy
--> Cannot open /dev/ttyUSB0: Device or resource busy
--> Cannot open /dev/ttyUSB0: Device or resource busy
Caught signal 15:  Attempting to exit gracefully...
--> Terminating on signal 15
--> pppd: ô[7f]
--> Connect time 10.1 minutes.
--> pppd: ô[7f]
--> pppd: ô[7f]
--> pppd: ô[7f]
--> Disconnecting at Sun Apr 29 21:33:10 2018


-------------- 04/29/18 21:43:01 --------------
--> WvDial: Internet dialer version 1.61
--> Initializing modem.
--> Sending: ATZ
ATZ
OK
--> Sending: ATQ0 V1 E1 S0=0 &C1 &D2 +FCLASS=0
ATQ0 V1 E1 S0=0 &C1 &D2 +FCLASS=0
OK
--> Sending: AT+CSQ
AT+CSQ
+CSQ: 23,99
OK
--> Modem initialized.
--> Sending: ATDT*99***3#
--> Waiting for carrier.
ATDT*99***3#
CONNECT EDGE
--> Carrier detected.  Starting PPP immediately.
--> Starting pppd at Sun Apr 29 21:43:06 2018
--> Pid of pppd: 12071
--> Using interface ppp0
--> pppd: ë[7f]
--> pppd: ë[7f]
--> pppd: ë[7f]
--> pppd: ë[7f]
--> pppd: ë[7f]
--> local  IP address 100.90.22.105
--> pppd: ë[7f]
--> remote IP address 10.64.64.64
--> pppd: ë[7f]
--> primary   DNS address 198.224.138.129
--> pppd: ë[7f]
--> secondary DNS address 198.224.137.129
--> pppd: ë[7f]


-------------- 04/29/18 21:53:01 --------------
--> WvDial: Internet dialer version 1.61
--> Cannot open /dev/ttyUSB0: Device or resource busy
--> Cannot open /dev/ttyUSB0: Device or resource busy
--> Cannot open /dev/ttyUSB0: Device or resource busy
Caught signal 15:  Attempting to exit gracefully...
--> Terminating on signal 15
--> pppd: ë[7f]
--> Connect time 10.1 minutes.
--> pppd: ë[7f]
--> pppd: ë[7f]
--> pppd: ë[7f]
--> Disconnecting at Sun Apr 29 21:53:11 2018


-------------- 04/29/18 22:03:01 --------------
--> WvDial: Internet dialer version 1.61
--> Initializing modem.
--> Sending: ATZ
ATZ
OK
--> Sending: ATQ0 V1 E1 S0=0 &C1 &D2 +FCLASS=0
ATQ0 V1 E1 S0=0 &C1 &D2 +FCLASS=0
OK
--> Sending: AT+CSQ
AT+CSQ
+CSQ: 23,99
OK
--> Modem initialized.
--> Sending: ATDT*99***3#
--> Waiting for carrier.
ATDT*99***3#
CONNECT EDGE
--> Carrier detected.  Starting PPP immediately.
--> Starting pppd at Sun Apr 29 22:03:06 2018
--> Pid of pppd: 12403
--> Using interface ppp0
--> pppd: ª[7f]
--> pppd: ª[7f]
--> pppd: ª[7f]
--> pppd: ª[7f]
--> pppd: ª[7f]
--> local  IP address 100.72.48.155
--> pppd: ª[7f]
--> remote IP address 10.64.64.64
--> pppd: ª[7f]
--> primary   DNS address 198.224.138.129
--> pppd: ª[7f]
--> secondary DNS address 198.224.137.129
--> pppd: ª[7f]


-------------- 04/29/18 22:13:01 --------------
--> WvDial: Internet dialer version 1.61
--> Cannot open /dev/ttyUSB0: Device or resource busy
--> Cannot open /dev/ttyUSB0: Device or resource busy
--> Cannot open /dev/ttyUSB0: Device or resource busy
Caught signal 15:  Attempting to exit gracefully...
--> Terminating on signal 15
--> pppd: ª[7f]
--> Connect time 10.1 minutes.
--> pppd: ª[7f]
--> pppd: ª[7f]
--> pppd: ª[7f]
--> Disconnecting at Sun Apr 29 22:13:10 2018


-------------- 04/29/18 22:23:01 --------------
--> WvDial: Internet dialer version 1.61
--> Initializing modem.
--> Sending: ATZ
ATZ
OK
--> Sending: ATQ0 V1 E1 S0=0 &C1 &D2 +FCLASS=0
ATQ0 V1 E1 S0=0 &C1 &D2 +FCLASS=0
OK
--> Sending: AT+CSQ
AT+CSQ
+CSQ: 23,99
OK
--> Modem initialized.
--> Sending: ATDT*99***3#
--> Waiting for carrier.
ATDT*99***3#
CONNECT EDGE
--> Carrier detected.  Starting PPP immediately.
--> Starting pppd at Sun Apr 29 22:23:06 2018
--> Pid of pppd: 12738
--> Using interface ppp0
--> pppd: é[7f]
--> pppd: é[7f]
--> pppd: é[7f]
--> pppd: é[7f]
--> pppd: é[7f]
--> local  IP address 100.99.86.19
--> pppd: é[7f]
--> remote IP address 10.64.64.64
--> pppd: é[7f]
--> primary   DNS address 198.224.138.129
--> pppd: é[7f]
--> secondary DNS address 198.224.137.129
--> pppd: é[7f]


-------------- 04/29/18 22:33:01 --------------
--> WvDial: Internet dialer version 1.61
--> Cannot open /dev/ttyUSB0: Device or resource busy
--> Cannot open /dev/ttyUSB0: Device or resource busy
--> Cannot open /dev/ttyUSB0: Device or resource busy
Caught signal 15:  Attempting to exit gracefully...
--> Terminating on signal 15
--> pppd: é[7f]
--> Connect time 10.1 minutes.
--> pppd: é[7f]
--> pppd: é[7f]
--> pppd: é[7f]
--> Disconnecting at Sun Apr 29 22:33:10 2018


-------------- 04/29/18 22:43:01 --------------
--> WvDial: Internet dialer version 1.61
--> Initializing modem.
--> Sending: ATZ
ATZ
OK
--> Sending: ATQ0 V1 E1 S0=0 &C1 &D2 +FCLASS=0
ATQ0 V1 E1 S0=0 &C1 &D2 +FCLASS=0
OK
--> Sending: AT+CSQ
AT+CSQ
+CSQ: 23,99
OK
--> Modem initialized.
--> Sending: ATDT*99***3#
--> Waiting for carrier.
ATDT*99***3#
CONNECT EDGE
--> Carrier detected.  Starting PPP immediately.
--> Starting pppd at Sun Apr 29 22:43:06 2018
--> Pid of pppd: 13001
--> Using interface ppp0
--> pppd: ¹[7f]
--> pppd: ¹[7f]
--> pppd: ¹[7f]
--> pppd: ¹[7f]
--> pppd: ¹[7f]
--> local  IP address 100.107.12.157
--> pppd: ¹[7f]
--> remote IP address 10.64.64.64
--> pppd: ¹[7f]
--> primary   DNS address 198.224.138.129
--> pppd: ¹[7f]
--> secondary DNS address 198.224.137.129
--> pppd: ¹[7f]


-------------- 04/29/18 22:53:01 --------------
--> WvDial: Internet dialer version 1.61
--> Cannot open /dev/ttyUSB0: Device or resource busy
--> Cannot open /dev/ttyUSB0: Device or resource busy
--> Cannot open /dev/ttyUSB0: Device or resource busy
Caught signal 15:  Attempting to exit gracefully...
--> Terminating on signal 15
--> pppd: ¹[7f]
--> Connect time 10.1 minutes.
--> pppd: ¹[7f]
--> pppd: ¹[7f]
--> pppd: ¹[7f]
--> Disconnecting at Sun Apr 29 22:53:11 2018


-------------- 04/29/18 23:03:01 --------------
--> WvDial: Internet dialer version 1.61
--> Initializing modem.
--> Sending: ATZ
ATZ
OK
--> Sending: ATQ0 V1 E1 S0=0 &C1 &D2 +FCLASS=0
ATQ0 V1 E1 S0=0 &C1 &D2 +FCLASS=0
OK
--> Sending: AT+CSQ
AT+CSQ
+CSQ: 23,99
OK
--> Modem initialized.
--> Sending: ATDT*99***3#
--> Waiting for carrier.
ATDT*99***3#
CONNECT EDGE
--> Carrier detected.  Starting PPP immediately.
--> Starting pppd at Sun Apr 29 23:03:06 2018
--> Pid of pppd: 13333
--> Using interface ppp0
--> pppd: Â[7f]
--> pppd: Â[7f]
--> pppd: Â[7f]
--> pppd: Â[7f]
--> pppd: Â[7f]
--> local  IP address 100.70.49.106
--> pppd: Â[7f]
--> remote IP address 10.64.64.64
--> pppd: Â[7f]
--> primary   DNS address 198.224.138.129
--> pppd: Â[7f]
--> secondary DNS address 198.224.137.129
--> pppd: Â[7f]


-------------- 04/29/18 23:13:01 --------------
--> WvDial: Internet dialer version 1.61
--> Cannot open /dev/ttyUSB0: Device or resource busy
--> Cannot open /dev/ttyUSB0: Device or resource busy
--> Cannot open /dev/ttyUSB0: Device or resource busy
Caught signal 15:  Attempting to exit gracefully...
--> Terminating on signal 15
--> pppd: Â[7f]
--> Connect time 10.1 minutes.
--> pppd: Â[7f]
--> pppd: Â[7f]
--> pppd: Â[7f]
--> Disconnecting at Sun Apr 29 23:13:11 2018


-------------- 04/29/18 23:23:01 --------------
--> WvDial: Internet dialer version 1.61
--> Initializing modem.
--> Sending: ATZ
ATZ
OK
--> Sending: ATQ0 V1 E1 S0=0 &C1 &D2 +FCLASS=0
ATQ0 V1 E1 S0=0 &C1 &D2 +FCLASS=0
OK
--> Sending: AT+CSQ
AT+CSQ
+CSQ: 23,99
OK
--> Modem initialized.
--> Sending: ATDT*99***3#
--> Waiting for carrier.
ATDT*99***3#
CONNECT EDGE
--> Carrier detected.  Starting PPP immediately.
--> Starting pppd at Sun Apr 29 23:23:06 2018
--> Pid of pppd: 13667
--> Using interface ppp0
--> pppd: B[7f]
--> pppd: B[7f]
--> pppd: B[7f]
--> pppd: B[7f]
--> pppd: B[7f]
--> local  IP address 100.90.176.228
--> pppd: B[7f]
--> remote IP address 10.64.64.64
--> pppd: B[7f]
--> primary   DNS address 198.224.138.129
--> pppd: B[7f]
--> secondary DNS address 198.224.137.129
--> pppd: B[7f]


-------------- 04/29/18 23:33:01 --------------
--> WvDial: Internet dialer version 1.61
--> Cannot open /dev/ttyUSB0: Device or resource busy
--> Cannot open /dev/ttyUSB0: Device or resource busy
--> Cannot open /dev/ttyUSB0: Device or resource busy
Caught signal 15:  Attempting to exit gracefully...
--> Terminating on signal 15
--> pppd: B[7f]
--> Connect time 10.1 minutes.
--> pppd: B[7f]
--> pppd: B[7f]
--> pppd: B[7f]
--> Disconnecting at Sun Apr 29 23:33:10 2018


-------------- 04/29/18 23:43:01 --------------
--> WvDial: Internet dialer version 1.61
--> Initializing modem.
--> Sending: ATZ
ATZ
OK
--> Sending: ATQ0 V1 E1 S0=0 &C1 &D2 +FCLASS=0
ATQ0 V1 E1 S0=0 &C1 &D2 +FCLASS=0
OK
--> Sending: AT+CSQ
AT+CSQ
+CSQ: 23,99
OK
--> Modem initialized.
--> Sending: ATDT*99***3#
--> Waiting for carrier.
ATDT*99***3#
CONNECT EDGE
--> Carrier detected.  Starting PPP immediately.
--> Starting pppd at Sun Apr 29 23:43:06 2018
--> Pid of pppd: 13936
--> Using interface ppp0
--> pppd: î[7f]
--> pppd: î[7f]
--> pppd: î[7f]
--> pppd: î[7f]
--> pppd: î[7f]
--> local  IP address 100.106.251.195
--> pppd: î[7f]
--> remote IP address 10.64.64.64
--> pppd: î[7f]
--> primary   DNS address 198.224.138.129
--> pppd: î[7f]
--> secondary DNS address 198.224.137.129
--> pppd: î[7f]


-------------- 04/29/18 23:53:01 --------------
--> WvDial: Internet dialer version 1.61
--> Cannot open /dev/ttyUSB0: Device or resource busy
--> Cannot open /dev/ttyUSB0: Device or resource busy
--> Cannot open /dev/ttyUSB0: Device or resource busy
Caught signal 15:  Attempting to exit gracefully...
--> Terminating on signal 15
--> pppd: î[7f]
--> Connect time 10.1 minutes.
--> pppd: î[7f]
--> pppd: î[7f]
--> pppd: î[7f]
--> Disconnecting at Sun Apr 29 23:53:11 2018
