

-------------- 05/06/19 12:45:35 --------------


Error in ioctl: No such device
Resetting USB device /dev/bus/usb/001/002


-------------- 05/13/19 13:03:18 --------------


Error opening output file: Is a directory


-------------- 05/13/19 13:47:56 --------------


Error in ioctl: No such device
Resetting USB device /dev/bus/usb/001/004


-------------- 05/13/19 18:05:01 --------------


Error in ioctl: No such device
Resetting USB device /dev/bus/usb/001/011


-------------- 05/14/19 00:05:01 --------------


Error in ioctl: No such device
Resetting USB device /dev/bus/usb/001/020


-------------- 05/14/19 06:05:01 --------------


Error in ioctl: No such device
Resetting USB device /dev/bus/usb/001/032


-------------- 05/14/19 12:05:01 --------------


Error in ioctl: No such device
Resetting USB device /dev/bus/usb/001/042


-------------- 05/14/19 18:05:02 --------------


Error in ioctl: No such device
Resetting USB device /dev/bus/usb/001/051


-------------- 05/15/19 00:05:01 --------------


Error opening output file: Is a directory


-------------- 05/15/19 06:05:01 --------------


Error opening output file: Is a directory


-------------- 05/15/19 12:05:01 --------------


Error opening output file: Is a directory


-------------- 05/15/19 18:05:01 --------------


Error opening output file: Is a directory


-------------- 05/16/19 00:05:01 --------------


Error opening output file: Is a directory


-------------- 05/16/19 06:05:01 --------------


Error opening output file: Is a directory


-------------- 05/16/19 12:05:01 --------------


Error opening output file: Is a directory


-------------- 05/16/19 16:13:50 --------------


Error in ioctl: No such device
Resetting USB device /dev/bus/usb/001/003


-------------- 05/16/19 18:05:01 --------------


Error in ioctl: No such device
Resetting USB device /dev/bus/usb/001/005


-------------- 05/17/19 00:05:01 --------------


Error in ioctl: No such device
Resetting USB device /dev/bus/usb/001/007


-------------- 05/17/19 06:05:01 --------------


Error in ioctl: No such device
Resetting USB device /dev/bus/usb/001/010


-------------- 05/17/19 07:18:33 --------------


Error in ioctl: No such device
Resetting USB device /dev/bus/usb/001/002


-------------- 05/17/19 12:05:01 --------------


Error in ioctl: No such device
Resetting USB device /dev/bus/usb/001/006


-------------- 05/17/19 18:05:01 --------------


Error in ioctl: No such device
Resetting USB device /dev/bus/usb/001/010


-------------- 05/18/19 00:05:01 --------------


Error in ioctl: No such device
Resetting USB device /dev/bus/usb/001/012


-------------- 05/18/19 06:05:01 --------------


Error in ioctl: No such device
Resetting USB device /dev/bus/usb/001/013


-------------- 05/18/19 12:05:01 --------------


Error in ioctl: No such device
Resetting USB device /dev/bus/usb/001/014


-------------- 05/18/19 18:05:01 --------------


Error in ioctl: No such device
Resetting USB device /dev/bus/usb/001/015


-------------- 05/19/19 00:05:01 --------------


Error in ioctl: No such device
Resetting USB device /dev/bus/usb/001/016


-------------- 05/19/19 06:05:01 --------------


Error in ioctl: No such device
Resetting USB device /dev/bus/usb/001/017


-------------- 05/19/19 12:05:01 --------------


Error in ioctl: No such device
Resetting USB device /dev/bus/usb/001/018


-------------- 05/19/19 18:05:01 --------------


Error in ioctl: No such device
Resetting USB device /dev/bus/usb/001/020


-------------- 05/20/19 00:05:01 --------------


Error in ioctl: No such device
Resetting USB device /dev/bus/usb/001/022


-------------- 05/20/19 06:05:01 --------------


Error in ioctl: No such device
Resetting USB device /dev/bus/usb/001/023


-------------- 05/20/19 12:05:01 --------------


Error in ioctl: No such device
Resetting USB device /dev/bus/usb/001/031


-------------- 05/20/19 18:05:01 --------------


Error in ioctl: No such device
Resetting USB device /dev/bus/usb/001/033


-------------- 05/21/19 00:05:01 --------------


Error in ioctl: No such device
Resetting USB device /dev/bus/usb/001/034


-------------- 05/21/19 06:05:01 --------------


Error in ioctl: No such device
Resetting USB device /dev/bus/usb/001/046


#################################################################

############## diana - 11/23/19 12:24:20 EST -0500 ##############

#################################################################


Current status for hub 1-3 [2109:2811 VIA Labs, Inc. USB2.0 Hub, USB 2.10, 4 ports]
  Port 1: 0503 power highspeed enable connect [1410:9031 Novatel Wireless MiFi USB730L 0123456789ABCDEF]
  Port 2: 0100 power
  Port 3: 0100 power
  Port 4: 0100 power
Sent power off request
New status for hub 1-3 [2109:2811 VIA Labs, Inc. USB2.0 Hub, USB 2.10, 4 ports]
  Port 1: 0000 off
  Port 2: 0000 off
  Port 3: 0000 off
  Port 4: 0000 off
Current status for hub 1-3 [2109:2811 VIA Labs, Inc. USB2.0 Hub, USB 2.10, 4 ports]
  Port 1: 0000 off
  Port 2: 0000 off
  Port 3: 0000 off
  Port 4: 0000 off
Sent power on request
New status for hub 1-3 [2109:2811 VIA Labs, Inc. USB2.0 Hub, USB 2.10, 4 ports]
  Port 1: 0101 power connect [1410:9031]
  Port 2: 0100 power
  Port 3: 0100 power
  Port 4: 0100 power


#################################################################

############## diana - 11/24/19 01:55:30 EST -0500 ##############

#################################################################


Current status for hub 1-3 [2109:2811 VIA Labs, Inc. USB2.0 Hub, USB 2.10, 4 ports]
  Port 1: 0503 power highspeed enable connect [1410:9031 Novatel Wireless MiFi USB730L 0123456789ABCDEF]
  Port 2: 0100 power
  Port 3: 0100 power
  Port 4: 0100 power
Sent power off request
New status for hub 1-3 [2109:2811 VIA Labs, Inc. USB2.0 Hub, USB 2.10, 4 ports]
  Port 1: 0000 off
  Port 2: 0000 off
  Port 3: 0000 off
  Port 4: 0000 off
Current status for hub 1-3 [2109:2811 VIA Labs, Inc. USB2.0 Hub, USB 2.10, 4 ports]
  Port 1: 0000 off
  Port 2: 0000 off
  Port 3: 0000 off
  Port 4: 0000 off
Sent power on request
New status for hub 1-3 [2109:2811 VIA Labs, Inc. USB2.0 Hub, USB 2.10, 4 ports]
  Port 1: 0101 power connect [1410:9031]
  Port 2: 0100 power
  Port 3: 0100 power
  Port 4: 0100 power


#################################################################

############## diana - 11/24/19 08:55:29 EST -0500 ##############

#################################################################


Current status for hub 1-3 [2109:2811 VIA Labs, Inc. USB2.0 Hub, USB 2.10, 4 ports]
  Port 1: 0503 power highspeed enable connect [1410:9031 Novatel Wireless MiFi USB730L 0123456789ABCDEF]
  Port 2: 0100 power
  Port 3: 0100 power
  Port 4: 0100 power
Sent power off request
New status for hub 1-3 [2109:2811 VIA Labs, Inc. USB2.0 Hub, USB 2.10, 4 ports]
  Port 1: 0000 off
  Port 2: 0000 off
  Port 3: 0000 off
  Port 4: 0000 off
Current status for hub 1-3 [2109:2811 VIA Labs, Inc. USB2.0 Hub, USB 2.10, 4 ports]
  Port 1: 0000 off
  Port 2: 0000 off
  Port 3: 0000 off
  Port 4: 0000 off
Sent power on request
New status for hub 1-3 [2109:2811 VIA Labs, Inc. USB2.0 Hub, USB 2.10, 4 ports]
  Port 1: 0101 power connect [1410:9031]
  Port 2: 0100 power
  Port 3: 0100 power
  Port 4: 0100 power
