

#################################################################

############## diana - 11/23/19 11:56:51 EST -0500 ##############

#################################################################


rtcwake: time doesn't go backward to Sat Nov 23 13:55:00 2019

rtcwake: assuming RTC uses UTC ...


#################################################################

############## diana - 11/23/19 12:00:51 EST -0500 ##############

#################################################################


rtcwake: time doesn't go backward to Sat Nov 23 13:56:00 2019

rtcwake: assuming RTC uses UTC ...


#################################################################

############## diana - 11/23/19 12:07:17 EST -0500 ##############

#################################################################


rtcwake: assuming RTC uses UTC ...
rtcwake: wakeup from "off" using /dev/rtc0 at Sat Nov 23 17:10:00 2019


#################################################################

############## diana - 11/23/19 12:28:16 EST -0500 ##############

#################################################################


/usr/sbin/rtcwake: option requires an argument -- 't'
Try 'rtcwake --help' for more information.


#################################################################

############## diana - 11/23/19 12:28:49 EST -0500 ##############

#################################################################


rtcwake: assuming RTC uses UTC ...
rtcwake: wakeup from "off" using /dev/rtc0 at Sun Nov 24 06:55:00 2019


#################################################################

############## diana - 11/24/19 02:10:11 EST -0500 ##############

#################################################################


rtcwake: assuming RTC uses UTC ...
rtcwake: wakeup from "off" using /dev/rtc0 at Sun Nov 24 13:55:00 2019


#################################################################

############## diana - 11/24/19 09:15:02 EST -0500 ##############

#################################################################


rtcwake: assuming RTC uses UTC ...
rtcwake: wakeup from "off" using /dev/rtc0 at Mon Nov 25 06:54:59 2019


#################################################################

############## diana - 11/25/19 02:10:18 EST -0500 ##############

#################################################################


rtcwake: assuming RTC uses UTC ...
rtcwake: wakeup from "off" using /dev/rtc0 at Mon Nov 25 13:55:00 2019


#################################################################

############## diana - 11/25/19 09:05:01 EST -0500 ##############

#################################################################


rtcwake: assuming RTC uses UTC ...
rtcwake: wakeup from "off" using /dev/rtc0 at Tue Nov 26 06:55:00 2019
